[ 2017-08-27T07:32:06+08:00 ] 127.0.0.1 /index.php/Home/Index/goods/id/105.html
NOTIC: D方法实例化没找到模型类Admin\Model\GoodsAttrModel
NOTIC: D方法实例化没找到模型类Admin\Model\GoodsPicModel

[ 2017-08-27T07:32:48+08:00 ] 127.0.0.1 /index.php/Home/Index/goods/id/105.html
NOTIC: D方法实例化没找到模型类Admin\Model\GoodsAttrModel
NOTIC: D方法实例化没找到模型类Admin\Model\GoodsPicModel

[ 2017-08-27T07:33:38+08:00 ] 127.0.0.1 /index.php/Home/Index/goods/id/105.html
NOTIC: D方法实例化没找到模型类Admin\Model\GoodsAttrModel
NOTIC: D方法实例化没找到模型类Admin\Model\GoodsPicModel

[ 2017-08-27T07:35:22+08:00 ] 127.0.0.1 /index.php/Home/Index/goods/id/105.html
NOTIC: D方法实例化没找到模型类Admin\Model\GoodsAttrModel
NOTIC: D方法实例化没找到模型类Admin\Model\GoodsPicModel
NOTIC: D方法实例化没找到模型类Admin\Model\MemberPriceModel

[ 2017-08-27T07:35:30+08:00 ] 127.0.0.1 /index.php/Home/Index/goods/id/95.html
NOTIC: D方法实例化没找到模型类Admin\Model\GoodsAttrModel
NOTIC: D方法实例化没找到模型类Admin\Model\GoodsPicModel
NOTIC: D方法实例化没找到模型类Admin\Model\MemberPriceModel

[ 2017-08-27T07:38:08+08:00 ] 127.0.0.1 /index.php/Home/Index/goods/id/95.html
NOTIC: D方法实例化没找到模型类Admin\Model\GoodsAttrModel
NOTIC: D方法实例化没找到模型类Admin\Model\GoodsPicModel
NOTIC: D方法实例化没找到模型类Admin\Model\MemberPriceModel

[ 2017-08-27T07:38:09+08:00 ] 127.0.0.1 /index.php/Home/Index/displayHistory/id/95.html
INFO: [ app_begin ] --START--
NOTIC: [2] fopen(./read_html_cache.lock): failed to open stream: No such file or directory D:\phpStudy\WWW\39shop\ThinkPHP\Library\Behavior\ReadHtmlCacheBehavior.class.php 第 31 行.
NOTIC: [2] flock() expects parameter 1 to be resource, boolean given D:\phpStudy\WWW\39shop\ThinkPHP\Library\Behavior\ReadHtmlCacheBehavior.class.php 第 32 行.
INFO: Run Behavior\ReadHtmlCacheBehavior [ RunTime:0.000766s ]
INFO: [ app_begin ] --END-- [ RunTime:0.001139s ]
SQL: DESCRIBE p39_goods [ RunTime:0.030877s ]
SQL: SELECT `id`,`goods_name`,`sm_logo` FROM `p39_goods` WHERE `id` IN ('95','105') AND `is_on_sale` = '是' ORDER BY FIELD(id,95,105) LIMIT 6   [ RunTime:0.001406s ]
INFO: [ app_end ] --START--
INFO: Run Behavior\ShowPageTraceBehavior [ RunTime:0.001707s ]
INFO: [ app_end ] --END-- [ RunTime:0.001836s ]

[ 2017-08-27T07:38:29+08:00 ] 127.0.0.1 /index.php/Home/Index/goods/id/95.html
NOTIC: D方法实例化没找到模型类Admin\Model\GoodsAttrModel
NOTIC: D方法实例化没找到模型类Admin\Model\GoodsPicModel
NOTIC: D方法实例化没找到模型类Admin\Model\MemberPriceModel

[ 2017-08-27T07:38:30+08:00 ] 127.0.0.1 /index.php/Home/Index/displayHistory/id/95.html
INFO: [ app_begin ] --START--
NOTIC: [2] fopen(./read_html_cache.lock): failed to open stream: No such file or directory D:\phpStudy\WWW\39shop\ThinkPHP\Library\Behavior\ReadHtmlCacheBehavior.class.php 第 31 行.
NOTIC: [2] flock() expects parameter 1 to be resource, boolean given D:\phpStudy\WWW\39shop\ThinkPHP\Library\Behavior\ReadHtmlCacheBehavior.class.php 第 32 行.
INFO: Run Behavior\ReadHtmlCacheBehavior [ RunTime:0.000842s ]
INFO: [ app_begin ] --END-- [ RunTime:0.001293s ]
SQL: DESCRIBE p39_goods [ RunTime:0.036590s ]
SQL: SELECT `id`,`goods_name`,`sm_logo` FROM `p39_goods` WHERE `id` IN ('95','105') AND `is_on_sale` = '是' ORDER BY FIELD(id,95,105) LIMIT 6   [ RunTime:0.000778s ]
INFO: [ app_end ] --START--
INFO: Run Behavior\ShowPageTraceBehavior [ RunTime:0.001490s ]
INFO: [ app_end ] --END-- [ RunTime:0.001643s ]

[ 2017-08-27T07:38:41+08:00 ] 127.0.0.1 /index.php/Home/Index/goods/id/95.html
NOTIC: D方法实例化没找到模型类Admin\Model\GoodsAttrModel
NOTIC: D方法实例化没找到模型类Admin\Model\GoodsPicModel
NOTIC: D方法实例化没找到模型类Admin\Model\MemberPriceModel

[ 2017-08-27T07:38:42+08:00 ] 127.0.0.1 /index.php/Home/Index/displayHistory/id/95.html
INFO: [ app_begin ] --START--
NOTIC: [2] fopen(./read_html_cache.lock): failed to open stream: No such file or directory D:\phpStudy\WWW\39shop\ThinkPHP\Library\Behavior\ReadHtmlCacheBehavior.class.php 第 31 行.
NOTIC: [2] flock() expects parameter 1 to be resource, boolean given D:\phpStudy\WWW\39shop\ThinkPHP\Library\Behavior\ReadHtmlCacheBehavior.class.php 第 32 行.
INFO: Run Behavior\ReadHtmlCacheBehavior [ RunTime:0.000847s ]
INFO: [ app_begin ] --END-- [ RunTime:0.001233s ]
SQL: DESCRIBE p39_goods [ RunTime:0.035700s ]
SQL: SELECT `id`,`goods_name`,`sm_logo` FROM `p39_goods` WHERE `id` IN ('95','105') AND `is_on_sale` = '是' ORDER BY FIELD(id,95,105) LIMIT 6   [ RunTime:0.001157s ]
INFO: [ app_end ] --START--
INFO: Run Behavior\ShowPageTraceBehavior [ RunTime:0.002152s ]
INFO: [ app_end ] --END-- [ RunTime:0.002331s ]

[ 2017-08-27T08:00:26+08:00 ] 127.0.0.1 /index.php/Home/Index/goods/id/95.html
NOTIC: D方法实例化没找到模型类Admin\Model\GoodsAttrModel
NOTIC: D方法实例化没找到模型类Admin\Model\GoodsPicModel
NOTIC: D方法实例化没找到模型类Admin\Model\MemberPriceModel

[ 2017-08-27T08:00:28+08:00 ] 127.0.0.1 /index.php/Home/Index/displayHistory/id/95.html
INFO: [ app_begin ] --START--
NOTIC: [2] fopen(./read_html_cache.lock): failed to open stream: No such file or directory D:\phpStudy\WWW\39shop\ThinkPHP\Library\Behavior\ReadHtmlCacheBehavior.class.php 第 31 行.
NOTIC: [2] flock() expects parameter 1 to be resource, boolean given D:\phpStudy\WWW\39shop\ThinkPHP\Library\Behavior\ReadHtmlCacheBehavior.class.php 第 32 行.
INFO: Run Behavior\ReadHtmlCacheBehavior [ RunTime:0.000717s ]
INFO: [ app_begin ] --END-- [ RunTime:0.001137s ]
SQL: DESCRIBE p39_category [ RunTime:0.020537s ]
SQL: SELECT * FROM `p39_category`  [ RunTime:0.000775s ]
SQL: DESCRIBE p39_goods [ RunTime:0.012634s ]
SQL: SELECT `id`,`goods_name`,`sm_logo` FROM `p39_goods` WHERE `id` IN ('95','105') AND `is_on_sale` = '是' ORDER BY FIELD(id,95,105) LIMIT 6   [ RunTime:0.000635s ]
INFO: [ app_end ] --START--
INFO: Run Behavior\ShowPageTraceBehavior [ RunTime:0.002115s ]
INFO: [ app_end ] --END-- [ RunTime:0.002207s ]

[ 2017-08-27T09:07:06+08:00 ] 127.0.0.1 /index.php/Home/Member/style/login.css
ERR: 非法操作:style

[ 2017-08-27T09:07:06+08:00 ] 127.0.0.1 /index.php/Home/Member/style/login.css
ERR: 非法操作:style

[ 2017-08-27T10:46:46+08:00 ] 127.0.0.1 /index.php/Home/Member/ajaxChkLogin.html
INFO: [ app_begin ] --START--
INFO: Run Behavior\ReadHtmlCacheBehavior [ RunTime:0.001326s ]
INFO: [ app_begin ] --END-- [ RunTime:0.001873s ]
INFO: [ app_end ] --START--
INFO: Run Behavior\ShowPageTraceBehavior [ RunTime:0.001114s ]
INFO: [ app_end ] --END-- [ RunTime:0.001218s ]

[ 2017-08-27T10:47:19+08:00 ] 127.0.0.1 /index.php/Home/Member/ajaxChkLogin.html
INFO: [ app_begin ] --START--
INFO: Run Behavior\ReadHtmlCacheBehavior [ RunTime:0.000714s ]
INFO: [ app_begin ] --END-- [ RunTime:0.001243s ]
INFO: [ app_end ] --START--
INFO: Run Behavior\ShowPageTraceBehavior [ RunTime:0.000844s ]
INFO: [ app_end ] --END-- [ RunTime:0.000910s ]

[ 2017-08-27T10:47:40+08:00 ] 127.0.0.1 /index.php/Home/Member/ajaxChkLogin.html
INFO: [ app_begin ] --START--
INFO: Run Behavior\ReadHtmlCacheBehavior [ RunTime:0.000493s ]
INFO: [ app_begin ] --END-- [ RunTime:0.000826s ]
INFO: [ app_end ] --START--
INFO: Run Behavior\ShowPageTraceBehavior [ RunTime:0.000525s ]
INFO: [ app_end ] --END-- [ RunTime:0.000580s ]

[ 2017-08-27T10:47:46+08:00 ] 127.0.0.1 /index.php/Home/Member/ajaxChkLogin.html
INFO: [ app_begin ] --START--
INFO: Run Behavior\ReadHtmlCacheBehavior [ RunTime:0.000851s ]
INFO: [ app_begin ] --END-- [ RunTime:0.001320s ]
INFO: [ app_end ] --START--
INFO: Run Behavior\ShowPageTraceBehavior [ RunTime:0.000687s ]
INFO: [ app_end ] --END-- [ RunTime:0.000754s ]

[ 2017-08-27T10:48:18+08:00 ] 127.0.0.1 /index.php/Home/Member/ajaxChkLogin.html
INFO: [ app_begin ] --START--
INFO: Run Behavior\ReadHtmlCacheBehavior [ RunTime:0.000595s ]
INFO: [ app_begin ] --END-- [ RunTime:0.000995s ]
INFO: [ app_end ] --START--
INFO: Run Behavior\ShowPageTraceBehavior [ RunTime:0.000475s ]
INFO: [ app_end ] --END-- [ RunTime:0.000522s ]

[ 2017-08-27T10:49:24+08:00 ] 127.0.0.1 /index.php/Home/Member/ajaxChkLogin.html
INFO: [ app_begin ] --START--
INFO: Run Behavior\ReadHtmlCacheBehavior [ RunTime:0.000505s ]
INFO: [ app_begin ] --END-- [ RunTime:0.000973s ]
INFO: [ app_end ] --START--
INFO: Run Behavior\ShowPageTraceBehavior [ RunTime:0.000431s ]
INFO: [ app_end ] --END-- [ RunTime:0.000469s ]

[ 2017-08-27T10:49:28+08:00 ] 127.0.0.1 /index.php/Home/Member/ajaxChkLogin.html
INFO: [ app_begin ] --START--
INFO: Run Behavior\ReadHtmlCacheBehavior [ RunTime:0.000942s ]
INFO: [ app_begin ] --END-- [ RunTime:0.001513s ]
INFO: [ app_end ] --START--
INFO: Run Behavior\ShowPageTraceBehavior [ RunTime:0.000880s ]
INFO: [ app_end ] --END-- [ RunTime:0.000979s ]

[ 2017-08-27T10:52:33+08:00 ] 127.0.0.1 /index.php/Home/Member/ajaxChkLogin.html
INFO: [ app_begin ] --START--
INFO: Run Behavior\ReadHtmlCacheBehavior [ RunTime:0.000673s ]
INFO: [ app_begin ] --END-- [ RunTime:0.001044s ]
INFO: [ app_end ] --START--
INFO: Run Behavior\ShowPageTraceBehavior [ RunTime:0.000776s ]
INFO: [ app_end ] --END-- [ RunTime:0.000845s ]

[ 2017-08-27T10:52:37+08:00 ] 127.0.0.1 /index.php/Home/Member/ajaxChkLogin.html
INFO: [ app_begin ] --START--
INFO: Run Behavior\ReadHtmlCacheBehavior [ RunTime:0.001322s ]
INFO: [ app_begin ] --END-- [ RunTime:0.002620s ]
INFO: [ app_end ] --START--
INFO: Run Behavior\ShowPageTraceBehavior [ RunTime:0.004183s ]
INFO: [ app_end ] --END-- [ RunTime:0.004338s ]

[ 2017-08-27T10:53:14+08:00 ] 127.0.0.1 /index.php/Home/Member/ajaxChkLogin.html
INFO: [ app_begin ] --START--
INFO: Run Behavior\ReadHtmlCacheBehavior [ RunTime:0.000804s ]
INFO: [ app_begin ] --END-- [ RunTime:0.001374s ]
INFO: [ app_end ] --START--
INFO: Run Behavior\ShowPageTraceBehavior [ RunTime:0.002901s ]
INFO: [ app_end ] --END-- [ RunTime:0.003090s ]

[ 2017-08-27T10:54:01+08:00 ] 127.0.0.1 /index.php/Home/Member/ajaxChkLogin.html
INFO: [ app_begin ] --START--
INFO: Run Behavior\ReadHtmlCacheBehavior [ RunTime:0.000742s ]
INFO: [ app_begin ] --END-- [ RunTime:0.001244s ]
INFO: [ app_end ] --START--
INFO: Run Behavior\ShowPageTraceBehavior [ RunTime:0.000817s ]
INFO: [ app_end ] --END-- [ RunTime:0.000910s ]

[ 2017-08-27T10:55:26+08:00 ] 127.0.0.1 /index.php/Home/Member/ajaxChkLogin.html
INFO: [ app_begin ] --START--
INFO: Run Behavior\ReadHtmlCacheBehavior [ RunTime:0.000717s ]
INFO: [ app_begin ] --END-- [ RunTime:0.001123s ]
INFO: [ app_end ] --START--
INFO: Run Behavior\ShowPageTraceBehavior [ RunTime:0.000762s ]
INFO: [ app_end ] --END-- [ RunTime:0.000835s ]

[ 2017-08-27T10:55:31+08:00 ] 127.0.0.1 /index.php/Home/Member/ajaxChkLogin.html
INFO: [ app_begin ] --START--
INFO: Run Behavior\ReadHtmlCacheBehavior [ RunTime:0.000919s ]
INFO: [ app_begin ] --END-- [ RunTime:0.001449s ]
INFO: [ app_end ] --START--
INFO: Run Behavior\ShowPageTraceBehavior [ RunTime:0.000717s ]
INFO: [ app_end ] --END-- [ RunTime:0.000791s ]

[ 2017-08-27T10:55:35+08:00 ] 127.0.0.1 /index.php/Home/Member/ajaxChkLogin.html
INFO: [ app_begin ] --START--
INFO: Run Behavior\ReadHtmlCacheBehavior [ RunTime:0.000633s ]
INFO: [ app_begin ] --END-- [ RunTime:0.000972s ]
INFO: [ app_end ] --START--
INFO: Run Behavior\ShowPageTraceBehavior [ RunTime:0.000520s ]
INFO: [ app_end ] --END-- [ RunTime:0.000566s ]

[ 2017-08-27T10:56:02+08:00 ] 127.0.0.1 /index.php/Home/Member/ajaxChkLogin.html
INFO: [ app_begin ] --START--
INFO: Run Behavior\ReadHtmlCacheBehavior [ RunTime:0.000861s ]
INFO: [ app_begin ] --END-- [ RunTime:0.001230s ]
INFO: [ app_end ] --START--
INFO: Run Behavior\ShowPageTraceBehavior [ RunTime:0.000823s ]
INFO: [ app_end ] --END-- [ RunTime:0.000902s ]

[ 2017-08-27T10:56:11+08:00 ] 127.0.0.1 /index.php/Home/Member/ajaxChkLogin.html
INFO: [ app_begin ] --START--
INFO: Run Behavior\ReadHtmlCacheBehavior [ RunTime:0.003721s ]
INFO: [ app_begin ] --END-- [ RunTime:0.004005s ]
INFO: [ app_end ] --START--
INFO: Run Behavior\ShowPageTraceBehavior [ RunTime:0.000492s ]
INFO: [ app_end ] --END-- [ RunTime:0.000541s ]

[ 2017-08-27T10:56:44+08:00 ] 127.0.0.1 /index.php/Home/Member/ajaxChkLogin.html
INFO: [ app_begin ] --START--
INFO: Run Behavior\ReadHtmlCacheBehavior [ RunTime:0.000795s ]
INFO: [ app_begin ] --END-- [ RunTime:0.001247s ]
INFO: [ app_end ] --START--
INFO: Run Behavior\ShowPageTraceBehavior [ RunTime:0.000928s ]
INFO: [ app_end ] --END-- [ RunTime:0.001006s ]

[ 2017-08-27T10:57:58+08:00 ] 127.0.0.1 /index.php/Home/Member/ajaxChkLogin.html
INFO: [ app_begin ] --START--
INFO: Run Behavior\ReadHtmlCacheBehavior [ RunTime:0.000650s ]
INFO: [ app_begin ] --END-- [ RunTime:0.001052s ]
INFO: [ app_end ] --START--
INFO: Run Behavior\ShowPageTraceBehavior [ RunTime:0.000641s ]
INFO: [ app_end ] --END-- [ RunTime:0.000708s ]

[ 2017-08-27T10:58:02+08:00 ] 127.0.0.1 /index.php/Home/Member/ajaxChkLogin.html
INFO: [ app_begin ] --START--
INFO: Run Behavior\ReadHtmlCacheBehavior [ RunTime:0.000709s ]
INFO: [ app_begin ] --END-- [ RunTime:0.001174s ]
INFO: [ app_end ] --START--
INFO: Run Behavior\ShowPageTraceBehavior [ RunTime:0.000826s ]
INFO: [ app_end ] --END-- [ RunTime:0.000915s ]

[ 2017-08-27T10:58:07+08:00 ] 127.0.0.1 /index.php/Home/Member/ajaxChkLogin.html
INFO: [ app_begin ] --START--
INFO: Run Behavior\ReadHtmlCacheBehavior [ RunTime:0.000785s ]
INFO: [ app_begin ] --END-- [ RunTime:0.001197s ]
INFO: [ app_end ] --START--
INFO: Run Behavior\ShowPageTraceBehavior [ RunTime:0.001723s ]
INFO: [ app_end ] --END-- [ RunTime:0.001808s ]

[ 2017-08-27T11:00:46+08:00 ] 127.0.0.1 /index.php/Home/Member/ajaxChkLogin.html
INFO: [ app_begin ] --START--
INFO: Run Behavior\ReadHtmlCacheBehavior [ RunTime:0.000933s ]
INFO: [ app_begin ] --END-- [ RunTime:0.001421s ]
INFO: [ app_end ] --START--
INFO: Run Behavior\ShowPageTraceBehavior [ RunTime:0.000707s ]
INFO: [ app_end ] --END-- [ RunTime:0.000768s ]

[ 2017-08-27T11:00:48+08:00 ] 127.0.0.1 /index.php/Home/Member/ajaxChkLogin.html
INFO: [ app_begin ] --START--
INFO: Run Behavior\ReadHtmlCacheBehavior [ RunTime:0.003248s ]
INFO: [ app_begin ] --END-- [ RunTime:0.005307s ]
INFO: [ app_end ] --START--
INFO: Run Behavior\ShowPageTraceBehavior [ RunTime:0.000553s ]
INFO: [ app_end ] --END-- [ RunTime:0.000609s ]

[ 2017-08-27T11:00:54+08:00 ] 127.0.0.1 /index.php/Home/Member/ajaxChkLogin.html
INFO: [ app_begin ] --START--
INFO: Run Behavior\ReadHtmlCacheBehavior [ RunTime:0.000696s ]
INFO: [ app_begin ] --END-- [ RunTime:0.001131s ]
INFO: [ app_end ] --START--
INFO: Run Behavior\ShowPageTraceBehavior [ RunTime:0.000624s ]
INFO: [ app_end ] --END-- [ RunTime:0.000674s ]

[ 2017-08-27T11:01:10+08:00 ] 127.0.0.1 /index.php/Home/Member/ajaxChkLogin.html
INFO: [ app_begin ] --START--
INFO: Run Behavior\ReadHtmlCacheBehavior [ RunTime:0.000685s ]
INFO: [ app_begin ] --END-- [ RunTime:0.001144s ]
INFO: [ app_end ] --START--
INFO: Run Behavior\ShowPageTraceBehavior [ RunTime:0.001551s ]
INFO: [ app_end ] --END-- [ RunTime:0.002079s ]

[ 2017-08-27T11:03:21+08:00 ] 127.0.0.1 /index.php/Home/Member/ajaxChkLogin.html
INFO: [ app_begin ] --START--
INFO: Run Behavior\ReadHtmlCacheBehavior [ RunTime:0.000712s ]
INFO: [ app_begin ] --END-- [ RunTime:0.001125s ]
INFO: [ app_end ] --START--
INFO: Run Behavior\ShowPageTraceBehavior [ RunTime:0.000601s ]
INFO: [ app_end ] --END-- [ RunTime:0.000655s ]

[ 2017-08-27T11:05:36+08:00 ] 127.0.0.1 /index.php/Home/Member/ajaxChkLogin.html
INFO: [ app_begin ] --START--
INFO: Run Behavior\ReadHtmlCacheBehavior [ RunTime:0.000631s ]
INFO: [ app_begin ] --END-- [ RunTime:0.000956s ]
INFO: [ app_end ] --START--
INFO: Run Behavior\ShowPageTraceBehavior [ RunTime:0.000736s ]
INFO: [ app_end ] --END-- [ RunTime:0.000793s ]

[ 2017-08-27T11:05:54+08:00 ] 127.0.0.1 /index.php/Home/Member/ajaxChkLogin.html
INFO: [ app_begin ] --START--
INFO: Run Behavior\ReadHtmlCacheBehavior [ RunTime:0.000764s ]
INFO: [ app_begin ] --END-- [ RunTime:0.001361s ]
INFO: [ app_end ] --START--
INFO: Run Behavior\ShowPageTraceBehavior [ RunTime:0.000888s ]
INFO: [ app_end ] --END-- [ RunTime:0.001027s ]

[ 2017-08-27T11:08:22+08:00 ] 127.0.0.1 /index.php/Home/Member/ajaxChkLogin.html
INFO: [ app_begin ] --START--
NOTIC: [2] fopen(./read_html_cache.lock): failed to open stream: No such file or directory D:\phpStudy\WWW\39shop\ThinkPHP\Library\Behavior\ReadHtmlCacheBehavior.class.php 第 31 行.
NOTIC: [2] flock() expects parameter 1 to be resource, boolean given D:\phpStudy\WWW\39shop\ThinkPHP\Library\Behavior\ReadHtmlCacheBehavior.class.php 第 32 行.
INFO: Run Behavior\ReadHtmlCacheBehavior [ RunTime:0.000704s ]
INFO: [ app_begin ] --END-- [ RunTime:0.001019s ]
INFO: [ app_end ] --START--
INFO: Run Behavior\ShowPageTraceBehavior [ RunTime:0.000479s ]
INFO: [ app_end ] --END-- [ RunTime:0.000532s ]

[ 2017-08-27T11:13:24+08:00 ] 127.0.0.1 /index.php/Home/Member/ajaxChkLogin.html
INFO: [ app_begin ] --START--
NOTIC: [2] fopen(./read_html_cache.lock): failed to open stream: No such file or directory D:\phpStudy\WWW\39shop\ThinkPHP\Library\Behavior\ReadHtmlCacheBehavior.class.php 第 31 行.
NOTIC: [2] flock() expects parameter 1 to be resource, boolean given D:\phpStudy\WWW\39shop\ThinkPHP\Library\Behavior\ReadHtmlCacheBehavior.class.php 第 32 行.
INFO: Run Behavior\ReadHtmlCacheBehavior [ RunTime:0.003543s ]
INFO: [ app_begin ] --END-- [ RunTime:0.004778s ]
INFO: [ app_end ] --START--
INFO: Run Behavior\ShowPageTraceBehavior [ RunTime:0.000865s ]
INFO: [ app_end ] --END-- [ RunTime:0.000959s ]

[ 2017-08-27T11:13:45+08:00 ] 127.0.0.1 /index.php/Home/Member/ajaxChkLogin.html
INFO: [ app_begin ] --START--
INFO: Run Behavior\ReadHtmlCacheBehavior [ RunTime:0.000616s ]
INFO: [ app_begin ] --END-- [ RunTime:0.000971s ]
INFO: [ app_end ] --START--
INFO: Run Behavior\ShowPageTraceBehavior [ RunTime:0.000622s ]
INFO: [ app_end ] --END-- [ RunTime:0.000682s ]

[ 2017-08-27T11:14:12+08:00 ] 127.0.0.1 /index.php/Home/Member/ajaxChkLogin.html
INFO: [ app_begin ] --START--
INFO: Run Behavior\ReadHtmlCacheBehavior [ RunTime:0.000779s ]
INFO: [ app_begin ] --END-- [ RunTime:0.001258s ]
INFO: [ app_end ] --START--
INFO: Run Behavior\ShowPageTraceBehavior [ RunTime:0.000567s ]
INFO: [ app_end ] --END-- [ RunTime:0.000629s ]

[ 2017-08-27T11:15:30+08:00 ] 127.0.0.1 /index.php/Home/Member/ajaxChkLogin.html
INFO: [ app_begin ] --START--
INFO: Run Behavior\ReadHtmlCacheBehavior [ RunTime:0.000820s ]
INFO: [ app_begin ] --END-- [ RunTime:0.001284s ]
INFO: [ app_end ] --START--
INFO: Run Behavior\ShowPageTraceBehavior [ RunTime:0.000455s ]
INFO: [ app_end ] --END-- [ RunTime:0.000498s ]

[ 2017-08-27T20:19:53+08:00 ] 127.0.0.1 /index.php/Home/Member/ajaxChkLogin.html
INFO: [ app_begin ] --START--
INFO: Run Behavior\ReadHtmlCacheBehavior [ RunTime:0.004210s ]
INFO: [ app_begin ] --END-- [ RunTime:0.004564s ]
INFO: [ app_end ] --START--
INFO: Run Behavior\ShowPageTraceBehavior [ RunTime:0.000777s ]
INFO: [ app_end ] --END-- [ RunTime:0.000842s ]

[ 2017-08-27T20:19:58+08:00 ] 127.0.0.1 /index.php/Home/Member/ajaxChkLogin.html
INFO: [ app_begin ] --START--
INFO: Run Behavior\ReadHtmlCacheBehavior [ RunTime:0.001080s ]
INFO: [ app_begin ] --END-- [ RunTime:0.001561s ]
INFO: [ app_end ] --START--
INFO: Run Behavior\ShowPageTraceBehavior [ RunTime:0.001496s ]
INFO: [ app_end ] --END-- [ RunTime:0.001577s ]

[ 2017-08-27T20:20:36+08:00 ] 127.0.0.1 /index.php/Home/Member/ajaxChkLogin.html
INFO: [ app_begin ] --START--
INFO: Run Behavior\ReadHtmlCacheBehavior [ RunTime:0.000481s ]
INFO: [ app_begin ] --END-- [ RunTime:0.000843s ]
INFO: [ app_end ] --START--
INFO: Run Behavior\ShowPageTraceBehavior [ RunTime:0.000471s ]
INFO: [ app_end ] --END-- [ RunTime:0.000521s ]

[ 2017-08-27T20:21:12+08:00 ] 127.0.0.1 /index.php/Home/Index/goods/id/105.html
NOTIC: D方法实例化没找到模型类Admin\Model\GoodsAttrModel
NOTIC: D方法实例化没找到模型类Admin\Model\GoodsPicModel
NOTIC: D方法实例化没找到模型类Admin\Model\MemberPriceModel

[ 2017-08-27T20:21:13+08:00 ] 127.0.0.1 /index.php/Home/Index/displayHistory/id/105.html
INFO: [ app_begin ] --START--
INFO: Run Behavior\ReadHtmlCacheBehavior [ RunTime:0.000557s ]
INFO: [ app_begin ] --END-- [ RunTime:0.000851s ]
SQL: DESCRIBE p39_category [ RunTime:0.018400s ]
SQL: SELECT * FROM `p39_category`  [ RunTime:0.000541s ]
SQL: DESCRIBE p39_goods [ RunTime:0.014957s ]
SQL: SELECT `id`,`goods_name`,`sm_logo` FROM `p39_goods` WHERE `id` IN ('105','95') AND `is_on_sale` = '是' ORDER BY FIELD(id,105,95) LIMIT 6   [ RunTime:0.000609s ]
INFO: [ app_end ] --START--
INFO: Run Behavior\ShowPageTraceBehavior [ RunTime:0.000876s ]
INFO: [ app_end ] --END-- [ RunTime:0.001394s ]

[ 2017-08-27T20:21:13+08:00 ] 127.0.0.1 /index.php/Home/Member/ajaxChkLogin.html
INFO: [ app_begin ] --START--
INFO: Run Behavior\ReadHtmlCacheBehavior [ RunTime:0.000840s ]
INFO: [ app_begin ] --END-- [ RunTime:0.001221s ]
INFO: [ app_end ] --START--
INFO: Run Behavior\ShowPageTraceBehavior [ RunTime:0.003219s ]
INFO: [ app_end ] --END-- [ RunTime:0.003475s ]

[ 2017-08-27T20:36:16+08:00 ] 127.0.0.1 /index.php/Home/Member/ajaxChkLogin.html
INFO: [ app_begin ] --START--
INFO: Run Behavior\ReadHtmlCacheBehavior [ RunTime:0.000713s ]
INFO: [ app_begin ] --END-- [ RunTime:0.001177s ]
INFO: [ app_end ] --START--
INFO: Run Behavior\ShowPageTraceBehavior [ RunTime:0.000784s ]
INFO: [ app_end ] --END-- [ RunTime:0.000855s ]

[ 2017-08-27T20:36:26+08:00 ] 127.0.0.1 /index.php/Home/Index/goods/id/105.html
NOTIC: D方法实例化没找到模型类Admin\Model\GoodsAttrModel
NOTIC: D方法实例化没找到模型类Admin\Model\GoodsPicModel
NOTIC: D方法实例化没找到模型类Admin\Model\MemberPriceModel

[ 2017-08-27T20:36:27+08:00 ] 127.0.0.1 /index.php/Home/Index/ajaxGetMemberPrice/goods_id/105.html
INFO: [ app_begin ] --START--
INFO: Run Behavior\ReadHtmlCacheBehavior [ RunTime:0.000687s ]
INFO: [ app_begin ] --END-- [ RunTime:0.001060s ]
SQL: DESCRIBE p39_category [ RunTime:0.007682s ]
SQL: SELECT * FROM `p39_category`  [ RunTime:0.000343s ]
SQL: DESCRIBE p39_goods [ RunTime:0.007064s ]
SQL: DESCRIBE p39_goods [ RunTime:0.005776s ]
SQL: SELECT `shop_price` FROM `p39_goods` WHERE `id` = 105 LIMIT 1   [ RunTime:0.000232s ]
INFO: [ app_end ] --START--
INFO: Run Behavior\ShowPageTraceBehavior [ RunTime:0.000498s ]
INFO: [ app_end ] --END-- [ RunTime:0.000529s ]

[ 2017-08-27T20:36:27+08:00 ] 127.0.0.1 /index.php/Home/Member/ajaxChkLogin.html
INFO: [ app_begin ] --START--
INFO: Run Behavior\ReadHtmlCacheBehavior [ RunTime:0.000656s ]
INFO: [ app_begin ] --END-- [ RunTime:0.001086s ]
INFO: [ app_end ] --START--
INFO: Run Behavior\ShowPageTraceBehavior [ RunTime:0.000635s ]
INFO: [ app_end ] --END-- [ RunTime:0.000687s ]

[ 2017-08-27T20:36:28+08:00 ] 127.0.0.1 /index.php/Home/Index/displayHistory/id/105.html
INFO: [ app_begin ] --START--
INFO: Run Behavior\ReadHtmlCacheBehavior [ RunTime:0.001029s ]
INFO: [ app_begin ] --END-- [ RunTime:0.001758s ]
SQL: DESCRIBE p39_category [ RunTime:0.023963s ]
SQL: SELECT * FROM `p39_category`  [ RunTime:0.000802s ]
SQL: DESCRIBE p39_goods [ RunTime:0.013887s ]
SQL: SELECT `id`,`goods_name`,`sm_logo` FROM `p39_goods` WHERE `id` IN ('105','95') AND `is_on_sale` = '是' ORDER BY FIELD(id,105,95) LIMIT 6   [ RunTime:0.000705s ]
INFO: [ app_end ] --START--
INFO: Run Behavior\ShowPageTraceBehavior [ RunTime:0.001251s ]
INFO: [ app_end ] --END-- [ RunTime:0.001329s ]

[ 2017-08-27T20:38:07+08:00 ] 127.0.0.1 /index.php/Home/Index/goods/id/105.html
NOTIC: D方法实例化没找到模型类Admin\Model\GoodsAttrModel
NOTIC: D方法实例化没找到模型类Admin\Model\GoodsPicModel
NOTIC: D方法实例化没找到模型类Admin\Model\MemberPriceModel

[ 2017-08-27T20:38:09+08:00 ] 127.0.0.1 /index.php/Home/Index/displayHistory/id/105.html
INFO: [ app_begin ] --START--
INFO: Run Behavior\ReadHtmlCacheBehavior [ RunTime:0.000798s ]
INFO: [ app_begin ] --END-- [ RunTime:0.001215s ]
SQL: DESCRIBE p39_category [ RunTime:0.029778s ]
SQL: SELECT * FROM `p39_category`  [ RunTime:0.000685s ]
SQL: DESCRIBE p39_goods [ RunTime:0.014421s ]
SQL: SELECT `id`,`goods_name`,`sm_logo` FROM `p39_goods` WHERE `id` IN ('105','95') AND `is_on_sale` = '是' ORDER BY FIELD(id,105,95) LIMIT 6   [ RunTime:0.000673s ]
INFO: [ app_end ] --START--
INFO: Run Behavior\ShowPageTraceBehavior [ RunTime:0.000720s ]
INFO: [ app_end ] --END-- [ RunTime:0.000769s ]

[ 2017-08-27T20:38:10+08:00 ] 127.0.0.1 /index.php/Home/Index/ajaxGetMemberPrice/goods_id/105.html
INFO: [ app_begin ] --START--
INFO: Run Behavior\ReadHtmlCacheBehavior [ RunTime:0.000709s ]
INFO: [ app_begin ] --END-- [ RunTime:0.001080s ]
SQL: DESCRIBE p39_category [ RunTime:0.027515s ]
SQL: SELECT * FROM `p39_category`  [ RunTime:0.000726s ]
SQL: DESCRIBE p39_goods [ RunTime:0.013030s ]
SQL: DESCRIBE p39_goods [ RunTime:0.012130s ]
SQL: SELECT `shop_price` FROM `p39_goods` WHERE `id` = 105 LIMIT 1   [ RunTime:0.000298s ]
INFO: [ app_end ] --START--
INFO: Run Behavior\ShowPageTraceBehavior [ RunTime:0.000680s ]
INFO: [ app_end ] --END-- [ RunTime:0.000721s ]

[ 2017-08-27T20:38:10+08:00 ] 127.0.0.1 /index.php/Home/Member/ajaxChkLogin.html
INFO: [ app_begin ] --START--
INFO: Run Behavior\ReadHtmlCacheBehavior [ RunTime:0.000644s ]
INFO: [ app_begin ] --END-- [ RunTime:0.001111s ]
INFO: [ app_end ] --START--
INFO: Run Behavior\ShowPageTraceBehavior [ RunTime:0.000827s ]
INFO: [ app_end ] --END-- [ RunTime:0.000907s ]

[ 2017-08-27T20:40:50+08:00 ] 127.0.0.1 /index.php/Home/Index/goods/id/105.html
NOTIC: D方法实例化没找到模型类Admin\Model\GoodsAttrModel
NOTIC: D方法实例化没找到模型类Admin\Model\GoodsPicModel
NOTIC: D方法实例化没找到模型类Admin\Model\MemberPriceModel

[ 2017-08-27T20:40:51+08:00 ] 127.0.0.1 /index.php/Home/Index/ajaxGetMemberPrice/goods_id/105.html
INFO: [ app_begin ] --START--
INFO: Run Behavior\ReadHtmlCacheBehavior [ RunTime:0.000774s ]
INFO: [ app_begin ] --END-- [ RunTime:0.001193s ]
SQL: DESCRIBE p39_category [ RunTime:0.041023s ]
SQL: SELECT * FROM `p39_category`  [ RunTime:0.001151s ]
SQL: DESCRIBE p39_goods [ RunTime:0.020373s ]
SQL: DESCRIBE p39_goods [ RunTime:0.009359s ]
SQL: SELECT `shop_price` FROM `p39_goods` WHERE `id` = 105 LIMIT 1   [ RunTime:0.000305s ]
INFO: [ app_end ] --START--
INFO: Run Behavior\ShowPageTraceBehavior [ RunTime:0.000807s ]
INFO: [ app_end ] --END-- [ RunTime:0.000855s ]

[ 2017-08-27T20:40:51+08:00 ] 127.0.0.1 /index.php/Home/Member/ajaxChkLogin.html
INFO: [ app_begin ] --START--
INFO: Run Behavior\ReadHtmlCacheBehavior [ RunTime:0.000673s ]
INFO: [ app_begin ] --END-- [ RunTime:0.001065s ]
INFO: [ app_end ] --START--
INFO: Run Behavior\ShowPageTraceBehavior [ RunTime:0.000763s ]
INFO: [ app_end ] --END-- [ RunTime:0.000836s ]

[ 2017-08-27T20:40:52+08:00 ] 127.0.0.1 /index.php/Home/Index/displayHistory/id/105.html
INFO: [ app_begin ] --START--
INFO: Run Behavior\ReadHtmlCacheBehavior [ RunTime:0.001062s ]
INFO: [ app_begin ] --END-- [ RunTime:0.001658s ]
SQL: DESCRIBE p39_category [ RunTime:0.022622s ]
SQL: SELECT * FROM `p39_category`  [ RunTime:0.000355s ]
SQL: DESCRIBE p39_goods [ RunTime:0.007262s ]
SQL: SELECT `id`,`goods_name`,`sm_logo` FROM `p39_goods` WHERE `id` IN ('105','95') AND `is_on_sale` = '是' ORDER BY FIELD(id,105,95) LIMIT 6   [ RunTime:0.000390s ]
INFO: [ app_end ] --START--
INFO: Run Behavior\ShowPageTraceBehavior [ RunTime:0.000562s ]
INFO: [ app_end ] --END-- [ RunTime:0.000599s ]

[ 2017-08-27T20:41:12+08:00 ] 127.0.0.1 /index.php/Home/Index/goods/id/105.html
NOTIC: D方法实例化没找到模型类Admin\Model\GoodsAttrModel
NOTIC: D方法实例化没找到模型类Admin\Model\GoodsPicModel
NOTIC: D方法实例化没找到模型类Admin\Model\MemberPriceModel

[ 2017-08-27T20:41:13+08:00 ] 127.0.0.1 /index.php/Home/Index/displayHistory/id/105.html
INFO: [ app_begin ] --START--
INFO: Run Behavior\ReadHtmlCacheBehavior [ RunTime:0.000813s ]
INFO: [ app_begin ] --END-- [ RunTime:0.001172s ]
SQL: DESCRIBE p39_category [ RunTime:0.023854s ]
SQL: SELECT * FROM `p39_category`  [ RunTime:0.000782s ]
SQL: DESCRIBE p39_goods [ RunTime:0.014433s ]
SQL: SELECT `id`,`goods_name`,`sm_logo` FROM `p39_goods` WHERE `id` IN ('105','95') AND `is_on_sale` = '是' ORDER BY FIELD(id,105,95) LIMIT 6   [ RunTime:0.000853s ]
INFO: [ app_end ] --START--
INFO: Run Behavior\ShowPageTraceBehavior [ RunTime:0.000917s ]
INFO: [ app_end ] --END-- [ RunTime:0.000975s ]

[ 2017-08-27T20:41:15+08:00 ] 127.0.0.1 /index.php/Home/Index/ajaxGetMemberPrice/goods_id/105.html
INFO: [ app_begin ] --START--
INFO: Run Behavior\ReadHtmlCacheBehavior [ RunTime:0.000703s ]
INFO: [ app_begin ] --END-- [ RunTime:0.001237s ]
SQL: DESCRIBE p39_category [ RunTime:0.023619s ]
SQL: SELECT * FROM `p39_category`  [ RunTime:0.001274s ]
SQL: DESCRIBE p39_goods [ RunTime:0.010833s ]
SQL: DESCRIBE p39_goods [ RunTime:0.010165s ]
SQL: SELECT `shop_price` FROM `p39_goods` WHERE `id` = 105 LIMIT 1   [ RunTime:0.000400s ]
INFO: [ app_end ] --START--
INFO: Run Behavior\ShowPageTraceBehavior [ RunTime:0.001089s ]
INFO: [ app_end ] --END-- [ RunTime:0.001240s ]

[ 2017-08-27T20:41:15+08:00 ] 127.0.0.1 /index.php/Home/Member/ajaxChkLogin.html
INFO: [ app_begin ] --START--
INFO: Run Behavior\ReadHtmlCacheBehavior [ RunTime:0.000426s ]
INFO: [ app_begin ] --END-- [ RunTime:0.000673s ]
INFO: [ app_end ] --START--
INFO: Run Behavior\ShowPageTraceBehavior [ RunTime:0.000921s ]
INFO: [ app_end ] --END-- [ RunTime:0.001005s ]

[ 2017-08-27T20:42:03+08:00 ] 127.0.0.1 /index.php/Home/Index/goods/id/105.html
NOTIC: D方法实例化没找到模型类Admin\Model\GoodsAttrModel
NOTIC: D方法实例化没找到模型类Admin\Model\GoodsPicModel
NOTIC: D方法实例化没找到模型类Admin\Model\MemberPriceModel

[ 2017-08-27T20:42:05+08:00 ] 127.0.0.1 /index.php/Home/Index/displayHistory/id/105.html
INFO: [ app_begin ] --START--
INFO: Run Behavior\ReadHtmlCacheBehavior [ RunTime:0.000771s ]
INFO: [ app_begin ] --END-- [ RunTime:0.001204s ]
SQL: DESCRIBE p39_category [ RunTime:0.041839s ]
SQL: SELECT * FROM `p39_category`  [ RunTime:0.001380s ]
SQL: DESCRIBE p39_goods [ RunTime:0.018882s ]
SQL: SELECT `id`,`goods_name`,`sm_logo` FROM `p39_goods` WHERE `id` IN ('105','95') AND `is_on_sale` = '是' ORDER BY FIELD(id,105,95) LIMIT 6   [ RunTime:0.000809s ]
INFO: [ app_end ] --START--
INFO: Run Behavior\ShowPageTraceBehavior [ RunTime:0.001385s ]
INFO: [ app_end ] --END-- [ RunTime:0.001476s ]

[ 2017-08-27T20:42:05+08:00 ] 127.0.0.1 /index.php/Home/Member/ajaxChkLogin.html
INFO: [ app_begin ] --START--
INFO: Run Behavior\ReadHtmlCacheBehavior [ RunTime:0.001290s ]
INFO: [ app_begin ] --END-- [ RunTime:0.001728s ]
INFO: [ app_end ] --START--
INFO: Run Behavior\ShowPageTraceBehavior [ RunTime:0.001484s ]
INFO: [ app_end ] --END-- [ RunTime:0.001625s ]

[ 2017-08-27T20:42:06+08:00 ] 127.0.0.1 /index.php/Home/Index/ajaxGetMemberPrice/goods_id/105.html
INFO: [ app_begin ] --START--
INFO: Run Behavior\ReadHtmlCacheBehavior [ RunTime:0.000628s ]
INFO: [ app_begin ] --END-- [ RunTime:0.001002s ]
SQL: DESCRIBE p39_category [ RunTime:0.025138s ]
SQL: SELECT * FROM `p39_category`  [ RunTime:0.001308s ]
SQL: DESCRIBE p39_goods [ RunTime:0.016091s ]
SQL: DESCRIBE p39_goods [ RunTime:0.014507s ]
SQL: SELECT `shop_price` FROM `p39_goods` WHERE `id` = 105 LIMIT 1   [ RunTime:0.000561s ]
INFO: [ app_end ] --START--
INFO: Run Behavior\ShowPageTraceBehavior [ RunTime:0.000812s ]
INFO: [ app_end ] --END-- [ RunTime:0.000888s ]

[ 2017-08-27T20:53:55+08:00 ] 127.0.0.1 /index.php/Home/Member/logout.html
ERR: 非法操作:logout

[ 2017-08-27T20:56:49+08:00 ] 127.0.0.1 /index.php/Home/Index/displayHistory/id/105.html
INFO: [ app_begin ] --START--
INFO: Run Behavior\ReadHtmlCacheBehavior [ RunTime:0.000818s ]
INFO: [ app_begin ] --END-- [ RunTime:0.001332s ]
SQL: DESCRIBE p39_category [ RunTime:0.005997s ]
SQL: SELECT * FROM `p39_category`  [ RunTime:0.000396s ]
SQL: DESCRIBE p39_goods [ RunTime:0.010048s ]
SQL: SELECT `id`,`goods_name`,`sm_logo` FROM `p39_goods` WHERE `id` IN ('105','95') AND `is_on_sale` = '是' ORDER BY FIELD(id,105,95) LIMIT 6   [ RunTime:0.000489s ]
INFO: [ app_end ] --START--
INFO: Run Behavior\ShowPageTraceBehavior [ RunTime:0.000700s ]
INFO: [ app_end ] --END-- [ RunTime:0.000745s ]

[ 2017-08-27T20:56:49+08:00 ] 127.0.0.1 /index.php/Home/Member/ajaxChkLogin.html
INFO: [ app_begin ] --START--
INFO: Run Behavior\ReadHtmlCacheBehavior [ RunTime:0.000804s ]
INFO: [ app_begin ] --END-- [ RunTime:0.001275s ]
INFO: [ app_end ] --START--
INFO: Run Behavior\ShowPageTraceBehavior [ RunTime:0.000683s ]
INFO: [ app_end ] --END-- [ RunTime:0.000738s ]

[ 2017-08-27T20:56:50+08:00 ] 127.0.0.1 /index.php/Home/Index/ajaxGetMemberPrice/goods_id/105.html
INFO: [ app_begin ] --START--
INFO: Run Behavior\ReadHtmlCacheBehavior [ RunTime:0.000648s ]
INFO: [ app_begin ] --END-- [ RunTime:0.001041s ]
SQL: DESCRIBE p39_category [ RunTime:0.026366s ]
SQL: SELECT * FROM `p39_category`  [ RunTime:0.000622s ]
SQL: DESCRIBE p39_goods [ RunTime:0.007109s ]
NOTIC: [8] Array to string conversion D:\phpStudy\WWW\39shop\ThinkPHP\Library\Think\Model.class.php 第 594 行.
ERR: 错误的查询条件:[promote_srart_date=>Array]

[ 2017-08-27T20:56:52+08:00 ] 127.0.0.1 /index.php/Home/Member/ajaxChkLogin.html
INFO: [ app_begin ] --START--
INFO: Run Behavior\ReadHtmlCacheBehavior [ RunTime:0.000617s ]
INFO: [ app_begin ] --END-- [ RunTime:0.001002s ]
INFO: [ app_end ] --START--
INFO: Run Behavior\ShowPageTraceBehavior [ RunTime:0.000612s ]
INFO: [ app_end ] --END-- [ RunTime:0.000734s ]

[ 2017-08-27T20:56:59+08:00 ] 127.0.0.1 /index.php/Home/Index/goods/id/105.html
NOTIC: D方法实例化没找到模型类Admin\Model\GoodsAttrModel
NOTIC: D方法实例化没找到模型类Admin\Model\GoodsPicModel
NOTIC: D方法实例化没找到模型类Admin\Model\MemberPriceModel

[ 2017-08-27T20:57:00+08:00 ] 127.0.0.1 /index.php/Home/Index/ajaxGetMemberPrice/goods_id/105.html
INFO: [ app_begin ] --START--
INFO: Run Behavior\ReadHtmlCacheBehavior [ RunTime:0.000733s ]
INFO: [ app_begin ] --END-- [ RunTime:0.001069s ]
SQL: DESCRIBE p39_category [ RunTime:0.035314s ]
SQL: SELECT * FROM `p39_category`  [ RunTime:0.001082s ]
SQL: DESCRIBE p39_goods [ RunTime:0.012129s ]
NOTIC: [8] Array to string conversion D:\phpStudy\WWW\39shop\ThinkPHP\Library\Think\Model.class.php 第 594 行.
ERR: 错误的查询条件:[promote_srart_date=>Array]

[ 2017-08-27T20:57:00+08:00 ] 127.0.0.1 /index.php/Home/Member/ajaxChkLogin.html
INFO: [ app_begin ] --START--
INFO: Run Behavior\ReadHtmlCacheBehavior [ RunTime:0.000706s ]
INFO: [ app_begin ] --END-- [ RunTime:0.001129s ]
INFO: [ app_end ] --START--
INFO: Run Behavior\ShowPageTraceBehavior [ RunTime:0.000668s ]
INFO: [ app_end ] --END-- [ RunTime:0.000724s ]

[ 2017-08-27T20:57:02+08:00 ] 127.0.0.1 /index.php/Home/Index/displayHistory/id/105.html
INFO: [ app_begin ] --START--
INFO: Run Behavior\ReadHtmlCacheBehavior [ RunTime:0.001690s ]
INFO: [ app_begin ] --END-- [ RunTime:0.002403s ]
SQL: DESCRIBE p39_category [ RunTime:0.014470s ]
SQL: SELECT * FROM `p39_category`  [ RunTime:0.001098s ]
SQL: DESCRIBE p39_goods [ RunTime:0.017521s ]
SQL: SELECT `id`,`goods_name`,`sm_logo` FROM `p39_goods` WHERE `id` IN ('105','95') AND `is_on_sale` = '是' ORDER BY FIELD(id,105,95) LIMIT 6   [ RunTime:0.001659s ]
INFO: [ app_end ] --START--
INFO: Run Behavior\ShowPageTraceBehavior [ RunTime:0.001766s ]
INFO: [ app_end ] --END-- [ RunTime:0.001888s ]

[ 2017-08-27T20:57:58+08:00 ] 127.0.0.1 /index.php/Home/Index/goods/id/105.html
NOTIC: D方法实例化没找到模型类Admin\Model\GoodsAttrModel
NOTIC: D方法实例化没找到模型类Admin\Model\GoodsPicModel
NOTIC: D方法实例化没找到模型类Admin\Model\MemberPriceModel

[ 2017-08-27T20:57:59+08:00 ] 127.0.0.1 /index.php/Home/Index/displayHistory/id/105.html
INFO: [ app_begin ] --START--
INFO: Run Behavior\ReadHtmlCacheBehavior [ RunTime:0.000637s ]
INFO: [ app_begin ] --END-- [ RunTime:0.001006s ]
SQL: DESCRIBE p39_category [ RunTime:0.017683s ]
SQL: SELECT * FROM `p39_category`  [ RunTime:0.000730s ]
SQL: DESCRIBE p39_goods [ RunTime:0.019482s ]
SQL: SELECT `id`,`goods_name`,`sm_logo` FROM `p39_goods` WHERE `id` IN ('105','95') AND `is_on_sale` = '是' ORDER BY FIELD(id,105,95) LIMIT 6   [ RunTime:0.001194s ]
INFO: [ app_end ] --START--
INFO: Run Behavior\ShowPageTraceBehavior [ RunTime:0.001313s ]
INFO: [ app_end ] --END-- [ RunTime:0.001434s ]

[ 2017-08-27T20:57:59+08:00 ] 127.0.0.1 /index.php/Home/Member/ajaxChkLogin.html
INFO: [ app_begin ] --START--
INFO: Run Behavior\ReadHtmlCacheBehavior [ RunTime:0.000835s ]
INFO: [ app_begin ] --END-- [ RunTime:0.001282s ]
INFO: [ app_end ] --START--
INFO: Run Behavior\ShowPageTraceBehavior [ RunTime:0.000756s ]
INFO: [ app_end ] --END-- [ RunTime:0.000830s ]

[ 2017-08-27T20:58:01+08:00 ] 127.0.0.1 /index.php/Home/Index/ajaxGetMemberPrice/goods_id/105.html
INFO: [ app_begin ] --START--
INFO: Run Behavior\ReadHtmlCacheBehavior [ RunTime:0.000639s ]
INFO: [ app_begin ] --END-- [ RunTime:0.001019s ]
SQL: DESCRIBE p39_category [ RunTime:0.026606s ]
SQL: SELECT * FROM `p39_category`  [ RunTime:0.000442s ]
SQL: DESCRIBE p39_goods [ RunTime:0.010305s ]
NOTIC: [8] Array to string conversion D:\phpStudy\WWW\39shop\ThinkPHP\Library\Think\Model.class.php 第 594 行.
ERR: 错误的查询条件:[promote_srart_date=>Array]

[ 2017-08-27T21:01:52+08:00 ] 127.0.0.1 /index.php/Home/Index/goods/id/105.html
NOTIC: D方法实例化没找到模型类Admin\Model\GoodsAttrModel
NOTIC: D方法实例化没找到模型类Admin\Model\GoodsPicModel
NOTIC: D方法实例化没找到模型类Admin\Model\MemberPriceModel

[ 2017-08-27T21:01:54+08:00 ] 127.0.0.1 /index.php/Home/Index/ajaxGetMemberPrice/goods_id/105.html
INFO: [ app_begin ] --START--
INFO: Run Behavior\ReadHtmlCacheBehavior [ RunTime:0.000788s ]
INFO: [ app_begin ] --END-- [ RunTime:0.001186s ]
SQL: DESCRIBE p39_category [ RunTime:0.006808s ]
SQL: SELECT * FROM `p39_category`  [ RunTime:0.000351s ]
SQL: DESCRIBE p39_goods [ RunTime:0.009621s ]
NOTIC: [8] Array to string conversion D:\phpStudy\WWW\39shop\ThinkPHP\Library\Think\Model.class.php 第 594 行.
ERR: 错误的查询条件:[promote_srart_date=>Array]

[ 2017-08-27T21:01:55+08:00 ] 127.0.0.1 /index.php/Home/Index/displayHistory/id/105.html
INFO: [ app_begin ] --START--
INFO: Run Behavior\ReadHtmlCacheBehavior [ RunTime:0.000825s ]
INFO: [ app_begin ] --END-- [ RunTime:0.001584s ]
SQL: DESCRIBE p39_category [ RunTime:0.010165s ]
SQL: SELECT * FROM `p39_category`  [ RunTime:0.000728s ]
SQL: DESCRIBE p39_goods [ RunTime:0.008406s ]
SQL: SELECT `id`,`goods_name`,`sm_logo` FROM `p39_goods` WHERE `id` IN ('105','95') AND `is_on_sale` = '是' ORDER BY FIELD(id,105,95) LIMIT 6   [ RunTime:0.000533s ]
INFO: [ app_end ] --START--
INFO: Run Behavior\ShowPageTraceBehavior [ RunTime:0.000925s ]
INFO: [ app_end ] --END-- [ RunTime:0.001001s ]

[ 2017-08-27T21:01:55+08:00 ] 127.0.0.1 /index.php/Home/Member/ajaxChkLogin.html
INFO: [ app_begin ] --START--
INFO: Run Behavior\ReadHtmlCacheBehavior [ RunTime:0.002731s ]
INFO: [ app_begin ] --END-- [ RunTime:0.003446s ]
INFO: [ app_end ] --START--
INFO: Run Behavior\ShowPageTraceBehavior [ RunTime:0.001137s ]
INFO: [ app_end ] --END-- [ RunTime:0.001236s ]

[ 2017-08-27T21:02:20+08:00 ] 127.0.0.1 /index.php/Home/Index/goods/id/105.html
NOTIC: D方法实例化没找到模型类Admin\Model\GoodsAttrModel
NOTIC: D方法实例化没找到模型类Admin\Model\GoodsPicModel
NOTIC: D方法实例化没找到模型类Admin\Model\MemberPriceModel

[ 2017-08-27T21:02:21+08:00 ] 127.0.0.1 /index.php/Home/Index/displayHistory/id/105.html
INFO: [ app_begin ] --START--
INFO: Run Behavior\ReadHtmlCacheBehavior [ RunTime:0.000810s ]
INFO: [ app_begin ] --END-- [ RunTime:0.001208s ]
SQL: DESCRIBE p39_category [ RunTime:0.009786s ]
SQL: SELECT * FROM `p39_category`  [ RunTime:0.000454s ]
SQL: DESCRIBE p39_goods [ RunTime:0.009994s ]
SQL: SELECT `id`,`goods_name`,`sm_logo` FROM `p39_goods` WHERE `id` IN ('105','95') AND `is_on_sale` = '是' ORDER BY FIELD(id,105,95) LIMIT 6   [ RunTime:0.000390s ]
INFO: [ app_end ] --START--
INFO: Run Behavior\ShowPageTraceBehavior [ RunTime:0.000552s ]
INFO: [ app_end ] --END-- [ RunTime:0.000588s ]

[ 2017-08-27T21:02:22+08:00 ] 127.0.0.1 /index.php/Home/Index/ajaxGetMemberPrice/goods_id/105.html
INFO: [ app_begin ] --START--
INFO: Run Behavior\ReadHtmlCacheBehavior [ RunTime:0.000731s ]
INFO: [ app_begin ] --END-- [ RunTime:0.001192s ]
SQL: DESCRIBE p39_category [ RunTime:0.008983s ]
SQL: SELECT * FROM `p39_category`  [ RunTime:0.000668s ]
SQL: DESCRIBE p39_goods [ RunTime:0.007800s ]
NOTIC: [8] Array to string conversion D:\phpStudy\WWW\39shop\ThinkPHP\Library\Think\Model.class.php 第 594 行.
ERR: 错误的查询条件:[goods_id=>Array]

[ 2017-08-27T21:02:22+08:00 ] 127.0.0.1 /index.php/Home/Member/ajaxChkLogin.html
INFO: [ app_begin ] --START--
INFO: Run Behavior\ReadHtmlCacheBehavior [ RunTime:0.000616s ]
INFO: [ app_begin ] --END-- [ RunTime:0.000984s ]
INFO: [ app_end ] --START--
INFO: Run Behavior\ShowPageTraceBehavior [ RunTime:0.002362s ]
INFO: [ app_end ] --END-- [ RunTime:0.002512s ]

[ 2017-08-27T21:02:28+08:00 ] 127.0.0.1 /index.php/Home/Member/ajaxChkLogin.html
INFO: [ app_begin ] --START--
INFO: Run Behavior\ReadHtmlCacheBehavior [ RunTime:0.000748s ]
INFO: [ app_begin ] --END-- [ RunTime:0.001202s ]
INFO: [ app_end ] --START--
INFO: Run Behavior\ShowPageTraceBehavior [ RunTime:0.000743s ]
INFO: [ app_end ] --END-- [ RunTime:0.000821s ]

[ 2017-08-27T21:02:37+08:00 ] 127.0.0.1 /index.php/Home/Member/ajaxChkLogin.html
INFO: [ app_begin ] --START--
INFO: Run Behavior\ReadHtmlCacheBehavior [ RunTime:0.001486s ]
INFO: [ app_begin ] --END-- [ RunTime:0.002114s ]
INFO: [ app_end ] --START--
INFO: Run Behavior\ShowPageTraceBehavior [ RunTime:0.000704s ]
INFO: [ app_end ] --END-- [ RunTime:0.000786s ]

[ 2017-08-27T21:02:40+08:00 ] 127.0.0.1 /index.php/Home/Index/goods/id/105.html
NOTIC: D方法实例化没找到模型类Admin\Model\GoodsAttrModel
NOTIC: D方法实例化没找到模型类Admin\Model\GoodsPicModel
NOTIC: D方法实例化没找到模型类Admin\Model\MemberPriceModel

[ 2017-08-27T21:02:40+08:00 ] 127.0.0.1 /index.php/Home/Member/ajaxChkLogin.html
INFO: [ app_begin ] --START--
INFO: Run Behavior\ReadHtmlCacheBehavior [ RunTime:0.000750s ]
INFO: [ app_begin ] --END-- [ RunTime:0.001129s ]
INFO: [ app_end ] --START--
INFO: Run Behavior\ShowPageTraceBehavior [ RunTime:0.000661s ]
INFO: [ app_end ] --END-- [ RunTime:0.000739s ]

[ 2017-08-27T21:02:41+08:00 ] 127.0.0.1 /index.php/Home/Index/ajaxGetMemberPrice/goods_id/105.html
INFO: [ app_begin ] --START--
INFO: Run Behavior\ReadHtmlCacheBehavior [ RunTime:0.000654s ]
INFO: [ app_begin ] --END-- [ RunTime:0.001069s ]
SQL: DESCRIBE p39_category [ RunTime:0.026310s ]
SQL: SELECT * FROM `p39_category`  [ RunTime:0.001970s ]
SQL: DESCRIBE p39_goods [ RunTime:0.038691s ]
NOTIC: [8] Array to string conversion D:\phpStudy\WWW\39shop\ThinkPHP\Library\Think\Model.class.php 第 594 行.
ERR: 错误的查询条件:[goods_id=>Array]

[ 2017-08-27T21:02:43+08:00 ] 127.0.0.1 /index.php/Home/Index/displayHistory/id/105.html
INFO: [ app_begin ] --START--
INFO: Run Behavior\ReadHtmlCacheBehavior [ RunTime:0.003496s ]
INFO: [ app_begin ] --END-- [ RunTime:0.004179s ]
SQL: DESCRIBE p39_category [ RunTime:0.012025s ]
SQL: SELECT * FROM `p39_category`  [ RunTime:0.000395s ]
SQL: DESCRIBE p39_goods [ RunTime:0.011976s ]
SQL: SELECT `id`,`goods_name`,`sm_logo` FROM `p39_goods` WHERE `id` IN ('105','95') AND `is_on_sale` = '是' ORDER BY FIELD(id,105,95) LIMIT 6   [ RunTime:0.000403s ]
INFO: [ app_end ] --START--
INFO: Run Behavior\ShowPageTraceBehavior [ RunTime:0.000595s ]
INFO: [ app_end ] --END-- [ RunTime:0.000645s ]

[ 2017-08-27T21:03:41+08:00 ] 127.0.0.1 /index.php/Home/Index/goods/id/105.html
NOTIC: D方法实例化没找到模型类Admin\Model\GoodsAttrModel
NOTIC: D方法实例化没找到模型类Admin\Model\GoodsPicModel
NOTIC: D方法实例化没找到模型类Admin\Model\MemberPriceModel

[ 2017-08-27T21:03:42+08:00 ] 127.0.0.1 /index.php/Home/Index/displayHistory/id/105.html
INFO: [ app_begin ] --START--
INFO: Run Behavior\ReadHtmlCacheBehavior [ RunTime:0.000651s ]
INFO: [ app_begin ] --END-- [ RunTime:0.001014s ]
SQL: DESCRIBE p39_category [ RunTime:0.009188s ]
SQL: SELECT * FROM `p39_category`  [ RunTime:0.000404s ]
SQL: DESCRIBE p39_goods [ RunTime:0.007135s ]
SQL: SELECT `id`,`goods_name`,`sm_logo` FROM `p39_goods` WHERE `id` IN ('105','95') AND `is_on_sale` = '是' ORDER BY FIELD(id,105,95) LIMIT 6   [ RunTime:0.000725s ]
INFO: [ app_end ] --START--
INFO: Run Behavior\ShowPageTraceBehavior [ RunTime:0.001399s ]
INFO: [ app_end ] --END-- [ RunTime:0.001532s ]

[ 2017-08-27T21:03:43+08:00 ] 127.0.0.1 /index.php/Home/Index/ajaxGetMemberPrice/goods_id/105.html
INFO: [ app_begin ] --START--
INFO: Run Behavior\ReadHtmlCacheBehavior [ RunTime:0.000606s ]
INFO: [ app_begin ] --END-- [ RunTime:0.000934s ]
SQL: DESCRIBE p39_category [ RunTime:0.026253s ]
SQL: SELECT * FROM `p39_category`  [ RunTime:0.000393s ]
SQL: DESCRIBE p39_goods [ RunTime:0.006991s ]
NOTIC: [8] Array to string conversion D:\phpStudy\WWW\39shop\ThinkPHP\Library\Think\Model.class.php 第 594 行.
ERR: 错误的查询条件:[goods_id=>Array]

[ 2017-08-27T21:03:43+08:00 ] 127.0.0.1 /index.php/Home/Member/ajaxChkLogin.html
INFO: [ app_begin ] --START--
INFO: Run Behavior\ReadHtmlCacheBehavior [ RunTime:0.000629s ]
INFO: [ app_begin ] --END-- [ RunTime:0.000992s ]
INFO: [ app_end ] --START--
INFO: Run Behavior\ShowPageTraceBehavior [ RunTime:0.001148s ]
INFO: [ app_end ] --END-- [ RunTime:0.001331s ]

[ 2017-08-27T21:06:58+08:00 ] 127.0.0.1 /index.php/Home/Index/goods/id/105.html
NOTIC: D方法实例化没找到模型类Admin\Model\GoodsAttrModel
NOTIC: D方法实例化没找到模型类Admin\Model\GoodsPicModel
NOTIC: D方法实例化没找到模型类Admin\Model\MemberPriceModel

[ 2017-08-27T21:06:59+08:00 ] 127.0.0.1 /index.php/Home/Member/ajaxChkLogin.html
INFO: [ app_begin ] --START--
INFO: Run Behavior\ReadHtmlCacheBehavior [ RunTime:0.000991s ]
INFO: [ app_begin ] --END-- [ RunTime:0.001445s ]
INFO: [ app_end ] --START--
INFO: Run Behavior\ShowPageTraceBehavior [ RunTime:0.000846s ]
INFO: [ app_end ] --END-- [ RunTime:0.000927s ]

[ 2017-08-27T21:07:00+08:00 ] 127.0.0.1 /index.php/Home/Index/displayHistory/id/105.html
INFO: [ app_begin ] --START--
INFO: Run Behavior\ReadHtmlCacheBehavior [ RunTime:0.000607s ]
INFO: [ app_begin ] --END-- [ RunTime:0.000947s ]
SQL: DESCRIBE p39_category [ RunTime:0.014337s ]
SQL: SELECT * FROM `p39_category`  [ RunTime:0.000727s ]
SQL: DESCRIBE p39_goods [ RunTime:0.013093s ]
SQL: SELECT `id`,`goods_name`,`sm_logo` FROM `p39_goods` WHERE `id` IN ('105','95') AND `is_on_sale` = '是' ORDER BY FIELD(id,105,95) LIMIT 6   [ RunTime:0.000375s ]
INFO: [ app_end ] --START--
INFO: Run Behavior\ShowPageTraceBehavior [ RunTime:0.000520s ]
INFO: [ app_end ] --END-- [ RunTime:0.000551s ]

[ 2017-08-27T21:07:01+08:00 ] 127.0.0.1 /index.php/Home/Index/ajaxGetMemberPrice/goods_id/105.html
INFO: [ app_begin ] --START--
INFO: Run Behavior\ReadHtmlCacheBehavior [ RunTime:0.000688s ]
INFO: [ app_begin ] --END-- [ RunTime:0.001046s ]
SQL: DESCRIBE p39_category [ RunTime:0.007485s ]
SQL: SELECT * FROM `p39_category`  [ RunTime:0.000496s ]
SQL: DESCRIBE p39_goods [ RunTime:0.008571s ]
NOTIC: [8] Array to string conversion D:\phpStudy\WWW\39shop\ThinkPHP\Library\Think\Model.class.php 第 594 行.
ERR: 错误的查询条件:[goods_id=>Array]

[ 2017-08-27T21:12:02+08:00 ] 127.0.0.1 /index.php/Home/Index/goods/id/105.html
NOTIC: D方法实例化没找到模型类Admin\Model\GoodsAttrModel
NOTIC: D方法实例化没找到模型类Admin\Model\GoodsPicModel
NOTIC: D方法实例化没找到模型类Admin\Model\MemberPriceModel

[ 2017-08-27T21:12:03+08:00 ] 127.0.0.1 /index.php/Home/Index/ajaxGetMemberPrice/goods_id/105.html
INFO: [ app_begin ] --START--
INFO: Run Behavior\ReadHtmlCacheBehavior [ RunTime:0.000785s ]
INFO: [ app_begin ] --END-- [ RunTime:0.001339s ]
SQL: DESCRIBE p39_category [ RunTime:0.008992s ]
SQL: SELECT * FROM `p39_category`  [ RunTime:0.000413s ]
SQL: DESCRIBE p39_goods [ RunTime:0.013878s ]
NOTIC: [8] Array to string conversion D:\phpStudy\WWW\39shop\ThinkPHP\Library\Think\Model.class.php 第 594 行.
ERR: 错误的查询条件:[goods_id=>Array]

[ 2017-08-27T21:12:04+08:00 ] 127.0.0.1 /index.php/Home/Member/ajaxChkLogin.html
INFO: [ app_begin ] --START--
INFO: Run Behavior\ReadHtmlCacheBehavior [ RunTime:0.002660s ]
INFO: [ app_begin ] --END-- [ RunTime:0.003989s ]
INFO: [ app_end ] --START--
INFO: Run Behavior\ShowPageTraceBehavior [ RunTime:0.000680s ]
INFO: [ app_end ] --END-- [ RunTime:0.000748s ]

[ 2017-08-27T21:12:05+08:00 ] 127.0.0.1 /index.php/Home/Index/displayHistory/id/105.html
INFO: [ app_begin ] --START--
INFO: Run Behavior\ReadHtmlCacheBehavior [ RunTime:0.000906s ]
INFO: [ app_begin ] --END-- [ RunTime:0.001329s ]
SQL: DESCRIBE p39_category [ RunTime:0.022254s ]
SQL: SELECT * FROM `p39_category`  [ RunTime:0.001680s ]
SQL: DESCRIBE p39_goods [ RunTime:0.006722s ]
SQL: SELECT `id`,`goods_name`,`sm_logo` FROM `p39_goods` WHERE `id` IN ('105','95') AND `is_on_sale` = '是' ORDER BY FIELD(id,105,95) LIMIT 6   [ RunTime:0.000571s ]
INFO: [ app_end ] --START--
INFO: Run Behavior\ShowPageTraceBehavior [ RunTime:0.001603s ]
INFO: [ app_end ] --END-- [ RunTime:0.001787s ]

[ 2017-08-27T21:12:11+08:00 ] 127.0.0.1 /index.php/Home/Member/ajaxChkLogin.html
INFO: [ app_begin ] --START--
INFO: Run Behavior\ReadHtmlCacheBehavior [ RunTime:0.001761s ]
INFO: [ app_begin ] --END-- [ RunTime:0.002882s ]
INFO: [ app_end ] --START--
INFO: Run Behavior\ShowPageTraceBehavior [ RunTime:0.000845s ]
INFO: [ app_end ] --END-- [ RunTime:0.000928s ]

[ 2017-08-27T21:12:20+08:00 ] 127.0.0.1 /index.php/Home/Member/ajaxChkLogin.html
INFO: [ app_begin ] --START--
INFO: Run Behavior\ReadHtmlCacheBehavior [ RunTime:0.000845s ]
INFO: [ app_begin ] --END-- [ RunTime:0.001267s ]
INFO: [ app_end ] --START--
INFO: Run Behavior\ShowPageTraceBehavior [ RunTime:0.000665s ]
INFO: [ app_end ] --END-- [ RunTime:0.000720s ]

[ 2017-08-27T21:12:25+08:00 ] 127.0.0.1 /index.php/Home/Index/goods/id/105.html
NOTIC: D方法实例化没找到模型类Admin\Model\GoodsAttrModel
NOTIC: D方法实例化没找到模型类Admin\Model\GoodsPicModel
NOTIC: D方法实例化没找到模型类Admin\Model\MemberPriceModel

[ 2017-08-27T21:12:26+08:00 ] 127.0.0.1 /index.php/Home/Index/ajaxGetMemberPrice/goods_id/105.html
INFO: [ app_begin ] --START--
INFO: Run Behavior\ReadHtmlCacheBehavior [ RunTime:0.000812s ]
INFO: [ app_begin ] --END-- [ RunTime:0.001302s ]
SQL: DESCRIBE p39_category [ RunTime:0.026673s ]
SQL: SELECT * FROM `p39_category`  [ RunTime:0.000871s ]
SQL: DESCRIBE p39_goods [ RunTime:0.009053s ]
NOTIC: [8] Array to string conversion D:\phpStudy\WWW\39shop\ThinkPHP\Library\Think\Model.class.php 第 594 行.
ERR: 错误的查询条件:[goods_id=>Array]

[ 2017-08-27T21:12:26+08:00 ] 127.0.0.1 /index.php/Home/Member/ajaxChkLogin.html
INFO: [ app_begin ] --START--
INFO: Run Behavior\ReadHtmlCacheBehavior [ RunTime:0.004322s ]
INFO: [ app_begin ] --END-- [ RunTime:0.007471s ]
INFO: [ app_end ] --START--
INFO: Run Behavior\ShowPageTraceBehavior [ RunTime:0.000635s ]
INFO: [ app_end ] --END-- [ RunTime:0.000703s ]

[ 2017-08-27T21:12:27+08:00 ] 127.0.0.1 /index.php/Home/Index/displayHistory/id/105.html
INFO: [ app_begin ] --START--
INFO: Run Behavior\ReadHtmlCacheBehavior [ RunTime:0.001694s ]
INFO: [ app_begin ] --END-- [ RunTime:0.002178s ]
SQL: DESCRIBE p39_category [ RunTime:0.024010s ]
SQL: SELECT * FROM `p39_category`  [ RunTime:0.000358s ]
SQL: DESCRIBE p39_goods [ RunTime:0.008167s ]
SQL: SELECT `id`,`goods_name`,`sm_logo` FROM `p39_goods` WHERE `id` IN ('105','95') AND `is_on_sale` = '是' ORDER BY FIELD(id,105,95) LIMIT 6   [ RunTime:0.000450s ]
INFO: [ app_end ] --START--
INFO: Run Behavior\ShowPageTraceBehavior [ RunTime:0.000577s ]
INFO: [ app_end ] --END-- [ RunTime:0.000619s ]

[ 2017-08-27T21:13:39+08:00 ] 127.0.0.1 /index.php/Home/Index/goods/id/105.html
NOTIC: D方法实例化没找到模型类Admin\Model\GoodsAttrModel
NOTIC: D方法实例化没找到模型类Admin\Model\GoodsPicModel
NOTIC: D方法实例化没找到模型类Admin\Model\MemberPriceModel

[ 2017-08-27T21:13:40+08:00 ] 127.0.0.1 /index.php/Home/Index/displayHistory/id/105.html
INFO: [ app_begin ] --START--
INFO: Run Behavior\ReadHtmlCacheBehavior [ RunTime:0.000584s ]
INFO: [ app_begin ] --END-- [ RunTime:0.000974s ]
SQL: DESCRIBE p39_category [ RunTime:0.010122s ]
SQL: SELECT * FROM `p39_category`  [ RunTime:0.000349s ]
SQL: DESCRIBE p39_goods [ RunTime:0.010448s ]
SQL: SELECT `id`,`goods_name`,`sm_logo` FROM `p39_goods` WHERE `id` IN ('105','95') AND `is_on_sale` = '是' ORDER BY FIELD(id,105,95) LIMIT 6   [ RunTime:0.000466s ]
INFO: [ app_end ] --START--
INFO: Run Behavior\ShowPageTraceBehavior [ RunTime:0.000592s ]
INFO: [ app_end ] --END-- [ RunTime:0.000633s ]

[ 2017-08-27T21:13:41+08:00 ] 127.0.0.1 /index.php/Home/Index/ajaxGetMemberPrice/goods_id/105.html
INFO: [ app_begin ] --START--
INFO: Run Behavior\ReadHtmlCacheBehavior [ RunTime:0.004915s ]
INFO: [ app_begin ] --END-- [ RunTime:0.005380s ]
SQL: DESCRIBE p39_category [ RunTime:0.023579s ]
SQL: SELECT * FROM `p39_category`  [ RunTime:0.001466s ]
SQL: DESCRIBE p39_goods [ RunTime:0.007392s ]
NOTIC: [8] Array to string conversion D:\phpStudy\WWW\39shop\ThinkPHP\Library\Think\Model.class.php 第 594 行.
ERR: 错误的查询条件:[promote=>Array]

[ 2017-08-27T21:13:41+08:00 ] 127.0.0.1 /index.php/Home/Member/ajaxChkLogin.html
INFO: [ app_begin ] --START--
INFO: Run Behavior\ReadHtmlCacheBehavior [ RunTime:0.000932s ]
INFO: [ app_begin ] --END-- [ RunTime:0.001364s ]
INFO: [ app_end ] --START--
INFO: Run Behavior\ShowPageTraceBehavior [ RunTime:0.000894s ]
INFO: [ app_end ] --END-- [ RunTime:0.000988s ]

[ 2017-08-27T21:14:16+08:00 ] 127.0.0.1 /index.php/Home/Index/goods/id/105.html
NOTIC: D方法实例化没找到模型类Admin\Model\GoodsAttrModel
NOTIC: D方法实例化没找到模型类Admin\Model\GoodsPicModel
NOTIC: D方法实例化没找到模型类Admin\Model\MemberPriceModel

[ 2017-08-27T21:14:17+08:00 ] 127.0.0.1 /index.php/Home/Index/displayHistory/id/105.html
INFO: [ app_begin ] --START--
INFO: Run Behavior\ReadHtmlCacheBehavior [ RunTime:0.000837s ]
INFO: [ app_begin ] --END-- [ RunTime:0.001282s ]
SQL: DESCRIBE p39_category [ RunTime:0.008859s ]
SQL: SELECT * FROM `p39_category`  [ RunTime:0.000371s ]
SQL: DESCRIBE p39_goods [ RunTime:0.010182s ]
SQL: SELECT `id`,`goods_name`,`sm_logo` FROM `p39_goods` WHERE `id` IN ('105','95') AND `is_on_sale` = '是' ORDER BY FIELD(id,105,95) LIMIT 6   [ RunTime:0.001148s ]
INFO: [ app_end ] --START--
INFO: Run Behavior\ShowPageTraceBehavior [ RunTime:0.001652s ]
INFO: [ app_end ] --END-- [ RunTime:0.001720s ]

[ 2017-08-27T21:14:18+08:00 ] 127.0.0.1 /index.php/Home/Index/ajaxGetMemberPrice/goods_id/105.html
INFO: [ app_begin ] --START--
INFO: Run Behavior\ReadHtmlCacheBehavior [ RunTime:0.000727s ]
INFO: [ app_begin ] --END-- [ RunTime:0.001224s ]
SQL: DESCRIBE p39_category [ RunTime:0.024579s ]
SQL: SELECT * FROM `p39_category`  [ RunTime:0.000355s ]
SQL: DESCRIBE p39_goods [ RunTime:0.009322s ]
SQL: SELECT `promote_price` FROM `p39_goods` WHERE `promote_start_date` <= '2017-08-27 21:14' AND `promote_end_date` >= '2017-08-27 21:14' AND `promote_price` > 0 LIMIT 1   [ RunTime:0.001186s ]
SQL: SELECT `shop_price` FROM `p39_goods` WHERE `id` = 105 LIMIT 1   [ RunTime:0.000566s ]
INFO: [ app_end ] --START--
INFO: Run Behavior\ShowPageTraceBehavior [ RunTime:0.000748s ]
INFO: [ app_end ] --END-- [ RunTime:0.000796s ]

[ 2017-08-27T21:14:18+08:00 ] 127.0.0.1 /index.php/Home/Member/ajaxChkLogin.html
INFO: [ app_begin ] --START--
INFO: Run Behavior\ReadHtmlCacheBehavior [ RunTime:0.001939s ]
INFO: [ app_begin ] --END-- [ RunTime:0.002514s ]
INFO: [ app_end ] --START--
INFO: Run Behavior\ShowPageTraceBehavior [ RunTime:0.000591s ]
INFO: [ app_end ] --END-- [ RunTime:0.000647s ]

[ 2017-08-27T21:16:42+08:00 ] 127.0.0.1 /index.php/Home/Index/goods/id/105.html
NOTIC: D方法实例化没找到模型类Admin\Model\GoodsAttrModel
NOTIC: D方法实例化没找到模型类Admin\Model\GoodsPicModel
NOTIC: D方法实例化没找到模型类Admin\Model\MemberPriceModel

[ 2017-08-27T21:16:43+08:00 ] 127.0.0.1 /index.php/Home/Index/displayHistory/id/105.html
INFO: [ app_begin ] --START--
INFO: Run Behavior\ReadHtmlCacheBehavior [ RunTime:0.000692s ]
INFO: [ app_begin ] --END-- [ RunTime:0.001117s ]
SQL: DESCRIBE p39_category [ RunTime:0.010740s ]
SQL: SELECT * FROM `p39_category`  [ RunTime:0.000591s ]
SQL: DESCRIBE p39_goods [ RunTime:0.007654s ]
SQL: SELECT `id`,`goods_name`,`sm_logo` FROM `p39_goods` WHERE `id` IN ('105','95') AND `is_on_sale` = '是' ORDER BY FIELD(id,105,95) LIMIT 6   [ RunTime:0.001906s ]
INFO: [ app_end ] --START--
INFO: Run Behavior\ShowPageTraceBehavior [ RunTime:0.001075s ]
INFO: [ app_end ] --END-- [ RunTime:0.001155s ]

[ 2017-08-27T21:16:44+08:00 ] 127.0.0.1 /index.php/Home/Index/ajaxGetMemberPrice/goods_id/105.html
INFO: [ app_begin ] --START--
INFO: Run Behavior\ReadHtmlCacheBehavior [ RunTime:0.000733s ]
INFO: [ app_begin ] --END-- [ RunTime:0.001331s ]
SQL: DESCRIBE p39_category [ RunTime:0.008444s ]
SQL: SELECT * FROM `p39_category`  [ RunTime:0.000389s ]
SQL: DESCRIBE p39_goods [ RunTime:0.009135s ]
SQL: SELECT `promote_price` FROM `p39_goods` WHERE `promote_start_date` <= '2017-08-27 21:16' AND `promote_end_date` >= '2017-08-27 21:16' AND `id` = '105' LIMIT 1   [ RunTime:0.000657s ]
SQL: SELECT `shop_price` FROM `p39_goods` WHERE `id` = 105 LIMIT 1   [ RunTime:0.000530s ]
INFO: [ app_end ] --START--
INFO: Run Behavior\ShowPageTraceBehavior [ RunTime:0.000646s ]
INFO: [ app_end ] --END-- [ RunTime:0.000691s ]

[ 2017-08-27T21:16:44+08:00 ] 127.0.0.1 /index.php/Home/Member/ajaxChkLogin.html
INFO: [ app_begin ] --START--
INFO: Run Behavior\ReadHtmlCacheBehavior [ RunTime:0.000899s ]
INFO: [ app_begin ] --END-- [ RunTime:0.001355s ]
INFO: [ app_end ] --START--
INFO: Run Behavior\ShowPageTraceBehavior [ RunTime:0.000952s ]
INFO: [ app_end ] --END-- [ RunTime:0.001036s ]

[ 2017-08-27T22:14:27+08:00 ] 127.0.0.1 /index.php/Home/Member/ajaxChkLogin.html
INFO: [ app_begin ] --START--
INFO: Run Behavior\ReadHtmlCacheBehavior [ RunTime:0.000945s ]
INFO: [ app_begin ] --END-- [ RunTime:0.001486s ]
INFO: [ app_end ] --START--
INFO: Run Behavior\ShowPageTraceBehavior [ RunTime:0.000857s ]
INFO: [ app_end ] --END-- [ RunTime:0.000939s ]

[ 2017-08-27T22:14:31+08:00 ] 127.0.0.1 /index.php/Home/Member/ajaxChkLogin.html
INFO: [ app_begin ] --START--
INFO: Run Behavior\ReadHtmlCacheBehavior [ RunTime:0.000755s ]
INFO: [ app_begin ] --END-- [ RunTime:0.001281s ]
INFO: [ app_end ] --START--
INFO: Run Behavior\ShowPageTraceBehavior [ RunTime:0.000666s ]
INFO: [ app_end ] --END-- [ RunTime:0.000734s ]

[ 2017-08-27T22:14:41+08:00 ] 127.0.0.1 /index.php/Home/Member/ajaxChkLogin.html
INFO: [ app_begin ] --START--
INFO: Run Behavior\ReadHtmlCacheBehavior [ RunTime:0.000796s ]
INFO: [ app_begin ] --END-- [ RunTime:0.001350s ]
INFO: [ app_end ] --START--
INFO: Run Behavior\ShowPageTraceBehavior [ RunTime:0.001019s ]
INFO: [ app_end ] --END-- [ RunTime:0.001099s ]

[ 2017-08-27T22:14:55+08:00 ] 127.0.0.1 /index.php/Home/Member/ajaxChkLogin.html
INFO: [ app_begin ] --START--
INFO: Run Behavior\ReadHtmlCacheBehavior [ RunTime:0.000777s ]
INFO: [ app_begin ] --END-- [ RunTime:0.001361s ]
INFO: [ app_end ] --START--
INFO: Run Behavior\ShowPageTraceBehavior [ RunTime:0.000737s ]
INFO: [ app_end ] --END-- [ RunTime:0.000810s ]

[ 2017-08-27T22:14:59+08:00 ] 127.0.0.1 /index.php/Home/Index/goods/id/105.html
NOTIC: D方法实例化没找到模型类Admin\Model\GoodsAttrModel
NOTIC: D方法实例化没找到模型类Admin\Model\GoodsPicModel
NOTIC: D方法实例化没找到模型类Admin\Model\MemberPriceModel

[ 2017-08-27T22:15:00+08:00 ] 127.0.0.1 /index.php/Home/Index/displayHistory/id/105.html
INFO: [ app_begin ] --START--
INFO: Run Behavior\ReadHtmlCacheBehavior [ RunTime:0.000706s ]
INFO: [ app_begin ] --END-- [ RunTime:0.001199s ]
SQL: DESCRIBE p39_category [ RunTime:0.018293s ]
SQL: SELECT * FROM `p39_category`  [ RunTime:0.000782s ]
SQL: DESCRIBE p39_goods [ RunTime:0.007651s ]
SQL: SELECT `id`,`goods_name`,`sm_logo` FROM `p39_goods` WHERE `id` IN ('105') AND `is_on_sale` = '是' ORDER BY FIELD(id,105) LIMIT 6   [ RunTime:0.000558s ]
INFO: [ app_end ] --START--
INFO: Run Behavior\ShowPageTraceBehavior [ RunTime:0.000795s ]
INFO: [ app_end ] --END-- [ RunTime:0.000862s ]

[ 2017-08-27T22:15:01+08:00 ] 127.0.0.1 /index.php/Home/Index/ajaxGetMemberPrice/goods_id/105.html
INFO: [ app_begin ] --START--
INFO: Run Behavior\ReadHtmlCacheBehavior [ RunTime:0.000828s ]
INFO: [ app_begin ] --END-- [ RunTime:0.001298s ]
SQL: DESCRIBE p39_category [ RunTime:0.014460s ]
SQL: SELECT * FROM `p39_category`  [ RunTime:0.000739s ]
SQL: DESCRIBE p39_goods [ RunTime:0.013049s ]
SQL: SELECT `promote_price` FROM `p39_goods` WHERE `promote_start_date` <= '2017-08-27 22:15' AND `promote_end_date` >= '2017-08-27 22:15' AND `id` = '105' LIMIT 1   [ RunTime:0.000546s ]
NOTIC: D方法实例化没找到模型类Admin\Model\MemberPriceModel
SQL: DESCRIBE p39_member_price [ RunTime:0.008639s ]
SQL: SELECT `price` FROM `p39_member_price` WHERE `level_id` = '1' AND `goods_id` = '105' LIMIT 1   [ RunTime:0.000583s ]
INFO: [ app_end ] --START--
INFO: Run Behavior\ShowPageTraceBehavior [ RunTime:0.000890s ]
INFO: [ app_end ] --END-- [ RunTime:0.000946s ]

[ 2017-08-27T22:15:01+08:00 ] 127.0.0.1 /index.php/Home/Member/ajaxChkLogin.html
INFO: [ app_begin ] --START--
INFO: Run Behavior\ReadHtmlCacheBehavior [ RunTime:0.000972s ]
INFO: [ app_begin ] --END-- [ RunTime:0.001427s ]
INFO: [ app_end ] --START--
INFO: Run Behavior\ShowPageTraceBehavior [ RunTime:0.000797s ]
INFO: [ app_end ] --END-- [ RunTime:0.000879s ]

[ 2017-08-27T22:15:09+08:00 ] 127.0.0.1 /index.php/Home/Index/goods/id/105.html
NOTIC: D方法实例化没找到模型类Admin\Model\GoodsAttrModel
NOTIC: D方法实例化没找到模型类Admin\Model\GoodsPicModel
NOTIC: D方法实例化没找到模型类Admin\Model\MemberPriceModel

[ 2017-08-27T22:15:10+08:00 ] 127.0.0.1 /index.php/Home/Index/ajaxGetMemberPrice/goods_id/105.html
INFO: [ app_begin ] --START--
INFO: Run Behavior\ReadHtmlCacheBehavior [ RunTime:0.000737s ]
INFO: [ app_begin ] --END-- [ RunTime:0.001091s ]
SQL: DESCRIBE p39_category [ RunTime:0.030603s ]
SQL: SELECT * FROM `p39_category`  [ RunTime:0.000942s ]
SQL: DESCRIBE p39_goods [ RunTime:0.014303s ]
SQL: SELECT `promote_price` FROM `p39_goods` WHERE `promote_start_date` <= '2017-08-27 22:15' AND `promote_end_date` >= '2017-08-27 22:15' AND `id` = '105' LIMIT 1   [ RunTime:0.000541s ]
SQL: SELECT `shop_price` FROM `p39_goods` WHERE `id` = 105 LIMIT 1   [ RunTime:0.000300s ]
INFO: [ app_end ] --START--
INFO: Run Behavior\ShowPageTraceBehavior [ RunTime:0.000810s ]
INFO: [ app_end ] --END-- [ RunTime:0.000863s ]

[ 2017-08-27T22:15:11+08:00 ] 127.0.0.1 /index.php/Home/Index/displayHistory/id/105.html
INFO: [ app_begin ] --START--
INFO: Run Behavior\ReadHtmlCacheBehavior [ RunTime:0.000733s ]
INFO: [ app_begin ] --END-- [ RunTime:0.002577s ]
SQL: DESCRIBE p39_category [ RunTime:0.026999s ]
SQL: SELECT * FROM `p39_category`  [ RunTime:0.000814s ]
SQL: DESCRIBE p39_goods [ RunTime:0.012373s ]
SQL: SELECT `id`,`goods_name`,`sm_logo` FROM `p39_goods` WHERE `id` IN ('105','95') AND `is_on_sale` = '是' ORDER BY FIELD(id,105,95) LIMIT 6   [ RunTime:0.000680s ]
INFO: [ app_end ] --START--
INFO: Run Behavior\ShowPageTraceBehavior [ RunTime:0.001029s ]
INFO: [ app_end ] --END-- [ RunTime:0.001099s ]

[ 2017-08-27T22:15:11+08:00 ] 127.0.0.1 /index.php/Home/Member/ajaxChkLogin.html
INFO: [ app_begin ] --START--
INFO: Run Behavior\ReadHtmlCacheBehavior [ RunTime:0.000732s ]
INFO: [ app_begin ] --END-- [ RunTime:0.001113s ]
INFO: [ app_end ] --START--
INFO: Run Behavior\ShowPageTraceBehavior [ RunTime:0.000722s ]
INFO: [ app_end ] --END-- [ RunTime:0.000839s ]

[ 2017-08-27T22:15:13+08:00 ] 127.0.0.1 /index.php/Home/Member/ajaxChkLogin.html
INFO: [ app_begin ] --START--
INFO: Run Behavior\ReadHtmlCacheBehavior [ RunTime:0.000535s ]
INFO: [ app_begin ] --END-- [ RunTime:0.000875s ]
INFO: [ app_end ] --START--
INFO: Run Behavior\ShowPageTraceBehavior [ RunTime:0.000474s ]
INFO: [ app_end ] --END-- [ RunTime:0.000516s ]

[ 2017-08-27T22:15:28+08:00 ] 127.0.0.1 /index.php/Home/Member/ajaxChkLogin.html
INFO: [ app_begin ] --START--
INFO: Run Behavior\ReadHtmlCacheBehavior [ RunTime:0.000798s ]
INFO: [ app_begin ] --END-- [ RunTime:0.004182s ]
INFO: [ app_end ] --START--
INFO: Run Behavior\ShowPageTraceBehavior [ RunTime:0.001228s ]
INFO: [ app_end ] --END-- [ RunTime:0.001303s ]

[ 2017-08-27T22:15:33+08:00 ] 127.0.0.1 /index.php/Home/Index/goods/id/105.html
NOTIC: D方法实例化没找到模型类Admin\Model\GoodsAttrModel
NOTIC: D方法实例化没找到模型类Admin\Model\GoodsPicModel
NOTIC: D方法实例化没找到模型类Admin\Model\MemberPriceModel

[ 2017-08-27T22:15:34+08:00 ] 127.0.0.1 /index.php/Home/Index/displayHistory/id/105.html
INFO: [ app_begin ] --START--
INFO: Run Behavior\ReadHtmlCacheBehavior [ RunTime:0.000787s ]
INFO: [ app_begin ] --END-- [ RunTime:0.001180s ]
SQL: DESCRIBE p39_category [ RunTime:0.017675s ]
SQL: SELECT * FROM `p39_category`  [ RunTime:0.000924s ]
SQL: DESCRIBE p39_goods [ RunTime:0.013178s ]
SQL: SELECT `id`,`goods_name`,`sm_logo` FROM `p39_goods` WHERE `id` IN ('105','95') AND `is_on_sale` = '是' ORDER BY FIELD(id,105,95) LIMIT 6   [ RunTime:0.000485s ]
INFO: [ app_end ] --START--
INFO: Run Behavior\ShowPageTraceBehavior [ RunTime:0.000903s ]
INFO: [ app_end ] --END-- [ RunTime:0.000973s ]

[ 2017-08-27T22:15:35+08:00 ] 127.0.0.1 /index.php/Home/Index/ajaxGetMemberPrice/goods_id/105.html
INFO: [ app_begin ] --START--
INFO: Run Behavior\ReadHtmlCacheBehavior [ RunTime:0.000904s ]
INFO: [ app_begin ] --END-- [ RunTime:0.001407s ]
SQL: DESCRIBE p39_category [ RunTime:0.014432s ]
SQL: SELECT * FROM `p39_category`  [ RunTime:0.000795s ]
SQL: DESCRIBE p39_goods [ RunTime:0.010665s ]
SQL: SELECT `promote_price` FROM `p39_goods` WHERE `promote_start_date` <= '2017-08-27 22:15' AND `promote_end_date` >= '2017-08-27 22:15' AND `id` = '105' LIMIT 1   [ RunTime:0.000378s ]
NOTIC: D方法实例化没找到模型类Admin\Model\MemberPriceModel
SQL: DESCRIBE p39_member_price [ RunTime:0.008818s ]
SQL: SELECT `price` FROM `p39_member_price` WHERE `level_id` = '1' AND `goods_id` = '105' LIMIT 1   [ RunTime:0.000615s ]
INFO: [ app_end ] --START--
INFO: Run Behavior\ShowPageTraceBehavior [ RunTime:0.000776s ]
INFO: [ app_end ] --END-- [ RunTime:0.000825s ]

[ 2017-08-27T22:15:35+08:00 ] 127.0.0.1 /index.php/Home/Member/ajaxChkLogin.html
INFO: [ app_begin ] --START--
INFO: Run Behavior\ReadHtmlCacheBehavior [ RunTime:0.000710s ]
INFO: [ app_begin ] --END-- [ RunTime:0.001154s ]
INFO: [ app_end ] --START--
INFO: Run Behavior\ShowPageTraceBehavior [ RunTime:0.001022s ]
INFO: [ app_end ] --END-- [ RunTime:0.001147s ]

[ 2017-08-27T22:15:42+08:00 ] 127.0.0.1 /index.php/Home/Index/goods/id/105.html
NOTIC: D方法实例化没找到模型类Admin\Model\GoodsAttrModel
NOTIC: D方法实例化没找到模型类Admin\Model\GoodsPicModel
NOTIC: D方法实例化没找到模型类Admin\Model\MemberPriceModel

[ 2017-08-27T22:15:43+08:00 ] 127.0.0.1 /index.php/Home/Index/displayHistory/id/105.html
INFO: [ app_begin ] --START--
INFO: Run Behavior\ReadHtmlCacheBehavior [ RunTime:0.000634s ]
INFO: [ app_begin ] --END-- [ RunTime:0.001133s ]
SQL: DESCRIBE p39_category [ RunTime:0.007376s ]
SQL: SELECT * FROM `p39_category`  [ RunTime:0.000443s ]
SQL: DESCRIBE p39_goods [ RunTime:0.009306s ]
SQL: SELECT `id`,`goods_name`,`sm_logo` FROM `p39_goods` WHERE `id` IN ('105') AND `is_on_sale` = '是' ORDER BY FIELD(id,105) LIMIT 6   [ RunTime:0.000444s ]
INFO: [ app_end ] --START--
INFO: Run Behavior\ShowPageTraceBehavior [ RunTime:0.000748s ]
INFO: [ app_end ] --END-- [ RunTime:0.000803s ]

[ 2017-08-27T22:15:44+08:00 ] 127.0.0.1 /index.php/Home/Index/ajaxGetMemberPrice/goods_id/105.html
INFO: [ app_begin ] --START--
INFO: Run Behavior\ReadHtmlCacheBehavior [ RunTime:0.000611s ]
INFO: [ app_begin ] --END-- [ RunTime:0.000945s ]
SQL: DESCRIBE p39_category [ RunTime:0.015094s ]
SQL: SELECT * FROM `p39_category`  [ RunTime:0.000764s ]
SQL: DESCRIBE p39_goods [ RunTime:0.015629s ]
SQL: SELECT `promote_price` FROM `p39_goods` WHERE `promote_start_date` <= '2017-08-27 22:15' AND `promote_end_date` >= '2017-08-27 22:15' AND `id` = '105' LIMIT 1   [ RunTime:0.000578s ]
NOTIC: D方法实例化没找到模型类Admin\Model\MemberPriceModel
SQL: DESCRIBE p39_member_price [ RunTime:0.009751s ]
SQL: SELECT `price` FROM `p39_member_price` WHERE `level_id` = '1' AND `goods_id` = '105' LIMIT 1   [ RunTime:0.000638s ]
INFO: [ app_end ] --START--
INFO: Run Behavior\ShowPageTraceBehavior [ RunTime:0.000775s ]
INFO: [ app_end ] --END-- [ RunTime:0.000832s ]

[ 2017-08-27T22:15:44+08:00 ] 127.0.0.1 /index.php/Home/Member/ajaxChkLogin.html
INFO: [ app_begin ] --START--
INFO: Run Behavior\ReadHtmlCacheBehavior [ RunTime:0.000714s ]
INFO: [ app_begin ] --END-- [ RunTime:0.001138s ]
INFO: [ app_end ] --START--
INFO: Run Behavior\ShowPageTraceBehavior [ RunTime:0.001115s ]
INFO: [ app_end ] --END-- [ RunTime:0.001309s ]

[ 2017-08-27T22:15:48+08:00 ] 127.0.0.1 /index.php/Home/Member/ajaxChkLogin.html
INFO: [ app_begin ] --START--
INFO: Run Behavior\ReadHtmlCacheBehavior [ RunTime:0.000614s ]
INFO: [ app_begin ] --END-- [ RunTime:0.001033s ]
INFO: [ app_end ] --START--
INFO: Run Behavior\ShowPageTraceBehavior [ RunTime:0.000640s ]
INFO: [ app_end ] --END-- [ RunTime:0.000728s ]

[ 2017-08-27T22:15:57+08:00 ] 127.0.0.1 /index.php/Home/Index/goods/id/105.html
NOTIC: D方法实例化没找到模型类Admin\Model\GoodsAttrModel
NOTIC: D方法实例化没找到模型类Admin\Model\GoodsPicModel
NOTIC: D方法实例化没找到模型类Admin\Model\MemberPriceModel

[ 2017-08-27T22:15:58+08:00 ] 127.0.0.1 /index.php/Home/Index/displayHistory/id/105.html
INFO: [ app_begin ] --START--
INFO: Run Behavior\ReadHtmlCacheBehavior [ RunTime:0.000812s ]
INFO: [ app_begin ] --END-- [ RunTime:0.001239s ]
SQL: DESCRIBE p39_category [ RunTime:0.007372s ]
SQL: SELECT * FROM `p39_category`  [ RunTime:0.000356s ]
SQL: DESCRIBE p39_goods [ RunTime:0.007446s ]
SQL: SELECT `id`,`goods_name`,`sm_logo` FROM `p39_goods` WHERE `id` IN ('105','95') AND `is_on_sale` = '是' ORDER BY FIELD(id,105,95) LIMIT 6   [ RunTime:0.000521s ]
INFO: [ app_end ] --START--
INFO: Run Behavior\ShowPageTraceBehavior [ RunTime:0.001183s ]
INFO: [ app_end ] --END-- [ RunTime:0.001252s ]

[ 2017-08-27T22:15:59+08:00 ] 127.0.0.1 /index.php/Home/Index/ajaxGetMemberPrice/goods_id/105.html
INFO: [ app_begin ] --START--
INFO: Run Behavior\ReadHtmlCacheBehavior [ RunTime:0.000975s ]
INFO: [ app_begin ] --END-- [ RunTime:0.001487s ]
SQL: DESCRIBE p39_category [ RunTime:0.033434s ]
SQL: SELECT * FROM `p39_category`  [ RunTime:0.000500s ]
SQL: DESCRIBE p39_goods [ RunTime:0.009087s ]
SQL: SELECT `promote_price` FROM `p39_goods` WHERE `promote_start_date` <= '2017-08-27 22:15' AND `promote_end_date` >= '2017-08-27 22:15' AND `id` = '105' LIMIT 1   [ RunTime:0.000467s ]
NOTIC: D方法实例化没找到模型类Admin\Model\MemberPriceModel
SQL: DESCRIBE p39_member_price [ RunTime:0.008872s ]
SQL: SELECT `price` FROM `p39_member_price` WHERE `level_id` = '1' AND `goods_id` = '105' LIMIT 1   [ RunTime:0.000646s ]
INFO: [ app_end ] --START--
INFO: Run Behavior\ShowPageTraceBehavior [ RunTime:0.001025s ]
INFO: [ app_end ] --END-- [ RunTime:0.001132s ]

[ 2017-08-27T22:15:59+08:00 ] 127.0.0.1 /index.php/Home/Member/ajaxChkLogin.html
INFO: [ app_begin ] --START--
INFO: Run Behavior\ReadHtmlCacheBehavior [ RunTime:0.000798s ]
INFO: [ app_begin ] --END-- [ RunTime:0.001250s ]
INFO: [ app_end ] --START--
INFO: Run Behavior\ShowPageTraceBehavior [ RunTime:0.000691s ]
INFO: [ app_end ] --END-- [ RunTime:0.000759s ]

[ 2017-08-27T22:16:03+08:00 ] 127.0.0.1 /index.php/Home/Index/goods/id/105.html
NOTIC: D方法实例化没找到模型类Admin\Model\GoodsAttrModel
NOTIC: D方法实例化没找到模型类Admin\Model\GoodsPicModel
NOTIC: D方法实例化没找到模型类Admin\Model\MemberPriceModel

[ 2017-08-27T22:16:04+08:00 ] 127.0.0.1 /index.php/Home/Index/ajaxGetMemberPrice/goods_id/105.html
INFO: [ app_begin ] --START--
INFO: Run Behavior\ReadHtmlCacheBehavior [ RunTime:0.000768s ]
INFO: [ app_begin ] --END-- [ RunTime:0.001147s ]
SQL: DESCRIBE p39_category [ RunTime:0.010861s ]
SQL: SELECT * FROM `p39_category`  [ RunTime:0.000629s ]
SQL: DESCRIBE p39_goods [ RunTime:0.010357s ]
SQL: SELECT `promote_price` FROM `p39_goods` WHERE `promote_start_date` <= '2017-08-27 22:16' AND `promote_end_date` >= '2017-08-27 22:16' AND `id` = '105' LIMIT 1   [ RunTime:0.000411s ]
NOTIC: D方法实例化没找到模型类Admin\Model\MemberPriceModel
SQL: DESCRIBE p39_member_price [ RunTime:0.006720s ]
SQL: SELECT `price` FROM `p39_member_price` WHERE `level_id` = '1' AND `goods_id` = '105' LIMIT 1   [ RunTime:0.000449s ]
INFO: [ app_end ] --START--
INFO: Run Behavior\ShowPageTraceBehavior [ RunTime:0.000514s ]
INFO: [ app_end ] --END-- [ RunTime:0.000547s ]

[ 2017-08-27T22:16:05+08:00 ] 127.0.0.1 /index.php/Home/Index/displayHistory/id/105.html
INFO: [ app_begin ] --START--
INFO: Run Behavior\ReadHtmlCacheBehavior [ RunTime:0.000668s ]
INFO: [ app_begin ] --END-- [ RunTime:0.001033s ]
SQL: DESCRIBE p39_category [ RunTime:0.007789s ]
SQL: SELECT * FROM `p39_category`  [ RunTime:0.000316s ]
SQL: DESCRIBE p39_goods [ RunTime:0.006545s ]
SQL: SELECT `id`,`goods_name`,`sm_logo` FROM `p39_goods` WHERE `id` IN ('105','95') AND `is_on_sale` = '是' ORDER BY FIELD(id,105,95) LIMIT 6   [ RunTime:0.000358s ]
INFO: [ app_end ] --START--
INFO: Run Behavior\ShowPageTraceBehavior [ RunTime:0.000665s ]
INFO: [ app_end ] --END-- [ RunTime:0.000714s ]

[ 2017-08-27T22:16:05+08:00 ] 127.0.0.1 /index.php/Home/Member/ajaxChkLogin.html
INFO: [ app_begin ] --START--
INFO: Run Behavior\ReadHtmlCacheBehavior [ RunTime:0.000594s ]
INFO: [ app_begin ] --END-- [ RunTime:0.000946s ]
INFO: [ app_end ] --START--
INFO: Run Behavior\ShowPageTraceBehavior [ RunTime:0.000807s ]
INFO: [ app_end ] --END-- [ RunTime:0.000881s ]

[ 2017-08-27T23:03:32+08:00 ] 127.0.0.1 /index.php/Home/Member/ajaxChkLogin.html
INFO: [ app_begin ] --START--
INFO: Run Behavior\ReadHtmlCacheBehavior [ RunTime:0.000961s ]
INFO: [ app_begin ] --END-- [ RunTime:0.001428s ]
INFO: [ app_end ] --START--
INFO: Run Behavior\ShowPageTraceBehavior [ RunTime:0.000822s ]
INFO: [ app_end ] --END-- [ RunTime:0.000901s ]

[ 2017-08-27T23:03:36+08:00 ] 127.0.0.1 /index.php/Home/Member/ajaxChkLogin.html
INFO: [ app_begin ] --START--
INFO: Run Behavior\ReadHtmlCacheBehavior [ RunTime:0.000934s ]
INFO: [ app_begin ] --END-- [ RunTime:0.001414s ]
INFO: [ app_end ] --START--
INFO: Run Behavior\ShowPageTraceBehavior [ RunTime:0.000799s ]
INFO: [ app_end ] --END-- [ RunTime:0.000875s ]

[ 2017-08-27T23:04:28+08:00 ] 127.0.0.1 /index.php/Home/Index/goods/id/105.html
NOTIC: D方法实例化没找到模型类Admin\Model\GoodsAttrModel
NOTIC: D方法实例化没找到模型类Admin\Model\GoodsPicModel
NOTIC: D方法实例化没找到模型类Admin\Model\MemberPriceModel

[ 2017-08-27T23:04:30+08:00 ] 127.0.0.1 /index.php/Home/Index/displayHistory/id/105.html
INFO: [ app_begin ] --START--
INFO: Run Behavior\ReadHtmlCacheBehavior [ RunTime:0.000679s ]
INFO: [ app_begin ] --END-- [ RunTime:0.001247s ]
SQL: DESCRIBE p39_category [ RunTime:0.018178s ]
SQL: SELECT * FROM `p39_category`  [ RunTime:0.000891s ]
SQL: DESCRIBE p39_goods [ RunTime:0.018498s ]
SQL: SELECT `id`,`goods_name`,`sm_logo` FROM `p39_goods` WHERE `id` IN ('105') AND `is_on_sale` = '是' ORDER BY FIELD(id,105) LIMIT 6   [ RunTime:0.000738s ]
INFO: [ app_end ] --START--
INFO: Run Behavior\ShowPageTraceBehavior [ RunTime:0.001460s ]
INFO: [ app_end ] --END-- [ RunTime:0.001570s ]

[ 2017-08-27T23:04:31+08:00 ] 127.0.0.1 /index.php/Home/Index/ajaxGetMemberPrice/goods_id/105.html
INFO: [ app_begin ] --START--
INFO: Run Behavior\ReadHtmlCacheBehavior [ RunTime:0.000921s ]
INFO: [ app_begin ] --END-- [ RunTime:0.001497s ]
SQL: DESCRIBE p39_category [ RunTime:0.041911s ]
SQL: SELECT * FROM `p39_category`  [ RunTime:0.001324s ]
SQL: DESCRIBE p39_goods [ RunTime:0.019806s ]
SQL: SELECT `promote_price` FROM `p39_goods` WHERE `promote_start_date` <= '2017-08-27 23:04' AND `promote_end_date` >= '2017-08-27 23:04' AND `id` = '105' LIMIT 1   [ RunTime:0.000478s ]
SQL: SELECT `shop_price` FROM `p39_goods` WHERE `id` = 105 LIMIT 1   [ RunTime:0.000385s ]
INFO: [ app_end ] --START--
INFO: Run Behavior\ShowPageTraceBehavior [ RunTime:0.001289s ]
INFO: [ app_end ] --END-- [ RunTime:0.001361s ]

[ 2017-08-27T23:04:31+08:00 ] 127.0.0.1 /index.php/Home/Member/ajaxChkLogin.html
INFO: [ app_begin ] --START--
INFO: Run Behavior\ReadHtmlCacheBehavior [ RunTime:0.003612s ]
INFO: [ app_begin ] --END-- [ RunTime:0.004452s ]
INFO: [ app_end ] --START--
INFO: Run Behavior\ShowPageTraceBehavior [ RunTime:0.001135s ]
INFO: [ app_end ] --END-- [ RunTime:0.001221s ]

[ 2017-08-27T23:06:22+08:00 ] 127.0.0.1 /index.php/Home/Member/ajaxChkLogin.html
INFO: [ app_begin ] --START--
INFO: Run Behavior\ReadHtmlCacheBehavior [ RunTime:0.000445s ]
INFO: [ app_begin ] --END-- [ RunTime:0.000778s ]
INFO: [ app_end ] --START--
INFO: Run Behavior\ShowPageTraceBehavior [ RunTime:0.000424s ]
INFO: [ app_end ] --END-- [ RunTime:0.000465s ]

[ 2017-08-27T23:07:57+08:00 ] 127.0.0.1 /index.php/Home/Member/ajaxChkLogin.html
INFO: [ app_begin ] --START--
INFO: Run Behavior\ReadHtmlCacheBehavior [ RunTime:0.001117s ]
INFO: [ app_begin ] --END-- [ RunTime:0.001714s ]
INFO: [ app_end ] --START--
INFO: Run Behavior\ShowPageTraceBehavior [ RunTime:0.000784s ]
INFO: [ app_end ] --END-- [ RunTime:0.000866s ]

