[ 2017-08-30T10:03:46+08:00 ] 127.0.0.1 /index.php/Home/Member/ajaxChkLogin.html
INFO: [ app_begin ] --START--
INFO: Run Behavior\ReadHtmlCacheBehavior [ RunTime:0.000512s ]
INFO: [ app_begin ] --END-- [ RunTime:0.000895s ]
INFO: [ app_end ] --START--
INFO: Run Behavior\ShowPageTraceBehavior [ RunTime:0.000439s ]
INFO: [ app_end ] --END-- [ RunTime:0.000480s ]

[ 2017-08-30T10:03:49+08:00 ] 127.0.0.1 /index.php/Home/Cart/ajaxGetCart.html
INFO: [ app_begin ] --START--
INFO: Run Behavior\ReadHtmlCacheBehavior [ RunTime:0.001527s ]
INFO: [ app_begin ] --END-- [ RunTime:0.002260s ]
NOTIC: [2048] Declaration of Home\Model\CartModel::add() should be compatible with Think\Model::add($data = '', $options = Array, $replace = false) D:\phpStudy\WWW\39shop\Application\Home\Model\CartModel.class.php 第 13 行.
SQL: DESCRIBE p39_cart [ RunTime:0.019197s ]
NOTIC: D方法实例化没找到模型类Admin\Model\GoodsAttrModel
SQL: DESCRIBE p39_goods_attr [ RunTime:0.014807s ]
SQL: DESCRIBE p39_goods [ RunTime:0.009948s ]
INFO: [ app_end ] --START--
INFO: Run Behavior\ShowPageTraceBehavior [ RunTime:0.000655s ]
INFO: [ app_end ] --END-- [ RunTime:0.000710s ]

[ 2017-08-30T10:03:50+08:00 ] 127.0.0.1 /index.php/Home/Cart/ajaxGetCart.html
INFO: [ app_begin ] --START--
INFO: Run Behavior\ReadHtmlCacheBehavior [ RunTime:0.001005s ]
INFO: [ app_begin ] --END-- [ RunTime:0.001464s ]
NOTIC: [2048] Declaration of Home\Model\CartModel::add() should be compatible with Think\Model::add($data = '', $options = Array, $replace = false) D:\phpStudy\WWW\39shop\Application\Home\Model\CartModel.class.php 第 13 行.
SQL: DESCRIBE p39_cart [ RunTime:0.011533s ]
NOTIC: D方法实例化没找到模型类Admin\Model\GoodsAttrModel
SQL: DESCRIBE p39_goods_attr [ RunTime:0.012021s ]
SQL: DESCRIBE p39_goods [ RunTime:0.012271s ]
INFO: [ app_end ] --START--
INFO: Run Behavior\ShowPageTraceBehavior [ RunTime:0.001599s ]
INFO: [ app_end ] --END-- [ RunTime:0.001718s ]

[ 2017-08-30T10:07:24+08:00 ] 127.0.0.1 /index.php/Home/Member/ajaxChkLogin.html
INFO: [ app_begin ] --START--
INFO: Run Behavior\ReadHtmlCacheBehavior [ RunTime:0.000448s ]
INFO: [ app_begin ] --END-- [ RunTime:0.000751s ]
INFO: [ app_end ] --START--
INFO: Run Behavior\ShowPageTraceBehavior [ RunTime:0.000582s ]
INFO: [ app_end ] --END-- [ RunTime:0.000637s ]

[ 2017-08-30T10:07:26+08:00 ] 127.0.0.1 /index.php/Home/Search/cat_search/cat_id/1.html
NOTIC: D方法实例化没找到模型类Admin\Model\GoodsAttrModel

[ 2017-08-30T10:07:26+08:00 ] 127.0.0.1 /index.php/Home/Member/ajaxChkLogin.html
INFO: [ app_begin ] --START--
INFO: Run Behavior\ReadHtmlCacheBehavior [ RunTime:0.000676s ]
INFO: [ app_begin ] --END-- [ RunTime:0.001026s ]
INFO: [ app_end ] --START--
INFO: Run Behavior\ShowPageTraceBehavior [ RunTime:0.000454s ]
INFO: [ app_end ] --END-- [ RunTime:0.000494s ]

[ 2017-08-30T10:07:59+08:00 ] 127.0.0.1 /index.php/Home/Search/cat_search/cat_id/1.html
NOTIC: D方法实例化没找到模型类Admin\Model\GoodsAttrModel

[ 2017-08-30T10:07:59+08:00 ] 127.0.0.1 /index.php/Home/Member/ajaxChkLogin.html
INFO: [ app_begin ] --START--
INFO: Run Behavior\ReadHtmlCacheBehavior [ RunTime:0.000767s ]
INFO: [ app_begin ] --END-- [ RunTime:0.001310s ]
INFO: [ app_end ] --START--
INFO: Run Behavior\ShowPageTraceBehavior [ RunTime:0.000674s ]
INFO: [ app_end ] --END-- [ RunTime:0.000745s ]

[ 2017-08-30T10:08:15+08:00 ] 127.0.0.1 /index.php/Home/Search/cat_search/cat_id/1.html
NOTIC: D方法实例化没找到模型类Admin\Model\GoodsAttrModel

[ 2017-08-30T10:08:15+08:00 ] 127.0.0.1 /index.php/Home/Member/ajaxChkLogin.html
INFO: [ app_begin ] --START--
INFO: Run Behavior\ReadHtmlCacheBehavior [ RunTime:0.000653s ]
INFO: [ app_begin ] --END-- [ RunTime:0.001079s ]
INFO: [ app_end ] --START--
INFO: Run Behavior\ShowPageTraceBehavior [ RunTime:0.000610s ]
INFO: [ app_end ] --END-- [ RunTime:0.000680s ]

[ 2017-08-30T10:09:20+08:00 ] 127.0.0.1 /index.php/Home/Search/cat_search/cat_id/1.html
NOTIC: D方法实例化没找到模型类Admin\Model\GoodsAttrModel

[ 2017-08-30T10:09:20+08:00 ] 127.0.0.1 /index.php/Home/Member/ajaxChkLogin.html
INFO: [ app_begin ] --START--
INFO: Run Behavior\ReadHtmlCacheBehavior [ RunTime:0.000524s ]
INFO: [ app_begin ] --END-- [ RunTime:0.000783s ]
INFO: [ app_end ] --START--
INFO: Run Behavior\ShowPageTraceBehavior [ RunTime:0.000473s ]
INFO: [ app_end ] --END-- [ RunTime:0.000514s ]

[ 2017-08-30T10:09:31+08:00 ] 127.0.0.1 /index.php/Home/Member/ajaxChkLogin.html
INFO: [ app_begin ] --START--
INFO: Run Behavior\ReadHtmlCacheBehavior [ RunTime:0.000968s ]
INFO: [ app_begin ] --END-- [ RunTime:0.001464s ]
INFO: [ app_end ] --START--
INFO: Run Behavior\ShowPageTraceBehavior [ RunTime:0.000718s ]
INFO: [ app_end ] --END-- [ RunTime:0.000781s ]

[ 2017-08-30T10:09:34+08:00 ] 127.0.0.1 /index.php/Home/Search/cat_search/cat_id/21.html
NOTIC: D方法实例化没找到模型类Admin\Model\GoodsAttrModel

[ 2017-08-30T10:09:34+08:00 ] 127.0.0.1 /index.php/Home/Member/ajaxChkLogin.html
INFO: [ app_begin ] --START--
INFO: Run Behavior\ReadHtmlCacheBehavior [ RunTime:0.000690s ]
INFO: [ app_begin ] --END-- [ RunTime:0.001108s ]
INFO: [ app_end ] --START--
INFO: Run Behavior\ShowPageTraceBehavior [ RunTime:0.000673s ]
INFO: [ app_end ] --END-- [ RunTime:0.000730s ]

[ 2017-08-30T10:11:35+08:00 ] 127.0.0.1 /index.php/Home/Search/cat_search/cat_id/21.html
NOTIC: D方法实例化没找到模型类Admin\Model\GoodsAttrModel

[ 2017-08-30T10:11:35+08:00 ] 127.0.0.1 /index.php/Home/Member/ajaxChkLogin.html
INFO: [ app_begin ] --START--
INFO: Run Behavior\ReadHtmlCacheBehavior [ RunTime:0.000999s ]
INFO: [ app_begin ] --END-- [ RunTime:0.001479s ]
INFO: [ app_end ] --START--
INFO: Run Behavior\ShowPageTraceBehavior [ RunTime:0.000872s ]
INFO: [ app_end ] --END-- [ RunTime:0.000963s ]

[ 2017-08-30T10:11:48+08:00 ] 127.0.0.1 /index.php/Home/Search/cat_search/cat_id/21.html
NOTIC: D方法实例化没找到模型类Admin\Model\GoodsAttrModel

[ 2017-08-30T10:11:48+08:00 ] 127.0.0.1 /index.php/Home/Member/ajaxChkLogin.html
INFO: [ app_begin ] --START--
INFO: Run Behavior\ReadHtmlCacheBehavior [ RunTime:0.000714s ]
INFO: [ app_begin ] --END-- [ RunTime:0.001014s ]
INFO: [ app_end ] --START--
INFO: Run Behavior\ShowPageTraceBehavior [ RunTime:0.000485s ]
INFO: [ app_end ] --END-- [ RunTime:0.000529s ]

[ 2017-08-30T10:14:13+08:00 ] 127.0.0.1 /index.php/Home/Search/cat_search/cat_id/21.html
NOTIC: D方法实例化没找到模型类Admin\Model\GoodsAttrModel

[ 2017-08-30T10:14:52+08:00 ] 127.0.0.1 /index.php/Home/Search/cat_search/cat_id/21.html
NOTIC: D方法实例化没找到模型类Admin\Model\GoodsAttrModel

[ 2017-08-30T10:15:04+08:00 ] 127.0.0.1 /index.php/Home/Member/ajaxChkLogin.html
INFO: [ app_begin ] --START--
INFO: Run Behavior\ReadHtmlCacheBehavior [ RunTime:0.000514s ]
INFO: [ app_begin ] --END-- [ RunTime:0.000788s ]
INFO: [ app_end ] --START--
INFO: Run Behavior\ShowPageTraceBehavior [ RunTime:0.004765s ]
INFO: [ app_end ] --END-- [ RunTime:0.004834s ]

[ 2017-08-30T10:15:36+08:00 ] 127.0.0.1 /index.php/Home/Search/cat_search/cat_id/1.html
NOTIC: D方法实例化没找到模型类Admin\Model\GoodsAttrModel

[ 2017-08-30T10:17:30+08:00 ] 127.0.0.1 /index.php/Home/Search/cat_search/cat_id/1.html
NOTIC: D方法实例化没找到模型类Admin\Model\GoodsAttrModel

[ 2017-08-30T10:18:14+08:00 ] 127.0.0.1 /index.php/Home/Search/cat_search/cat_id/1.html
NOTIC: D方法实例化没找到模型类Admin\Model\GoodsAttrModel

[ 2017-08-30T10:19:05+08:00 ] 127.0.0.1 /index.php/Home/Search/cat_search/cat_id/1.html
NOTIC: D方法实例化没找到模型类Admin\Model\GoodsAttrModel

[ 2017-08-30T10:21:22+08:00 ] 127.0.0.1 /index.php/Home/Search/cat_search/cat_id/1.html
NOTIC: D方法实例化没找到模型类Admin\Model\GoodsAttrModel

[ 2017-08-30T10:22:37+08:00 ] 127.0.0.1 /index.php/Home/Search/cat_search/cat_id/1.html
NOTIC: D方法实例化没找到模型类Admin\Model\GoodsAttrModel

[ 2017-08-30T10:35:02+08:00 ] 127.0.0.1 /index.php/Home/Search/cat_search/cat_id/1.html
NOTIC: D方法实例化没找到模型类Admin\Model\GoodsAttrModel

[ 2017-08-30T10:36:16+08:00 ] 127.0.0.1 /index.php/Home/Search/cat_search/cat_id/1.html
NOTIC: D方法实例化没找到模型类Admin\Model\GoodsAttrModel

[ 2017-08-30T10:36:17+08:00 ] 127.0.0.1 /index.php/Home/Member/ajaxChkLogin.html
INFO: [ app_begin ] --START--
INFO: Run Behavior\ReadHtmlCacheBehavior [ RunTime:0.000524s ]
INFO: [ app_begin ] --END-- [ RunTime:0.000837s ]
INFO: [ app_end ] --START--
INFO: Run Behavior\ShowPageTraceBehavior [ RunTime:0.000507s ]
INFO: [ app_end ] --END-- [ RunTime:0.000555s ]

[ 2017-08-30T10:37:00+08:00 ] 127.0.0.1 /index.php/Home/Search/cat_search/cat_id/1.html
NOTIC: D方法实例化没找到模型类Admin\Model\GoodsAttrModel

[ 2017-08-30T10:37:00+08:00 ] 127.0.0.1 /index.php/Home/Member/ajaxChkLogin.html
INFO: [ app_begin ] --START--
INFO: Run Behavior\ReadHtmlCacheBehavior [ RunTime:0.000582s ]
INFO: [ app_begin ] --END-- [ RunTime:0.000971s ]
INFO: [ app_end ] --START--
INFO: Run Behavior\ShowPageTraceBehavior [ RunTime:0.000585s ]
INFO: [ app_end ] --END-- [ RunTime:0.000639s ]

[ 2017-08-30T10:37:38+08:00 ] 127.0.0.1 /index.php/Home/Search/cat_search/cat_id/1.html
NOTIC: D方法实例化没找到模型类Admin\Model\GoodsAttrModel

[ 2017-08-30T10:37:39+08:00 ] 127.0.0.1 /index.php/Home/Member/ajaxChkLogin.html
INFO: [ app_begin ] --START--
INFO: Run Behavior\ReadHtmlCacheBehavior [ RunTime:0.000750s ]
INFO: [ app_begin ] --END-- [ RunTime:0.001171s ]
INFO: [ app_end ] --START--
INFO: Run Behavior\ShowPageTraceBehavior [ RunTime:0.000580s ]
INFO: [ app_end ] --END-- [ RunTime:0.000637s ]

[ 2017-08-30T10:39:33+08:00 ] 127.0.0.1 /index.php/Home/Search/cat_search/cat_id/1.html
NOTIC: D方法实例化没找到模型类Admin\Model\GoodsAttrModel

[ 2017-08-30T10:39:33+08:00 ] 127.0.0.1 /index.php/Home/Member/ajaxChkLogin.html
INFO: [ app_begin ] --START--
INFO: Run Behavior\ReadHtmlCacheBehavior [ RunTime:0.000958s ]
INFO: [ app_begin ] --END-- [ RunTime:0.001384s ]
INFO: [ app_end ] --START--
INFO: Run Behavior\ShowPageTraceBehavior [ RunTime:0.000717s ]
INFO: [ app_end ] --END-- [ RunTime:0.000775s ]

[ 2017-08-30T15:13:47+08:00 ] 127.0.0.1 /index.php/Home/Search/cat_search/cat_id/1.html
NOTIC: D方法实例化没找到模型类Admin\Model\GoodsAttrModel

[ 2017-08-30T15:13:47+08:00 ] 127.0.0.1 /index.php/Home/Member/ajaxChkLogin.html
INFO: [ app_begin ] --START--
INFO: Run Behavior\ReadHtmlCacheBehavior [ RunTime:0.000662s ]
INFO: [ app_begin ] --END-- [ RunTime:0.000937s ]
INFO: [ app_end ] --START--
INFO: Run Behavior\ShowPageTraceBehavior [ RunTime:0.000698s ]
INFO: [ app_end ] --END-- [ RunTime:0.000763s ]

[ 2017-08-30T15:14:00+08:00 ] 127.0.0.1 /index.php/Home/Search/cat_search/cat_id/1.html
NOTIC: D方法实例化没找到模型类Admin\Model\GoodsAttrModel

[ 2017-08-30T15:14:00+08:00 ] 127.0.0.1 /index.php/Home/Member/ajaxChkLogin.html
INFO: [ app_begin ] --START--
INFO: Run Behavior\ReadHtmlCacheBehavior [ RunTime:0.000561s ]
INFO: [ app_begin ] --END-- [ RunTime:0.000857s ]
INFO: [ app_end ] --START--
INFO: Run Behavior\ShowPageTraceBehavior [ RunTime:0.000522s ]
INFO: [ app_end ] --END-- [ RunTime:0.000572s ]

[ 2017-08-30T15:14:18+08:00 ] 127.0.0.1 /index.php/Home/Search/cat_search/cat_id/1.html
NOTIC: D方法实例化没找到模型类Admin\Model\GoodsAttrModel

[ 2017-08-30T15:14:18+08:00 ] 127.0.0.1 /index.php/Home/Member/ajaxChkLogin.html
INFO: [ app_begin ] --START--
INFO: Run Behavior\ReadHtmlCacheBehavior [ RunTime:0.000839s ]
INFO: [ app_begin ] --END-- [ RunTime:0.001399s ]
INFO: [ app_end ] --START--
INFO: Run Behavior\ShowPageTraceBehavior [ RunTime:0.000709s ]
INFO: [ app_end ] --END-- [ RunTime:0.000773s ]

[ 2017-08-30T15:15:08+08:00 ] 127.0.0.1 /index.php/Home/Search/cat_search/cat_id/1.html
NOTIC: D方法实例化没找到模型类Admin\Model\GoodsAttrModel

[ 2017-08-30T15:15:08+08:00 ] 127.0.0.1 /index.php/Home/Member/ajaxChkLogin.html
INFO: [ app_begin ] --START--
INFO: Run Behavior\ReadHtmlCacheBehavior [ RunTime:0.000503s ]
INFO: [ app_begin ] --END-- [ RunTime:0.000833s ]
INFO: [ app_end ] --START--
INFO: Run Behavior\ShowPageTraceBehavior [ RunTime:0.000534s ]
INFO: [ app_end ] --END-- [ RunTime:0.000589s ]

[ 2017-08-30T15:17:22+08:00 ] 127.0.0.1 /index.php/Home/Search/cat_search/cat_id/index.html
NOTIC: D方法实例化没找到模型类Admin\Model\GoodsAttrModel

[ 2017-08-30T15:17:26+08:00 ] 127.0.0.1 /index.php/Home/Member/ajaxChkLogin.html
INFO: [ app_begin ] --START--
INFO: Run Behavior\ReadHtmlCacheBehavior [ RunTime:0.000637s ]
INFO: [ app_begin ] --END-- [ RunTime:0.001005s ]
INFO: [ app_end ] --START--
INFO: Run Behavior\ShowPageTraceBehavior [ RunTime:0.000668s ]
INFO: [ app_end ] --END-- [ RunTime:0.000722s ]

[ 2017-08-30T15:17:39+08:00 ] 127.0.0.1 /index.php/Home/Member/ajaxChkLogin.html
INFO: [ app_begin ] --START--
INFO: Run Behavior\ReadHtmlCacheBehavior [ RunTime:0.000634s ]
INFO: [ app_begin ] --END-- [ RunTime:0.001032s ]
INFO: [ app_end ] --START--
INFO: Run Behavior\ShowPageTraceBehavior [ RunTime:0.001234s ]
INFO: [ app_end ] --END-- [ RunTime:0.001459s ]

[ 2017-08-30T15:17:41+08:00 ] 127.0.0.1 /index.php/Home/Search/cat_search/cat_id/1
NOTIC: D方法实例化没找到模型类Admin\Model\GoodsAttrModel

[ 2017-08-30T15:21:31+08:00 ] 127.0.0.1 /index.php/Home/Search/cat_search/cat_id/1
NOTIC: D方法实例化没找到模型类Admin\Model\GoodsAttrModel

[ 2017-08-30T15:24:17+08:00 ] 127.0.0.1 /index.php/Home/Search/cat_search/cat_id/1
NOTIC: D方法实例化没找到模型类Admin\Model\GoodsAttrModel

[ 2017-08-30T15:24:18+08:00 ] 127.0.0.1 /index.php/Home/Member/ajaxChkLogin.html
INFO: [ app_begin ] --START--
INFO: Run Behavior\ReadHtmlCacheBehavior [ RunTime:0.000772s ]
INFO: [ app_begin ] --END-- [ RunTime:0.001318s ]
INFO: [ app_end ] --START--
INFO: Run Behavior\ShowPageTraceBehavior [ RunTime:0.000770s ]
INFO: [ app_end ] --END-- [ RunTime:0.000842s ]

[ 2017-08-30T15:24:21+08:00 ] 127.0.0.1 /index.php/Home/Member/ajaxChkLogin.html
INFO: [ app_begin ] --START--
INFO: Run Behavior\ReadHtmlCacheBehavior [ RunTime:0.000515s ]
INFO: [ app_begin ] --END-- [ RunTime:0.000822s ]
INFO: [ app_end ] --START--
INFO: Run Behavior\ShowPageTraceBehavior [ RunTime:0.000585s ]
INFO: [ app_end ] --END-- [ RunTime:0.000649s ]

[ 2017-08-30T15:24:23+08:00 ] 127.0.0.1 /index.php/Home/Search/cat_search/cat_id/2
NOTIC: D方法实例化没找到模型类Admin\Model\GoodsAttrModel

[ 2017-08-30T15:26:11+08:00 ] 127.0.0.1 /index.php/Home/Search/cat_search/cat_id/2
NOTIC: D方法实例化没找到模型类Admin\Model\GoodsAttrModel

[ 2017-08-30T15:27:37+08:00 ] 127.0.0.1 /index.php/Home/Search/cat_search/cat_id/2
NOTIC: D方法实例化没找到模型类Admin\Model\GoodsAttrModel

[ 2017-08-30T15:28:00+08:00 ] 127.0.0.1 /index.php/Home/Search/cat_search/cat_id/2
NOTIC: D方法实例化没找到模型类Admin\Model\GoodsAttrModel

[ 2017-08-30T15:29:35+08:00 ] 127.0.0.1 /index.php/Home/Member/ajaxChkLogin.html
INFO: [ app_begin ] --START--
INFO: Run Behavior\ReadHtmlCacheBehavior [ RunTime:0.000691s ]
INFO: [ app_begin ] --END-- [ RunTime:0.001096s ]
INFO: [ app_end ] --START--
INFO: Run Behavior\ShowPageTraceBehavior [ RunTime:0.000944s ]
INFO: [ app_end ] --END-- [ RunTime:0.001035s ]

[ 2017-08-30T15:29:37+08:00 ] 127.0.0.1 /index.php/Home/Search/cat_search/cat_id/1
NOTIC: D方法实例化没找到模型类Admin\Model\GoodsAttrModel

[ 2017-08-30T15:29:43+08:00 ] 127.0.0.1 /index.php/Home/Member/ajaxChkLogin.html
INFO: [ app_begin ] --START--
INFO: Run Behavior\ReadHtmlCacheBehavior [ RunTime:0.004852s ]
INFO: [ app_begin ] --END-- [ RunTime:0.005872s ]
INFO: [ app_end ] --START--
INFO: Run Behavior\ShowPageTraceBehavior [ RunTime:0.000523s ]
INFO: [ app_end ] --END-- [ RunTime:0.000574s ]

[ 2017-08-30T15:29:46+08:00 ] 127.0.0.1 /index.php/Home/Member/ajaxChkLogin.html
INFO: [ app_begin ] --START--
INFO: Run Behavior\ReadHtmlCacheBehavior [ RunTime:0.000866s ]
INFO: [ app_begin ] --END-- [ RunTime:0.001303s ]
INFO: [ app_end ] --START--
INFO: Run Behavior\ShowPageTraceBehavior [ RunTime:0.000939s ]
INFO: [ app_end ] --END-- [ RunTime:0.001071s ]

[ 2017-08-30T15:29:48+08:00 ] 127.0.0.1 /index.php/Home/Search/cat_search/cat_id/1.html
NOTIC: D方法实例化没找到模型类Admin\Model\GoodsAttrModel

[ 2017-08-30T15:31:49+08:00 ] 127.0.0.1 /index.php/Home/Member/ajaxChkLogin.html
INFO: [ app_begin ] --START--
INFO: Run Behavior\ReadHtmlCacheBehavior [ RunTime:0.000663s ]
INFO: [ app_begin ] --END-- [ RunTime:0.000989s ]
INFO: [ app_end ] --START--
INFO: Run Behavior\ShowPageTraceBehavior [ RunTime:0.001003s ]
INFO: [ app_end ] --END-- [ RunTime:0.001126s ]

[ 2017-08-30T15:31:52+08:00 ] 127.0.0.1 /index.php/Home/Member/ajaxChkLogin.html
INFO: [ app_begin ] --START--
INFO: Run Behavior\ReadHtmlCacheBehavior [ RunTime:0.000552s ]
INFO: [ app_begin ] --END-- [ RunTime:0.000883s ]
INFO: [ app_end ] --START--
INFO: Run Behavior\ShowPageTraceBehavior [ RunTime:0.000580s ]
INFO: [ app_end ] --END-- [ RunTime:0.000660s ]

[ 2017-08-30T15:31:53+08:00 ] 127.0.0.1 /index.php/Home/Search/cat_id
ERR: 非法操作:cat_id

[ 2017-08-30T15:32:12+08:00 ] 127.0.0.1 /index.php/Home/Search/cat_id
ERR: 非法操作:cat_id

[ 2017-08-30T15:32:34+08:00 ] 127.0.0.1 /index.php/Home/Search/cat_id
ERR: 非法操作:cat_id

[ 2017-08-30T15:32:36+08:00 ] 127.0.0.1 /index.php/Home/Member/ajaxChkLogin.html
INFO: [ app_begin ] --START--
INFO: Run Behavior\ReadHtmlCacheBehavior [ RunTime:0.000649s ]
INFO: [ app_begin ] --END-- [ RunTime:0.001033s ]
INFO: [ app_end ] --START--
INFO: Run Behavior\ShowPageTraceBehavior [ RunTime:0.000598s ]
INFO: [ app_end ] --END-- [ RunTime:0.000665s ]

[ 2017-08-30T15:32:38+08:00 ] 127.0.0.1 /index.php/Home/Member/ajaxChkLogin.html
INFO: [ app_begin ] --START--
INFO: Run Behavior\ReadHtmlCacheBehavior [ RunTime:0.000860s ]
INFO: [ app_begin ] --END-- [ RunTime:0.001337s ]
INFO: [ app_end ] --START--
INFO: Run Behavior\ShowPageTraceBehavior [ RunTime:0.000809s ]
INFO: [ app_end ] --END-- [ RunTime:0.000900s ]

[ 2017-08-30T15:32:43+08:00 ] 127.0.0.1 /index.php/Home/Search/cat_search/cat_id/1
NOTIC: D方法实例化没找到模型类Admin\Model\GoodsAttrModel

[ 2017-08-30T15:33:38+08:00 ] 127.0.0.1 /index.php/Home/Search/cat_search/cat_id/1
NOTIC: D方法实例化没找到模型类Admin\Model\GoodsAttrModel

[ 2017-08-30T15:33:40+08:00 ] 127.0.0.1 /index.php/Home/Member/ajaxChkLogin.html
INFO: [ app_begin ] --START--
INFO: Run Behavior\ReadHtmlCacheBehavior [ RunTime:0.000596s ]
INFO: [ app_begin ] --END-- [ RunTime:0.000921s ]
INFO: [ app_end ] --START--
INFO: Run Behavior\ShowPageTraceBehavior [ RunTime:0.000704s ]
INFO: [ app_end ] --END-- [ RunTime:0.000841s ]

[ 2017-08-30T15:33:44+08:00 ] 127.0.0.1 /index.php/Home/Member/ajaxChkLogin.html
INFO: [ app_begin ] --START--
INFO: Run Behavior\ReadHtmlCacheBehavior [ RunTime:0.000574s ]
INFO: [ app_begin ] --END-- [ RunTime:0.000877s ]
INFO: [ app_end ] --START--
INFO: Run Behavior\ShowPageTraceBehavior [ RunTime:0.000691s ]
INFO: [ app_end ] --END-- [ RunTime:0.000772s ]

[ 2017-08-30T15:33:46+08:00 ] 127.0.0.1 /index.php/Home/Search/cat_search/cat_id/1
NOTIC: D方法实例化没找到模型类Admin\Model\GoodsAttrModel

[ 2017-08-30T15:34:23+08:00 ] 127.0.0.1 /index.php/Home/Member/ajaxChkLogin.html
INFO: [ app_begin ] --START--
INFO: Run Behavior\ReadHtmlCacheBehavior [ RunTime:0.000564s ]
INFO: [ app_begin ] --END-- [ RunTime:0.000905s ]
INFO: [ app_end ] --START--
INFO: Run Behavior\ShowPageTraceBehavior [ RunTime:0.000535s ]
INFO: [ app_end ] --END-- [ RunTime:0.000585s ]

[ 2017-08-30T15:34:27+08:00 ] 127.0.0.1 /index.php/Home/Member/ajaxChkLogin.html
INFO: [ app_begin ] --START--
INFO: Run Behavior\ReadHtmlCacheBehavior [ RunTime:0.000574s ]
INFO: [ app_begin ] --END-- [ RunTime:0.000927s ]
INFO: [ app_end ] --START--
INFO: Run Behavior\ShowPageTraceBehavior [ RunTime:0.000745s ]
INFO: [ app_end ] --END-- [ RunTime:0.000828s ]

[ 2017-08-30T15:34:29+08:00 ] 127.0.0.1 /index.php/Home/Search/cat_search/cat_id/1
NOTIC: D方法实例化没找到模型类Admin\Model\GoodsAttrModel

[ 2017-08-30T15:35:04+08:00 ] 127.0.0.1 /index.php/Home/Member/ajaxChkLogin.html
INFO: [ app_begin ] --START--
INFO: Run Behavior\ReadHtmlCacheBehavior [ RunTime:0.000644s ]
INFO: [ app_begin ] --END-- [ RunTime:0.001062s ]
INFO: [ app_end ] --START--
INFO: Run Behavior\ShowPageTraceBehavior [ RunTime:0.000535s ]
INFO: [ app_end ] --END-- [ RunTime:0.000603s ]

[ 2017-08-30T15:35:06+08:00 ] 127.0.0.1 /index.php/Home/Search/cat_search/cat_id/1
NOTIC: D方法实例化没找到模型类Admin\Model\GoodsAttrModel

[ 2017-08-30T15:36:54+08:00 ] 127.0.0.1 /index.php/Home/Member/ajaxChkLogin.html
INFO: [ app_begin ] --START--
INFO: Run Behavior\ReadHtmlCacheBehavior [ RunTime:0.000655s ]
INFO: [ app_begin ] --END-- [ RunTime:0.001017s ]
INFO: [ app_end ] --START--
INFO: Run Behavior\ShowPageTraceBehavior [ RunTime:0.000719s ]
INFO: [ app_end ] --END-- [ RunTime:0.000821s ]

[ 2017-08-30T15:38:29+08:00 ] 127.0.0.1 /index.php/Home/Search/cat_search/cat_id/24.html
NOTIC: D方法实例化没找到模型类Admin\Model\GoodsAttrModel

[ 2017-08-30T15:38:32+08:00 ] 127.0.0.1 /index.php/Home/Member/ajaxChkLogin.html
INFO: [ app_begin ] --START--
INFO: Run Behavior\ReadHtmlCacheBehavior [ RunTime:0.000701s ]
INFO: [ app_begin ] --END-- [ RunTime:0.000993s ]
INFO: [ app_end ] --START--
INFO: Run Behavior\ShowPageTraceBehavior [ RunTime:0.001563s ]
INFO: [ app_end ] --END-- [ RunTime:0.001706s ]

[ 2017-08-30T15:38:36+08:00 ] 127.0.0.1 /index.php/Home/Search/cat_search/cat_id/21.html
NOTIC: D方法实例化没找到模型类Admin\Model\GoodsAttrModel

[ 2017-08-30T15:39:32+08:00 ] 127.0.0.1 /index.php/Home/Member/ajaxChkLogin.html
INFO: [ app_begin ] --START--
INFO: Run Behavior\ReadHtmlCacheBehavior [ RunTime:0.000890s ]
INFO: [ app_begin ] --END-- [ RunTime:0.002019s ]
INFO: [ app_end ] --START--
INFO: Run Behavior\ShowPageTraceBehavior [ RunTime:0.001041s ]
INFO: [ app_end ] --END-- [ RunTime:0.001213s ]

[ 2017-08-30T15:39:34+08:00 ] 127.0.0.1 /index.php/Home/Member/ajaxChkLogin.html
INFO: [ app_begin ] --START--
INFO: Run Behavior\ReadHtmlCacheBehavior [ RunTime:0.000600s ]
INFO: [ app_begin ] --END-- [ RunTime:0.001055s ]
INFO: [ app_end ] --START--
INFO: Run Behavior\ShowPageTraceBehavior [ RunTime:0.000468s ]
INFO: [ app_end ] --END-- [ RunTime:0.000513s ]

[ 2017-08-30T15:39:36+08:00 ] 127.0.0.1 /index.php/Home/Member/ajaxChkLogin.html
INFO: [ app_begin ] --START--
INFO: Run Behavior\ReadHtmlCacheBehavior [ RunTime:0.000707s ]
INFO: [ app_begin ] --END-- [ RunTime:0.001164s ]
INFO: [ app_end ] --START--
INFO: Run Behavior\ShowPageTraceBehavior [ RunTime:0.000597s ]
INFO: [ app_end ] --END-- [ RunTime:0.000654s ]

[ 2017-08-30T15:40:24+08:00 ] 127.0.0.1 /index.php/Home/Search/cat_search/cat_id/22.html
NOTIC: D方法实例化没找到模型类Admin\Model\GoodsAttrModel

[ 2017-08-30T15:40:24+08:00 ] 127.0.0.1 /index.php/Home/Member/ajaxChkLogin.html
INFO: [ app_begin ] --START--
INFO: Run Behavior\ReadHtmlCacheBehavior [ RunTime:0.000604s ]
INFO: [ app_begin ] --END-- [ RunTime:0.000961s ]
INFO: [ app_end ] --START--
INFO: Run Behavior\ShowPageTraceBehavior [ RunTime:0.000901s ]
INFO: [ app_end ] --END-- [ RunTime:0.000979s ]

[ 2017-08-30T15:43:30+08:00 ] 127.0.0.1 /index.php/Home/Member/ajaxChkLogin.html
INFO: [ app_begin ] --START--
INFO: Run Behavior\ReadHtmlCacheBehavior [ RunTime:0.000827s ]
INFO: [ app_begin ] --END-- [ RunTime:0.001326s ]
INFO: [ app_end ] --START--
INFO: Run Behavior\ShowPageTraceBehavior [ RunTime:0.001235s ]
INFO: [ app_end ] --END-- [ RunTime:0.001366s ]

[ 2017-08-30T15:43:33+08:00 ] 127.0.0.1 /index.php/Home/Search/cat_search/cat_id/8
NOTIC: D方法实例化没找到模型类Admin\Model\GoodsAttrModel

[ 2017-08-30T15:43:33+08:00 ] 127.0.0.1 /index.php/Home/Member/ajaxChkLogin.html
INFO: [ app_begin ] --START--
INFO: Run Behavior\ReadHtmlCacheBehavior [ RunTime:0.000762s ]
INFO: [ app_begin ] --END-- [ RunTime:0.001182s ]
INFO: [ app_end ] --START--
INFO: Run Behavior\ShowPageTraceBehavior [ RunTime:0.000723s ]
INFO: [ app_end ] --END-- [ RunTime:0.000822s ]

[ 2017-08-30T15:45:50+08:00 ] 127.0.0.1 /index.php/Home/Search/cat_search/cat_id/8
NOTIC: D方法实例化没找到模型类Admin\Model\GoodsAttrModel

[ 2017-08-30T15:45:50+08:00 ] 127.0.0.1 /index.php/Home/Member/ajaxChkLogin.html
INFO: [ app_begin ] --START--
INFO: Run Behavior\ReadHtmlCacheBehavior [ RunTime:0.000848s ]
INFO: [ app_begin ] --END-- [ RunTime:0.001230s ]
INFO: [ app_end ] --START--
INFO: Run Behavior\ShowPageTraceBehavior [ RunTime:0.000698s ]
INFO: [ app_end ] --END-- [ RunTime:0.000760s ]

[ 2017-08-30T15:46:07+08:00 ] 127.0.0.1 /index.php/Home/Search/cat_search/cat_id/1
NOTIC: D方法实例化没找到模型类Admin\Model\GoodsAttrModel

[ 2017-08-30T15:46:07+08:00 ] 127.0.0.1 /index.php/Home/Member/ajaxChkLogin.html
INFO: [ app_begin ] --START--
INFO: Run Behavior\ReadHtmlCacheBehavior [ RunTime:0.000463s ]
INFO: [ app_begin ] --END-- [ RunTime:0.000781s ]
INFO: [ app_end ] --START--
INFO: Run Behavior\ShowPageTraceBehavior [ RunTime:0.000416s ]
INFO: [ app_end ] --END-- [ RunTime:0.000458s ]

[ 2017-08-30T15:46:49+08:00 ] 127.0.0.1 /index.php/Home/Search/cat_search/cat_id/1
NOTIC: D方法实例化没找到模型类Admin\Model\GoodsAttrModel

[ 2017-08-30T15:46:49+08:00 ] 127.0.0.1 /index.php/Home/Member/ajaxChkLogin.html
INFO: [ app_begin ] --START--
INFO: Run Behavior\ReadHtmlCacheBehavior [ RunTime:0.000529s ]
INFO: [ app_begin ] --END-- [ RunTime:0.000808s ]
INFO: [ app_end ] --START--
INFO: Run Behavior\ShowPageTraceBehavior [ RunTime:0.000403s ]
INFO: [ app_end ] --END-- [ RunTime:0.000441s ]

[ 2017-08-30T15:47:05+08:00 ] 127.0.0.1 /index.php/Home/Search/cat_search/cat_id/1
NOTIC: D方法实例化没找到模型类Admin\Model\GoodsAttrModel

[ 2017-08-30T15:47:06+08:00 ] 127.0.0.1 /index.php/Home/Member/ajaxChkLogin.html
INFO: [ app_begin ] --START--
INFO: Run Behavior\ReadHtmlCacheBehavior [ RunTime:0.000720s ]
INFO: [ app_begin ] --END-- [ RunTime:0.004819s ]
INFO: [ app_end ] --START--
INFO: Run Behavior\ShowPageTraceBehavior [ RunTime:0.000470s ]
INFO: [ app_end ] --END-- [ RunTime:0.000515s ]

[ 2017-08-30T15:47:13+08:00 ] 127.0.0.1 /index.php/Home/Search/cat_search/cat_id/1/brand_id/6
NOTIC: D方法实例化没找到模型类Admin\Model\GoodsAttrModel

[ 2017-08-30T15:47:13+08:00 ] 127.0.0.1 /index.php/Home/Member/ajaxChkLogin.html
INFO: [ app_begin ] --START--
INFO: Run Behavior\ReadHtmlCacheBehavior [ RunTime:0.000798s ]
INFO: [ app_begin ] --END-- [ RunTime:0.001193s ]
INFO: [ app_end ] --START--
INFO: Run Behavior\ShowPageTraceBehavior [ RunTime:0.005085s ]
INFO: [ app_end ] --END-- [ RunTime:0.005161s ]

[ 2017-08-30T15:53:04+08:00 ] 127.0.0.1 /index.php/Home/Search/cat_search/cat_id/1/brand_id/6
NOTIC: D方法实例化没找到模型类Admin\Model\GoodsAttrModel

[ 2017-08-30T15:53:04+08:00 ] 127.0.0.1 /index.php/Home/Member/ajaxChkLogin.html
INFO: [ app_begin ] --START--
INFO: Run Behavior\ReadHtmlCacheBehavior [ RunTime:0.000730s ]
INFO: [ app_begin ] --END-- [ RunTime:0.001101s ]
INFO: [ app_end ] --START--
INFO: Run Behavior\ShowPageTraceBehavior [ RunTime:0.000561s ]
INFO: [ app_end ] --END-- [ RunTime:0.000612s ]

[ 2017-08-30T15:53:09+08:00 ] 127.0.0.1 /index.php/Home/Search/cat_search/cat_id/1/
NOTIC: D方法实例化没找到模型类Admin\Model\GoodsAttrModel

[ 2017-08-30T15:53:09+08:00 ] 127.0.0.1 /index.php/Home/Member/ajaxChkLogin.html
INFO: [ app_begin ] --START--
INFO: Run Behavior\ReadHtmlCacheBehavior [ RunTime:0.000850s ]
INFO: [ app_begin ] --END-- [ RunTime:0.001194s ]
INFO: [ app_end ] --START--
INFO: Run Behavior\ShowPageTraceBehavior [ RunTime:0.000646s ]
INFO: [ app_end ] --END-- [ RunTime:0.000697s ]

[ 2017-08-30T15:53:11+08:00 ] 127.0.0.1 /index.php/Home/Search/cat_search/cat_id/1//brand_id/5-%E8%8B%B9%E6%9E%9C
NOTIC: D方法实例化没找到模型类Admin\Model\GoodsAttrModel

[ 2017-08-30T15:53:11+08:00 ] 127.0.0.1 /index.php/Home/Member/ajaxChkLogin.html
INFO: [ app_begin ] --START--
INFO: Run Behavior\ReadHtmlCacheBehavior [ RunTime:0.000694s ]
INFO: [ app_begin ] --END-- [ RunTime:0.001051s ]
INFO: [ app_end ] --START--
INFO: Run Behavior\ShowPageTraceBehavior [ RunTime:0.000658s ]
INFO: [ app_end ] --END-- [ RunTime:0.000725s ]

[ 2017-08-30T15:54:13+08:00 ] 127.0.0.1 /index.php/Home/Search/cat_search/cat_id/1//brand_id/5-%E8%8B%B9%E6%9E%9C
NOTIC: D方法实例化没找到模型类Admin\Model\GoodsAttrModel

[ 2017-08-30T15:54:13+08:00 ] 127.0.0.1 /index.php/Home/Member/ajaxChkLogin.html
INFO: [ app_begin ] --START--
INFO: Run Behavior\ReadHtmlCacheBehavior [ RunTime:0.000731s ]
INFO: [ app_begin ] --END-- [ RunTime:0.001107s ]
INFO: [ app_end ] --START--
INFO: Run Behavior\ShowPageTraceBehavior [ RunTime:0.000832s ]
INFO: [ app_end ] --END-- [ RunTime:0.000911s ]

[ 2017-08-30T15:54:34+08:00 ] 127.0.0.1 /index.php/Home/Search/cat_search/cat_id/1//brand_id/5-%E8%8B%B9%E6%9E%9C
NOTIC: D方法实例化没找到模型类Admin\Model\GoodsAttrModel

[ 2017-08-30T15:54:34+08:00 ] 127.0.0.1 /index.php/Home/Member/ajaxChkLogin.html
INFO: [ app_begin ] --START--
INFO: Run Behavior\ReadHtmlCacheBehavior [ RunTime:0.000518s ]
INFO: [ app_begin ] --END-- [ RunTime:0.000808s ]
INFO: [ app_end ] --START--
INFO: Run Behavior\ShowPageTraceBehavior [ RunTime:0.000453s ]
INFO: [ app_end ] --END-- [ RunTime:0.000491s ]

[ 2017-08-30T15:55:08+08:00 ] 127.0.0.1 /index.php/Home/Search/cat_search/cat_id/1//brand_id/5-%E8%8B%B9%E6%9E%9C/brand_id/5-%E8%8B%B9%E6%9E%9C
NOTIC: D方法实例化没找到模型类Admin\Model\GoodsAttrModel

[ 2017-08-30T15:55:08+08:00 ] 127.0.0.1 /index.php/Home/Member/ajaxChkLogin.html
INFO: [ app_begin ] --START--
INFO: Run Behavior\ReadHtmlCacheBehavior [ RunTime:0.002523s ]
INFO: [ app_begin ] --END-- [ RunTime:0.002912s ]
INFO: [ app_end ] --START--
INFO: Run Behavior\ShowPageTraceBehavior [ RunTime:0.000633s ]
INFO: [ app_end ] --END-- [ RunTime:0.000749s ]

[ 2017-08-30T15:55:11+08:00 ] 127.0.0.1 /index.php/Home/Search/cat_search/cat_id/1//brand_id/5-%E8%8B%B9%E6%9E%9C/brand_id/5-%E8%8B%B9%E6%9E%9C/brand_id/5-%E8%8B%B9%E6%9E%9C
NOTIC: D方法实例化没找到模型类Admin\Model\GoodsAttrModel

[ 2017-08-30T15:55:11+08:00 ] 127.0.0.1 /index.php/Home/Member/ajaxChkLogin.html
INFO: [ app_begin ] --START--
INFO: Run Behavior\ReadHtmlCacheBehavior [ RunTime:0.000519s ]
INFO: [ app_begin ] --END-- [ RunTime:0.000775s ]
INFO: [ app_end ] --START--
INFO: Run Behavior\ShowPageTraceBehavior [ RunTime:0.000463s ]
INFO: [ app_end ] --END-- [ RunTime:0.000502s ]

[ 2017-08-30T15:55:25+08:00 ] 127.0.0.1 /index.php/Home/Search/cat_search/cat_id/1
NOTIC: D方法实例化没找到模型类Admin\Model\GoodsAttrModel

[ 2017-08-30T15:55:25+08:00 ] 127.0.0.1 /index.php/Home/Member/ajaxChkLogin.html
INFO: [ app_begin ] --START--
INFO: Run Behavior\ReadHtmlCacheBehavior [ RunTime:0.000423s ]
INFO: [ app_begin ] --END-- [ RunTime:0.000672s ]
INFO: [ app_end ] --START--
INFO: Run Behavior\ShowPageTraceBehavior [ RunTime:0.000388s ]
INFO: [ app_end ] --END-- [ RunTime:0.000425s ]

[ 2017-08-30T15:55:27+08:00 ] 127.0.0.1 /index.php/Home/Search/cat_search/cat_id/1/brand_id/5-%E8%8B%B9%E6%9E%9C
NOTIC: D方法实例化没找到模型类Admin\Model\GoodsAttrModel

[ 2017-08-30T15:55:27+08:00 ] 127.0.0.1 /index.php/Home/Member/ajaxChkLogin.html
INFO: [ app_begin ] --START--
INFO: Run Behavior\ReadHtmlCacheBehavior [ RunTime:0.000673s ]
INFO: [ app_begin ] --END-- [ RunTime:0.001069s ]
INFO: [ app_end ] --START--
INFO: Run Behavior\ShowPageTraceBehavior [ RunTime:0.000575s ]
INFO: [ app_end ] --END-- [ RunTime:0.000642s ]

[ 2017-08-30T15:55:47+08:00 ] 127.0.0.1 /index.php/Home/Search/cat_search/cat_id/1
NOTIC: D方法实例化没找到模型类Admin\Model\GoodsAttrModel

[ 2017-08-30T15:55:47+08:00 ] 127.0.0.1 /index.php/Home/Member/ajaxChkLogin.html
INFO: [ app_begin ] --START--
INFO: Run Behavior\ReadHtmlCacheBehavior [ RunTime:0.000609s ]
INFO: [ app_begin ] --END-- [ RunTime:0.000908s ]
INFO: [ app_end ] --START--
INFO: Run Behavior\ShowPageTraceBehavior [ RunTime:0.001230s ]
INFO: [ app_end ] --END-- [ RunTime:0.001340s ]

[ 2017-08-30T15:55:49+08:00 ] 127.0.0.1 /index.php/Home/Search/cat_search/cat_id/1/brand_id/5-%E8%8B%B9%E6%9E%9C
NOTIC: D方法实例化没找到模型类Admin\Model\GoodsAttrModel

[ 2017-08-30T15:55:50+08:00 ] 127.0.0.1 /index.php/Home/Member/ajaxChkLogin.html
INFO: [ app_begin ] --START--
INFO: Run Behavior\ReadHtmlCacheBehavior [ RunTime:0.000878s ]
INFO: [ app_begin ] --END-- [ RunTime:0.001318s ]
INFO: [ app_end ] --START--
INFO: Run Behavior\ShowPageTraceBehavior [ RunTime:0.002001s ]
INFO: [ app_end ] --END-- [ RunTime:0.002079s ]

[ 2017-08-30T16:00:13+08:00 ] 127.0.0.1 /index.php/Home/Search/cat_search/cat_id/1/brand_id/5-%E8%8B%B9%E6%9E%9C
NOTIC: D方法实例化没找到模型类Admin\Model\GoodsAttrModel

[ 2017-08-30T16:00:13+08:00 ] 127.0.0.1 /index.php/Home/Member/ajaxChkLogin.html
INFO: [ app_begin ] --START--
INFO: Run Behavior\ReadHtmlCacheBehavior [ RunTime:0.000571s ]
INFO: [ app_begin ] --END-- [ RunTime:0.000823s ]
INFO: [ app_end ] --START--
INFO: Run Behavior\ShowPageTraceBehavior [ RunTime:0.000682s ]
INFO: [ app_end ] --END-- [ RunTime:0.000743s ]

[ 2017-08-30T16:00:56+08:00 ] 127.0.0.1 /index.php/Home/Search/cat_search/cat_id/1/brand_id/5-%E8%8B%B9%E6%9E%9C
NOTIC: D方法实例化没找到模型类Admin\Model\GoodsAttrModel

[ 2017-08-30T16:00:56+08:00 ] 127.0.0.1 /index.php/Home/Member/ajaxChkLogin.html
INFO: [ app_begin ] --START--
INFO: Run Behavior\ReadHtmlCacheBehavior [ RunTime:0.000466s ]
INFO: [ app_begin ] --END-- [ RunTime:0.000815s ]
INFO: [ app_end ] --START--
INFO: Run Behavior\ShowPageTraceBehavior [ RunTime:0.000411s ]
INFO: [ app_end ] --END-- [ RunTime:0.000457s ]

[ 2017-08-30T16:01:01+08:00 ] 127.0.0.1 /index.php/Home/Search/cat_search/cat_id/1/brand_id/5-%E8%8B%B9%E6%9E%9C
NOTIC: D方法实例化没找到模型类Admin\Model\GoodsAttrModel

[ 2017-08-30T16:01:02+08:00 ] 127.0.0.1 /index.php/Home/Member/ajaxChkLogin.html
INFO: [ app_begin ] --START--
INFO: Run Behavior\ReadHtmlCacheBehavior [ RunTime:0.000654s ]
INFO: [ app_begin ] --END-- [ RunTime:0.001034s ]
INFO: [ app_end ] --START--
INFO: Run Behavior\ShowPageTraceBehavior [ RunTime:0.000586s ]
INFO: [ app_end ] --END-- [ RunTime:0.000640s ]

[ 2017-08-30T16:01:38+08:00 ] 127.0.0.1 /index.php/Home/Search/cat_search/cat_id/1/brand_id/5-%E8%8B%B9%E6%9E%9C
NOTIC: D方法实例化没找到模型类Admin\Model\GoodsAttrModel

[ 2017-08-30T16:01:38+08:00 ] 127.0.0.1 /index.php/Home/Member/ajaxChkLogin.html
INFO: [ app_begin ] --START--
INFO: Run Behavior\ReadHtmlCacheBehavior [ RunTime:0.000935s ]
INFO: [ app_begin ] --END-- [ RunTime:0.005033s ]
INFO: [ app_end ] --START--
INFO: Run Behavior\ShowPageTraceBehavior [ RunTime:0.000675s ]
INFO: [ app_end ] --END-- [ RunTime:0.000742s ]

[ 2017-08-30T16:01:42+08:00 ] 127.0.0.1 /index.php/Home/Search/cat_search/cat_id/1
NOTIC: D方法实例化没找到模型类Admin\Model\GoodsAttrModel

[ 2017-08-30T16:01:42+08:00 ] 127.0.0.1 /index.php/Home/Member/ajaxChkLogin.html
INFO: [ app_begin ] --START--
INFO: Run Behavior\ReadHtmlCacheBehavior [ RunTime:0.000645s ]
INFO: [ app_begin ] --END-- [ RunTime:0.001003s ]
INFO: [ app_end ] --START--
INFO: Run Behavior\ShowPageTraceBehavior [ RunTime:0.000583s ]
INFO: [ app_end ] --END-- [ RunTime:0.000638s ]

[ 2017-08-30T16:05:52+08:00 ] 127.0.0.1 /index.php/Home/Search/cat_search/cat_id/1
NOTIC: D方法实例化没找到模型类Admin\Model\GoodsAttrModel

[ 2017-08-30T16:05:52+08:00 ] 127.0.0.1 /index.php/Home/Member/ajaxChkLogin.html
INFO: [ app_begin ] --START--
INFO: Run Behavior\ReadHtmlCacheBehavior [ RunTime:0.001186s ]
INFO: [ app_begin ] --END-- [ RunTime:0.001765s ]
INFO: [ app_end ] --START--
INFO: Run Behavior\ShowPageTraceBehavior [ RunTime:0.001102s ]
INFO: [ app_end ] --END-- [ RunTime:0.001167s ]

[ 2017-08-30T16:05:56+08:00 ] 127.0.0.1 /index.php/Home/Search/cat_search/cat_id/1/brand_id/5-%E8%8B%B9%E6%9E%9C
NOTIC: D方法实例化没找到模型类Admin\Model\GoodsAttrModel

[ 2017-08-30T16:05:56+08:00 ] 127.0.0.1 /index.php/Home/Member/ajaxChkLogin.html
INFO: [ app_begin ] --START--
INFO: Run Behavior\ReadHtmlCacheBehavior [ RunTime:0.000738s ]
INFO: [ app_begin ] --END-- [ RunTime:0.001107s ]
INFO: [ app_end ] --START--
INFO: Run Behavior\ShowPageTraceBehavior [ RunTime:0.000495s ]
INFO: [ app_end ] --END-- [ RunTime:0.000543s ]

[ 2017-08-30T16:06:01+08:00 ] 127.0.0.1 /index.php/Home/Search/cat_search/cat_id/1/brand_id/5-%E8%8B%B9%E6%9E%9C/price/0
NOTIC: D方法实例化没找到模型类Admin\Model\GoodsAttrModel

[ 2017-08-30T16:06:01+08:00 ] 127.0.0.1 /index.php/Home/Member/ajaxChkLogin.html
INFO: [ app_begin ] --START--
INFO: Run Behavior\ReadHtmlCacheBehavior [ RunTime:0.000519s ]
INFO: [ app_begin ] --END-- [ RunTime:0.000800s ]
INFO: [ app_end ] --START--
INFO: Run Behavior\ShowPageTraceBehavior [ RunTime:0.000470s ]
INFO: [ app_end ] --END-- [ RunTime:0.000509s ]

[ 2017-08-30T16:07:04+08:00 ] 127.0.0.1 /index.php/Home/Search/cat_search/cat_id/1
NOTIC: D方法实例化没找到模型类Admin\Model\GoodsAttrModel

[ 2017-08-30T16:07:04+08:00 ] 127.0.0.1 /index.php/Home/Member/ajaxChkLogin.html
INFO: [ app_begin ] --START--
INFO: Run Behavior\ReadHtmlCacheBehavior [ RunTime:0.000558s ]
INFO: [ app_begin ] --END-- [ RunTime:0.001040s ]
INFO: [ app_end ] --START--
INFO: Run Behavior\ShowPageTraceBehavior [ RunTime:0.000444s ]
INFO: [ app_end ] --END-- [ RunTime:0.000503s ]

[ 2017-08-30T16:07:07+08:00 ] 127.0.0.1 /index.php/Home/Search/cat_search/cat_id/1/brand_id/5-%E8%8B%B9%E6%9E%9C
NOTIC: D方法实例化没找到模型类Admin\Model\GoodsAttrModel

[ 2017-08-30T16:07:07+08:00 ] 127.0.0.1 /index.php/Home/Member/ajaxChkLogin.html
INFO: [ app_begin ] --START--
INFO: Run Behavior\ReadHtmlCacheBehavior [ RunTime:0.000577s ]
INFO: [ app_begin ] --END-- [ RunTime:0.000856s ]
INFO: [ app_end ] --START--
INFO: Run Behavior\ShowPageTraceBehavior [ RunTime:0.000613s ]
INFO: [ app_end ] --END-- [ RunTime:0.000679s ]

[ 2017-08-30T16:07:10+08:00 ] 127.0.0.1 /index.php/Home/Search/cat_search/cat_id/1/brand_id/5-%E8%8B%B9%E6%9E%9C/price/0-5891
NOTIC: D方法实例化没找到模型类Admin\Model\GoodsAttrModel

[ 2017-08-30T16:07:10+08:00 ] 127.0.0.1 /index.php/Home/Member/ajaxChkLogin.html
INFO: [ app_begin ] --START--
INFO: Run Behavior\ReadHtmlCacheBehavior [ RunTime:0.000430s ]
INFO: [ app_begin ] --END-- [ RunTime:0.000681s ]
INFO: [ app_end ] --START--
INFO: Run Behavior\ShowPageTraceBehavior [ RunTime:0.000424s ]
INFO: [ app_end ] --END-- [ RunTime:0.000462s ]

[ 2017-08-30T16:07:13+08:00 ] 127.0.0.1 /index.php/Home/Search/cat_search/cat_id/1/brand_id/5-%E8%8B%B9%E6%9E%9C
NOTIC: D方法实例化没找到模型类Admin\Model\GoodsAttrModel

[ 2017-08-30T16:07:13+08:00 ] 127.0.0.1 /index.php/Home/Member/ajaxChkLogin.html
INFO: [ app_begin ] --START--
INFO: Run Behavior\ReadHtmlCacheBehavior [ RunTime:0.000637s ]
INFO: [ app_begin ] --END-- [ RunTime:0.000990s ]
INFO: [ app_end ] --START--
INFO: Run Behavior\ShowPageTraceBehavior [ RunTime:0.000612s ]
INFO: [ app_end ] --END-- [ RunTime:0.000671s ]

[ 2017-08-30T16:19:20+08:00 ] 127.0.0.1 /index.php/Home/Search/cat_search/cat_id/1
NOTIC: D方法实例化没找到模型类Admin\Model\GoodsAttrModel

[ 2017-08-30T16:19:20+08:00 ] 127.0.0.1 /index.php/Home/Member/ajaxChkLogin.html
INFO: [ app_begin ] --START--
INFO: Run Behavior\ReadHtmlCacheBehavior [ RunTime:0.000597s ]
INFO: [ app_begin ] --END-- [ RunTime:0.000932s ]
INFO: [ app_end ] --START--
INFO: Run Behavior\ShowPageTraceBehavior [ RunTime:0.000570s ]
INFO: [ app_end ] --END-- [ RunTime:0.000619s ]

[ 2017-08-30T16:23:41+08:00 ] 127.0.0.1 /index.php/Home/Search/cat_search/cat_id/1
NOTIC: D方法实例化没找到模型类Admin\Model\GoodsAttrModel

[ 2017-08-30T16:38:46+08:00 ] 127.0.0.1 /index.php/Home/Search/cat_search/cat_id/1
NOTIC: D方法实例化没找到模型类Admin\Model\GoodsAttrModel

[ 2017-08-30T16:39:11+08:00 ] 127.0.0.1 /index.php/Home/Search/cat_search/cat_id/1
NOTIC: D方法实例化没找到模型类Admin\Model\GoodsAttrModel

[ 2017-08-30T16:41:45+08:00 ] 127.0.0.1 /index.php/Home/Search/cat_search/cat_id/1
NOTIC: D方法实例化没找到模型类Admin\Model\GoodsAttrModel

[ 2017-08-30T16:42:37+08:00 ] 127.0.0.1 /index.php/Home/Search/cat_search/cat_id/1
NOTIC: D方法实例化没找到模型类Admin\Model\GoodsAttrModel

[ 2017-08-30T16:42:37+08:00 ] 127.0.0.1 /index.php/Home/Member/ajaxChkLogin.html
INFO: [ app_begin ] --START--
INFO: Run Behavior\ReadHtmlCacheBehavior [ RunTime:0.000787s ]
INFO: [ app_begin ] --END-- [ RunTime:0.001168s ]
INFO: [ app_end ] --START--
INFO: Run Behavior\ShowPageTraceBehavior [ RunTime:0.000710s ]
INFO: [ app_end ] --END-- [ RunTime:0.000774s ]

[ 2017-08-30T16:43:28+08:00 ] 127.0.0.1 /index.php/Home/Search/cat_search/cat_id/1/brand_id/5-%E8%8B%B9%E6%9E%9C
NOTIC: D方法实例化没找到模型类Admin\Model\GoodsAttrModel

[ 2017-08-30T16:43:28+08:00 ] 127.0.0.1 /index.php/Home/Member/ajaxChkLogin.html
INFO: [ app_begin ] --START--
INFO: Run Behavior\ReadHtmlCacheBehavior [ RunTime:0.000741s ]
INFO: [ app_begin ] --END-- [ RunTime:0.001112s ]
INFO: [ app_end ] --START--
INFO: Run Behavior\ShowPageTraceBehavior [ RunTime:0.000685s ]
INFO: [ app_end ] --END-- [ RunTime:0.000746s ]

[ 2017-08-30T16:44:33+08:00 ] 127.0.0.1 /index.php/Home/Search/cat_search/cat_id/1
NOTIC: D方法实例化没找到模型类Admin\Model\GoodsAttrModel

[ 2017-08-30T16:44:33+08:00 ] 127.0.0.1 /index.php/Home/Member/ajaxChkLogin.html
INFO: [ app_begin ] --START--
INFO: Run Behavior\ReadHtmlCacheBehavior [ RunTime:0.000706s ]
INFO: [ app_begin ] --END-- [ RunTime:0.001306s ]
INFO: [ app_end ] --START--
INFO: Run Behavior\ShowPageTraceBehavior [ RunTime:0.000544s ]
INFO: [ app_end ] --END-- [ RunTime:0.000599s ]

[ 2017-08-30T16:52:49+08:00 ] 127.0.0.1 /index.php/Home/Search/cat_search/cat_id/1
NOTIC: D方法实例化没找到模型类Admin\Model\GoodsAttrModel

[ 2017-08-30T16:53:31+08:00 ] 127.0.0.1 /index.php/Home/Search/cat_search/cat_id/1
NOTIC: D方法实例化没找到模型类Admin\Model\GoodsAttrModel

[ 2017-08-30T16:53:31+08:00 ] 127.0.0.1 /index.php/Home/Member/ajaxChkLogin.html
INFO: [ app_begin ] --START--
INFO: Run Behavior\ReadHtmlCacheBehavior [ RunTime:0.000737s ]
INFO: [ app_begin ] --END-- [ RunTime:0.001139s ]
INFO: [ app_end ] --START--
INFO: Run Behavior\ShowPageTraceBehavior [ RunTime:0.000665s ]
INFO: [ app_end ] --END-- [ RunTime:0.000733s ]

[ 2017-08-30T16:55:04+08:00 ] 127.0.0.1 /index.php/Home/Search/cat_search/cat_id/1
NOTIC: D方法实例化没找到模型类Admin\Model\GoodsAttrModel

[ 2017-08-30T16:55:04+08:00 ] 127.0.0.1 /index.php/Home/Member/ajaxChkLogin.html
INFO: [ app_begin ] --START--
INFO: Run Behavior\ReadHtmlCacheBehavior [ RunTime:0.000450s ]
INFO: [ app_begin ] --END-- [ RunTime:0.000749s ]
INFO: [ app_end ] --START--
INFO: Run Behavior\ShowPageTraceBehavior [ RunTime:0.000455s ]
INFO: [ app_end ] --END-- [ RunTime:0.000507s ]

[ 2017-08-30T16:55:08+08:00 ] 127.0.0.1 /index.php/Home/Search/cat_search/cat_id/1//4.7-%E5%B1%8F%E5%B9%95%E5%B0%BA%E5%AF%B8
NOTIC: D方法实例化没找到模型类Admin\Model\GoodsAttrModel

[ 2017-08-30T16:55:08+08:00 ] 127.0.0.1 /index.php/Home/Member/ajaxChkLogin.html
INFO: [ app_begin ] --START--
INFO: Run Behavior\ReadHtmlCacheBehavior [ RunTime:0.000455s ]
INFO: [ app_begin ] --END-- [ RunTime:0.000713s ]
INFO: [ app_end ] --START--
INFO: Run Behavior\ShowPageTraceBehavior [ RunTime:0.000418s ]
INFO: [ app_end ] --END-- [ RunTime:0.000455s ]

[ 2017-08-30T16:55:51+08:00 ] 127.0.0.1 /index.php/Home/Search/cat_search/cat_id/1/
NOTIC: D方法实例化没找到模型类Admin\Model\GoodsAttrModel

[ 2017-08-30T16:55:51+08:00 ] 127.0.0.1 /index.php/Home/Member/ajaxChkLogin.html
INFO: [ app_begin ] --START--
INFO: Run Behavior\ReadHtmlCacheBehavior [ RunTime:0.000817s ]
INFO: [ app_begin ] --END-- [ RunTime:0.001435s ]
INFO: [ app_end ] --START--
INFO: Run Behavior\ShowPageTraceBehavior [ RunTime:0.000520s ]
INFO: [ app_end ] --END-- [ RunTime:0.000564s ]

[ 2017-08-30T16:55:54+08:00 ] 127.0.0.1 /index.php/Home/Search/cat_search/cat_id/1//attr_1/54-%E5%B0%BA%E5%AF%B8
NOTIC: D方法实例化没找到模型类Admin\Model\GoodsAttrModel

[ 2017-08-30T16:55:54+08:00 ] 127.0.0.1 /index.php/Home/Member/ajaxChkLogin.html
INFO: [ app_begin ] --START--
INFO: Run Behavior\ReadHtmlCacheBehavior [ RunTime:0.000524s ]
INFO: [ app_begin ] --END-- [ RunTime:0.000808s ]
INFO: [ app_end ] --START--
INFO: Run Behavior\ShowPageTraceBehavior [ RunTime:0.000486s ]
INFO: [ app_end ] --END-- [ RunTime:0.000526s ]

[ 2017-08-30T16:56:07+08:00 ] 127.0.0.1 /index.php/Home/Search/cat_search/cat_id/1
NOTIC: D方法实例化没找到模型类Admin\Model\GoodsAttrModel

[ 2017-08-30T16:56:07+08:00 ] 127.0.0.1 /index.php/Home/Member/ajaxChkLogin.html
INFO: [ app_begin ] --START--
INFO: Run Behavior\ReadHtmlCacheBehavior [ RunTime:0.000625s ]
INFO: [ app_begin ] --END-- [ RunTime:0.000914s ]
INFO: [ app_end ] --START--
INFO: Run Behavior\ShowPageTraceBehavior [ RunTime:0.005437s ]
INFO: [ app_end ] --END-- [ RunTime:0.005555s ]

[ 2017-08-30T16:56:10+08:00 ] 127.0.0.1 /index.php/Home/Search/cat_search/cat_id/1/attr_1/54-%E5%B0%BA%E5%AF%B8
NOTIC: D方法实例化没找到模型类Admin\Model\GoodsAttrModel

[ 2017-08-30T16:56:10+08:00 ] 127.0.0.1 /index.php/Home/Member/ajaxChkLogin.html
INFO: [ app_begin ] --START--
INFO: Run Behavior\ReadHtmlCacheBehavior [ RunTime:0.000599s ]
INFO: [ app_begin ] --END-- [ RunTime:0.000943s ]
INFO: [ app_end ] --START--
INFO: Run Behavior\ShowPageTraceBehavior [ RunTime:0.000550s ]
INFO: [ app_end ] --END-- [ RunTime:0.000603s ]

[ 2017-08-30T16:56:18+08:00 ] 127.0.0.1 /index.php/Home/Search/cat_search/cat_id/1
NOTIC: D方法实例化没找到模型类Admin\Model\GoodsAttrModel

[ 2017-08-30T16:56:18+08:00 ] 127.0.0.1 /index.php/Home/Member/ajaxChkLogin.html
INFO: [ app_begin ] --START--
INFO: Run Behavior\ReadHtmlCacheBehavior [ RunTime:0.001342s ]
INFO: [ app_begin ] --END-- [ RunTime:0.001633s ]
INFO: [ app_end ] --START--
INFO: Run Behavior\ShowPageTraceBehavior [ RunTime:0.000495s ]
INFO: [ app_end ] --END-- [ RunTime:0.000554s ]

[ 2017-08-30T16:56:21+08:00 ] 127.0.0.1 /index.php/Home/Search/cat_search/cat_id/1/attr_1/54-%E5%B0%BA%E5%AF%B8
NOTIC: D方法实例化没找到模型类Admin\Model\GoodsAttrModel

[ 2017-08-30T16:56:22+08:00 ] 127.0.0.1 /index.php/Home/Member/ajaxChkLogin.html
INFO: [ app_begin ] --START--
INFO: Run Behavior\ReadHtmlCacheBehavior [ RunTime:0.000540s ]
INFO: [ app_begin ] --END-- [ RunTime:0.000902s ]
INFO: [ app_end ] --START--
INFO: Run Behavior\ShowPageTraceBehavior [ RunTime:0.000482s ]
INFO: [ app_end ] --END-- [ RunTime:0.000527s ]

[ 2017-08-30T16:58:34+08:00 ] 127.0.0.1 /index.php/Home/Search/cat_search/cat_id/1
NOTIC: D方法实例化没找到模型类Admin\Model\GoodsAttrModel

[ 2017-08-30T16:58:34+08:00 ] 127.0.0.1 /index.php/Home/Member/ajaxChkLogin.html
INFO: [ app_begin ] --START--
INFO: Run Behavior\ReadHtmlCacheBehavior [ RunTime:0.000752s ]
INFO: [ app_begin ] --END-- [ RunTime:0.001167s ]
INFO: [ app_end ] --START--
INFO: Run Behavior\ShowPageTraceBehavior [ RunTime:0.000685s ]
INFO: [ app_end ] --END-- [ RunTime:0.000740s ]

[ 2017-08-30T16:58:38+08:00 ] 127.0.0.1 /index.php/Home/Search/cat_search/cat_id/1/attr_1/54-%E5%B0%BA%E5%AF%B8
NOTIC: D方法实例化没找到模型类Admin\Model\GoodsAttrModel

[ 2017-08-30T16:58:38+08:00 ] 127.0.0.1 /index.php/Home/Member/ajaxChkLogin.html
INFO: [ app_begin ] --START--
INFO: Run Behavior\ReadHtmlCacheBehavior [ RunTime:0.004116s ]
INFO: [ app_begin ] --END-- [ RunTime:0.004387s ]
INFO: [ app_end ] --START--
INFO: Run Behavior\ShowPageTraceBehavior [ RunTime:0.000505s ]
INFO: [ app_end ] --END-- [ RunTime:0.000551s ]

[ 2017-08-30T16:58:43+08:00 ] 127.0.0.1 /index.php/Home/Search/cat_search/cat_id/1
NOTIC: D方法实例化没找到模型类Admin\Model\GoodsAttrModel

[ 2017-08-30T16:58:43+08:00 ] 127.0.0.1 /index.php/Home/Member/ajaxChkLogin.html
INFO: [ app_begin ] --START--
INFO: Run Behavior\ReadHtmlCacheBehavior [ RunTime:0.000725s ]
INFO: [ app_begin ] --END-- [ RunTime:0.001080s ]
INFO: [ app_end ] --START--
INFO: Run Behavior\ShowPageTraceBehavior [ RunTime:0.000652s ]
INFO: [ app_end ] --END-- [ RunTime:0.000707s ]

[ 2017-08-30T16:58:46+08:00 ] 127.0.0.1 /index.php/Home/Search/cat_search/cat_id/1/attr_1/54-%E5%B0%BA%E5%AF%B8
NOTIC: D方法实例化没找到模型类Admin\Model\GoodsAttrModel

[ 2017-08-30T16:58:46+08:00 ] 127.0.0.1 /index.php/Home/Member/ajaxChkLogin.html
INFO: [ app_begin ] --START--
INFO: Run Behavior\ReadHtmlCacheBehavior [ RunTime:0.000679s ]
INFO: [ app_begin ] --END-- [ RunTime:0.001043s ]
INFO: [ app_end ] --START--
INFO: Run Behavior\ShowPageTraceBehavior [ RunTime:0.000730s ]
INFO: [ app_end ] --END-- [ RunTime:0.000804s ]

[ 2017-08-30T16:58:53+08:00 ] 127.0.0.1 /index.php/Home/Search/cat_search/cat_id/1/attr_1/54-%E5%B0%BA%E5%AF%B8/attr_2/4.7-%E5%B1%8F%E5%B9%95%E5%B0%BA%E5%AF%B8
NOTIC: D方法实例化没找到模型类Admin\Model\GoodsAttrModel

[ 2017-08-30T16:58:53+08:00 ] 127.0.0.1 /index.php/Home/Member/ajaxChkLogin.html
INFO: [ app_begin ] --START--
INFO: Run Behavior\ReadHtmlCacheBehavior [ RunTime:0.000492s ]
INFO: [ app_begin ] --END-- [ RunTime:0.000840s ]
INFO: [ app_end ] --START--
INFO: Run Behavior\ShowPageTraceBehavior [ RunTime:0.000601s ]
INFO: [ app_end ] --END-- [ RunTime:0.000666s ]

[ 2017-08-30T16:58:57+08:00 ] 127.0.0.1 /index.php/Home/Search/cat_search/cat_id/1/attr_1/54-%E5%B0%BA%E5%AF%B8/attr_2/4.7-%E5%B1%8F%E5%B9%95%E5%B0%BA%E5%AF%B8/attr_5/8-%E5%8E%9A%E5%BA%A6
NOTIC: D方法实例化没找到模型类Admin\Model\GoodsAttrModel

[ 2017-08-30T16:58:57+08:00 ] 127.0.0.1 /index.php/Home/Member/ajaxChkLogin.html
INFO: [ app_begin ] --START--
INFO: Run Behavior\ReadHtmlCacheBehavior [ RunTime:0.000456s ]
INFO: [ app_begin ] --END-- [ RunTime:0.000732s ]
INFO: [ app_end ] --START--
INFO: Run Behavior\ShowPageTraceBehavior [ RunTime:0.000452s ]
INFO: [ app_end ] --END-- [ RunTime:0.000500s ]

[ 2017-08-30T16:59:03+08:00 ] 127.0.0.1 /index.php/Home/Search/cat_search/cat_id/1/attr_1/54-%E5%B0%BA%E5%AF%B8/attr_2/4.7-%E5%B1%8F%E5%B9%95%E5%B0%BA%E5%AF%B8
NOTIC: D方法实例化没找到模型类Admin\Model\GoodsAttrModel

[ 2017-08-30T16:59:03+08:00 ] 127.0.0.1 /index.php/Home/Member/ajaxChkLogin.html
INFO: [ app_begin ] --START--
INFO: Run Behavior\ReadHtmlCacheBehavior [ RunTime:0.000669s ]
INFO: [ app_begin ] --END-- [ RunTime:0.001066s ]
INFO: [ app_end ] --START--
INFO: Run Behavior\ShowPageTraceBehavior [ RunTime:0.000626s ]
INFO: [ app_end ] --END-- [ RunTime:0.000683s ]

[ 2017-08-30T16:59:05+08:00 ] 127.0.0.1 /index.php/Home/Search/cat_search/cat_id/1/attr_1/54-%E5%B0%BA%E5%AF%B8
NOTIC: D方法实例化没找到模型类Admin\Model\GoodsAttrModel

[ 2017-08-30T16:59:06+08:00 ] 127.0.0.1 /index.php/Home/Search/cat_search/cat_id/1/attr_1/54-%E5%B0%BA%E5%AF%B8
NOTIC: D方法实例化没找到模型类Admin\Model\GoodsAttrModel

[ 2017-08-30T16:59:07+08:00 ] 127.0.0.1 /index.php/Home/Member/ajaxChkLogin.html
INFO: [ app_begin ] --START--
INFO: Run Behavior\ReadHtmlCacheBehavior [ RunTime:0.000545s ]
INFO: [ app_begin ] --END-- [ RunTime:0.000878s ]
INFO: [ app_end ] --START--
INFO: Run Behavior\ShowPageTraceBehavior [ RunTime:0.000612s ]
INFO: [ app_end ] --END-- [ RunTime:0.000696s ]

[ 2017-08-30T20:04:30+08:00 ] 127.0.0.1 /index.php/Home/Search/cat_search/cat_id/1/attr_1/54-%E5%B0%BA%E5%AF%B8/brand_id/5-%E8%8B%B9%E6%9E%9C
NOTIC: D方法实例化没找到模型类Admin\Model\GoodsAttrModel

[ 2017-08-30T20:04:30+08:00 ] 127.0.0.1 /index.php/Home/Member/ajaxChkLogin.html
INFO: [ app_begin ] --START--
INFO: Run Behavior\ReadHtmlCacheBehavior [ RunTime:0.002081s ]
INFO: [ app_begin ] --END-- [ RunTime:0.015648s ]
INFO: [ app_end ] --START--
INFO: Run Behavior\ShowPageTraceBehavior [ RunTime:0.000948s ]
INFO: [ app_end ] --END-- [ RunTime:0.001050s ]

[ 2017-08-30T20:18:36+08:00 ] 127.0.0.1 /index.php/Home/Search/cat_search/cat_id/1/attr_1/54-%E5%B0%BA%E5%AF%B8/brand_id/5-%E8%8B%B9%E6%9E%9C/attr_2/4.7-%E5%B1%8F%E5%B9%95%E5%B0%BA%E5%AF%B8
NOTIC: D方法实例化没找到模型类Admin\Model\GoodsAttrModel

[ 2017-08-30T20:18:37+08:00 ] 127.0.0.1 /index.php/Home/Member/ajaxChkLogin.html
INFO: [ app_begin ] --START--
INFO: Run Behavior\ReadHtmlCacheBehavior [ RunTime:0.000958s ]
INFO: [ app_begin ] --END-- [ RunTime:0.001751s ]
INFO: [ app_end ] --START--
INFO: Run Behavior\ShowPageTraceBehavior [ RunTime:0.004676s ]
INFO: [ app_end ] --END-- [ RunTime:0.005187s ]

[ 2017-08-30T20:20:18+08:00 ] 127.0.0.1 /index.php/Home/Cart/ajaxGetCart.html
INFO: [ app_begin ] --START--
INFO: Run Behavior\ReadHtmlCacheBehavior [ RunTime:0.000648s ]
INFO: [ app_begin ] --END-- [ RunTime:0.001087s ]
NOTIC: [2048] Declaration of Home\Model\CartModel::add() should be compatible with Think\Model::add($data = '', $options = Array, $replace = false) D:\phpStudy\WWW\39shop\Application\Home\Model\CartModel.class.php 第 13 行.
SQL: DESCRIBE p39_cart [ RunTime:0.009336s ]
NOTIC: D方法实例化没找到模型类Admin\Model\GoodsAttrModel
SQL: DESCRIBE p39_goods_attr [ RunTime:0.009983s ]
SQL: DESCRIBE p39_goods [ RunTime:0.007269s ]
INFO: [ app_end ] --START--
INFO: Run Behavior\ShowPageTraceBehavior [ RunTime:0.000727s ]
INFO: [ app_end ] --END-- [ RunTime:0.000789s ]

[ 2017-08-30T21:12:08+08:00 ] 127.0.0.1 /index.php/Home/Search/cat_search/cat_id/1/attr_1/54-%E5%B0%BA%E5%AF%B8/brand_id/5-%E8%8B%B9%E6%9E%9C/attr_2/4.7-%E5%B1%8F%E5%B9%95%E5%B0%BA%E5%AF%B8/price/0-5891
NOTIC: D方法实例化没找到模型类Admin\Model\GoodsAttrModel

[ 2017-08-30T21:12:08+08:00 ] 127.0.0.1 /index.php/Home/Member/ajaxChkLogin.html
INFO: [ app_begin ] --START--
INFO: Run Behavior\ReadHtmlCacheBehavior [ RunTime:0.000743s ]
INFO: [ app_begin ] --END-- [ RunTime:0.001078s ]
INFO: [ app_end ] --START--
INFO: Run Behavior\ShowPageTraceBehavior [ RunTime:0.000491s ]
INFO: [ app_end ] --END-- [ RunTime:0.000536s ]

[ 2017-08-30T22:13:41+08:00 ] 127.0.0.1 /index.php/Home/Search/cat_search/cat_id
NOTIC: D方法实例化没找到模型类Admin\Model\GoodsAttrModel
NOTIC: D方法实例化没找到模型类Admin\Model\OrderGoodsModel

[ 2017-08-30T22:14:14+08:00 ] 127.0.0.1 /index.php/Home/Search/cat_search/cat_id/1
NOTIC: D方法实例化没找到模型类Admin\Model\GoodsAttrModel
NOTIC: D方法实例化没找到模型类Admin\Model\OrderGoodsModel

[ 2017-08-30T22:18:49+08:00 ] 127.0.0.1 /index.php/Home/Search/cat_search/cat_id/1
NOTIC: D方法实例化没找到模型类Admin\Model\GoodsAttrModel
NOTIC: D方法实例化没找到模型类Admin\Model\OrderGoodsModel

[ 2017-08-30T22:23:00+08:00 ] 127.0.0.1 /index.php/Home/Search/cat_search/cat_id/1
NOTIC: D方法实例化没找到模型类Admin\Model\GoodsAttrModel
NOTIC: D方法实例化没找到模型类Admin\Model\OrderGoodsModel

[ 2017-08-30T22:23:21+08:00 ] 127.0.0.1 /index.php/Home/Search/cat_search/cat_id/1
NOTIC: D方法实例化没找到模型类Admin\Model\GoodsAttrModel
NOTIC: D方法实例化没找到模型类Admin\Model\OrderGoodsModel

[ 2017-08-30T22:23:21+08:00 ] 127.0.0.1 /index.php/Home/Member/ajaxChkLogin.html
INFO: [ app_begin ] --START--
INFO: Run Behavior\ReadHtmlCacheBehavior [ RunTime:0.000617s ]
INFO: [ app_begin ] --END-- [ RunTime:0.000938s ]
INFO: [ app_end ] --START--
INFO: Run Behavior\ShowPageTraceBehavior [ RunTime:0.000589s ]
INFO: [ app_end ] --END-- [ RunTime:0.000639s ]

[ 2017-08-30T22:23:25+08:00 ] 127.0.0.1 /index.php/Home/Search/cat_search/cat_id/1
NOTIC: D方法实例化没找到模型类Admin\Model\GoodsAttrModel
NOTIC: D方法实例化没找到模型类Admin\Model\OrderGoodsModel

[ 2017-08-30T22:23:25+08:00 ] 127.0.0.1 /index.php/Home/Member/ajaxChkLogin.html
INFO: [ app_begin ] --START--
INFO: Run Behavior\ReadHtmlCacheBehavior [ RunTime:0.000662s ]
INFO: [ app_begin ] --END-- [ RunTime:0.000971s ]
INFO: [ app_end ] --START--
INFO: Run Behavior\ShowPageTraceBehavior [ RunTime:0.000739s ]
INFO: [ app_end ] --END-- [ RunTime:0.000805s ]

