[ 2017-08-28T07:54:51+08:00 ] 127.0.0.1 /index.php/Home/Index/goods/id/105.html
NOTIC: D方法实例化没找到模型类Admin\Model\GoodsAttrModel
NOTIC: D方法实例化没找到模型类Admin\Model\GoodsPicModel
NOTIC: D方法实例化没找到模型类Admin\Model\MemberPriceModel

[ 2017-08-28T07:54:53+08:00 ] 127.0.0.1 /index.php/Home/Index/ajaxGetMemberPrice/goods_id/105.html
INFO: [ app_begin ] --START--
INFO: Run Behavior\ReadHtmlCacheBehavior [ RunTime:0.000986s ]
INFO: [ app_begin ] --END-- [ RunTime:0.001423s ]
SQL: DESCRIBE p39_category [ RunTime:0.019325s ]
SQL: SELECT * FROM `p39_category`  [ RunTime:0.000987s ]
SQL: DESCRIBE p39_goods [ RunTime:0.010568s ]
SQL: SELECT `promote_price` FROM `p39_goods` WHERE `promote_start_date` <= '2017-08-28 07:54' AND `promote_end_date` >= '2017-08-28 07:54' AND `id` = '105' LIMIT 1   [ RunTime:0.000724s ]
NOTIC: D方法实例化没找到模型类Admin\Model\MemberPriceModel
SQL: DESCRIBE p39_member_price [ RunTime:0.009484s ]
SQL: SELECT `price` FROM `p39_member_price` WHERE `level_id` = '1' AND `goods_id` = '105' LIMIT 1   [ RunTime:0.000891s ]
INFO: [ app_end ] --START--
INFO: Run Behavior\ShowPageTraceBehavior [ RunTime:0.000803s ]
INFO: [ app_end ] --END-- [ RunTime:0.000852s ]

[ 2017-08-28T07:54:54+08:00 ] 127.0.0.1 /index.php/Home/Index/displayHistory/id/105.html
INFO: [ app_begin ] --START--
INFO: Run Behavior\ReadHtmlCacheBehavior [ RunTime:0.000871s ]
INFO: [ app_begin ] --END-- [ RunTime:0.001395s ]
SQL: DESCRIBE p39_category [ RunTime:0.008059s ]
SQL: SELECT * FROM `p39_category`  [ RunTime:0.000357s ]
SQL: DESCRIBE p39_goods [ RunTime:0.007310s ]
SQL: SELECT `id`,`goods_name`,`sm_logo` FROM `p39_goods` WHERE `id` IN ('105','95') AND `is_on_sale` = '是' ORDER BY FIELD(id,105,95) LIMIT 6   [ RunTime:0.000956s ]
INFO: [ app_end ] --START--
INFO: Run Behavior\ShowPageTraceBehavior [ RunTime:0.000549s ]
INFO: [ app_end ] --END-- [ RunTime:0.000585s ]

[ 2017-08-28T07:54:54+08:00 ] 127.0.0.1 /index.php/Home/Member/ajaxChkLogin.html
INFO: [ app_begin ] --START--
INFO: Run Behavior\ReadHtmlCacheBehavior [ RunTime:0.001698s ]
INFO: [ app_begin ] --END-- [ RunTime:0.002942s ]
INFO: [ app_end ] --START--
INFO: Run Behavior\ShowPageTraceBehavior [ RunTime:0.000623s ]
INFO: [ app_end ] --END-- [ RunTime:0.000681s ]

[ 2017-08-28T08:16:06+08:00 ] 127.0.0.1 /index.php/Home/Index/goods/id/105.html
NOTIC: D方法实例化没找到模型类Admin\Model\GoodsAttrModel
NOTIC: D方法实例化没找到模型类Admin\Model\GoodsPicModel
NOTIC: D方法实例化没找到模型类Admin\Model\MemberPriceModel

[ 2017-08-28T08:16:08+08:00 ] 127.0.0.1 /index.php/Home/Index/ajaxGetMemberPrice/goods_id/105.html
INFO: [ app_begin ] --START--
INFO: Run Behavior\ReadHtmlCacheBehavior [ RunTime:0.000725s ]
INFO: [ app_begin ] --END-- [ RunTime:0.001091s ]
SQL: DESCRIBE p39_category [ RunTime:0.008175s ]
SQL: SELECT * FROM `p39_category`  [ RunTime:0.000610s ]
SQL: DESCRIBE p39_goods [ RunTime:0.008369s ]
SQL: SELECT `promote_price` FROM `p39_goods` WHERE `promote_start_date` <= '2017-08-28 08:16' AND `promote_end_date` >= '2017-08-28 08:16' AND `id` = '105' LIMIT 1   [ RunTime:0.000262s ]
NOTIC: D方法实例化没找到模型类Admin\Model\MemberPriceModel
SQL: DESCRIBE p39_member_price [ RunTime:0.010526s ]
SQL: SELECT `price` FROM `p39_member_price` WHERE `level_id` = '1' AND `goods_id` = '105' LIMIT 1   [ RunTime:0.000663s ]
INFO: [ app_end ] --START--
INFO: Run Behavior\ShowPageTraceBehavior [ RunTime:0.000528s ]
INFO: [ app_end ] --END-- [ RunTime:0.000562s ]

[ 2017-08-28T08:16:08+08:00 ] 127.0.0.1 /index.php/Home/Member/ajaxChkLogin.html
INFO: [ app_begin ] --START--
INFO: Run Behavior\ReadHtmlCacheBehavior [ RunTime:0.000774s ]
INFO: [ app_begin ] --END-- [ RunTime:0.001112s ]
INFO: [ app_end ] --START--
INFO: Run Behavior\ShowPageTraceBehavior [ RunTime:0.000725s ]
INFO: [ app_end ] --END-- [ RunTime:0.000797s ]

[ 2017-08-28T08:16:09+08:00 ] 127.0.0.1 /index.php/Home/Index/displayHistory/id/105.html
INFO: [ app_begin ] --START--
INFO: Run Behavior\ReadHtmlCacheBehavior [ RunTime:0.000870s ]
INFO: [ app_begin ] --END-- [ RunTime:0.002447s ]
SQL: DESCRIBE p39_category [ RunTime:0.015314s ]
SQL: SELECT * FROM `p39_category`  [ RunTime:0.000837s ]
SQL: DESCRIBE p39_goods [ RunTime:0.011170s ]
SQL: SELECT `id`,`goods_name`,`sm_logo` FROM `p39_goods` WHERE `id` IN ('105','95') AND `is_on_sale` = '是' ORDER BY FIELD(id,105,95) LIMIT 6   [ RunTime:0.000588s ]
INFO: [ app_end ] --START--
INFO: Run Behavior\ShowPageTraceBehavior [ RunTime:0.000604s ]
INFO: [ app_end ] --END-- [ RunTime:0.000643s ]

[ 2017-08-28T09:25:16+08:00 ] 127.0.0.1 /index.php/Home/Index/goods/id/105.html
NOTIC: D方法实例化没找到模型类Admin\Model\GoodsAttrModel
NOTIC: D方法实例化没找到模型类Admin\Model\GoodsPicModel
NOTIC: D方法实例化没找到模型类Admin\Model\MemberPriceModel

[ 2017-08-28T09:25:17+08:00 ] 127.0.0.1 /index.php/Home/Index/ajaxGetMemberPrice/goods_id/105.html
INFO: [ app_begin ] --START--
INFO: Run Behavior\ReadHtmlCacheBehavior [ RunTime:0.000987s ]
INFO: [ app_begin ] --END-- [ RunTime:0.001489s ]
SQL: DESCRIBE p39_category [ RunTime:0.017065s ]
SQL: SELECT * FROM `p39_category`  [ RunTime:0.000874s ]
SQL: DESCRIBE p39_goods [ RunTime:0.019551s ]
SQL: SELECT `promote_price` FROM `p39_goods` WHERE `promote_start_date` <= '2017-08-28 09:25' AND `promote_end_date` >= '2017-08-28 09:25' AND `id` = '105' LIMIT 1   [ RunTime:0.000434s ]
NOTIC: D方法实例化没找到模型类Admin\Model\MemberPriceModel
SQL: DESCRIBE p39_member_price [ RunTime:0.014126s ]
SQL: SELECT `price` FROM `p39_member_price` WHERE `level_id` = '1' AND `goods_id` = '105' LIMIT 1   [ RunTime:0.000897s ]
INFO: [ app_end ] --START--
INFO: Run Behavior\ShowPageTraceBehavior [ RunTime:0.000802s ]
INFO: [ app_end ] --END-- [ RunTime:0.000841s ]

[ 2017-08-28T09:25:17+08:00 ] 127.0.0.1 /index.php/Home/Member/ajaxChkLogin.html
INFO: [ app_begin ] --START--
INFO: Run Behavior\ReadHtmlCacheBehavior [ RunTime:0.000918s ]
INFO: [ app_begin ] --END-- [ RunTime:0.001369s ]
INFO: [ app_end ] --START--
INFO: Run Behavior\ShowPageTraceBehavior [ RunTime:0.001026s ]
INFO: [ app_end ] --END-- [ RunTime:0.001113s ]

[ 2017-08-28T09:25:18+08:00 ] 127.0.0.1 /index.php/Home/Index/displayHistory/id/105.html
INFO: [ app_begin ] --START--
INFO: Run Behavior\ReadHtmlCacheBehavior [ RunTime:0.000550s ]
INFO: [ app_begin ] --END-- [ RunTime:0.000916s ]
SQL: DESCRIBE p39_category [ RunTime:0.010402s ]
SQL: SELECT * FROM `p39_category`  [ RunTime:0.000405s ]
SQL: DESCRIBE p39_goods [ RunTime:0.009817s ]
SQL: SELECT `id`,`goods_name`,`sm_logo` FROM `p39_goods` WHERE `id` IN ('105','95') AND `is_on_sale` = '是' ORDER BY FIELD(id,105,95) LIMIT 6   [ RunTime:0.000927s ]
INFO: [ app_end ] --START--
INFO: Run Behavior\ShowPageTraceBehavior [ RunTime:0.000847s ]
INFO: [ app_end ] --END-- [ RunTime:0.000919s ]

[ 2017-08-28T10:05:27+08:00 ] 127.0.0.1 /index.php/Home/Index/goods/id/105.html
NOTIC: D方法实例化没找到模型类Admin\Model\GoodsAttrModel
NOTIC: D方法实例化没找到模型类Admin\Model\GoodsPicModel
NOTIC: D方法实例化没找到模型类Admin\Model\MemberPriceModel

[ 2017-08-28T10:05:29+08:00 ] 127.0.0.1 /index.php/Home/Index/displayHistory/id/105.html
INFO: [ app_begin ] --START--
INFO: Run Behavior\ReadHtmlCacheBehavior [ RunTime:0.010083s ]
INFO: [ app_begin ] --END-- [ RunTime:0.010490s ]
SQL: DESCRIBE p39_category [ RunTime:0.008882s ]
SQL: SELECT * FROM `p39_category`  [ RunTime:0.000407s ]
SQL: DESCRIBE p39_goods [ RunTime:0.008523s ]
SQL: SELECT `id`,`goods_name`,`sm_logo` FROM `p39_goods` WHERE `id` IN ('105','95') AND `is_on_sale` = '是' ORDER BY FIELD(id,105,95) LIMIT 6   [ RunTime:0.000992s ]
INFO: [ app_end ] --START--
INFO: Run Behavior\ShowPageTraceBehavior [ RunTime:0.000640s ]
INFO: [ app_end ] --END-- [ RunTime:0.000691s ]

[ 2017-08-28T10:05:30+08:00 ] 127.0.0.1 /index.php/Home/Index/ajaxGetMemberPrice/goods_id/105.html
INFO: [ app_begin ] --START--
INFO: Run Behavior\ReadHtmlCacheBehavior [ RunTime:0.000928s ]
INFO: [ app_begin ] --END-- [ RunTime:0.001376s ]
SQL: DESCRIBE p39_category [ RunTime:0.036601s ]
SQL: SELECT * FROM `p39_category`  [ RunTime:0.001097s ]
SQL: DESCRIBE p39_goods [ RunTime:0.011720s ]
SQL: SELECT `promote_price` FROM `p39_goods` WHERE `promote_start_date` <= '2017-08-28 10:05' AND `promote_end_date` >= '2017-08-28 10:05' AND `id` = '105' LIMIT 1   [ RunTime:0.000360s ]
NOTIC: D方法实例化没找到模型类Admin\Model\MemberPriceModel
SQL: DESCRIBE p39_member_price [ RunTime:0.008287s ]
SQL: SELECT `price` FROM `p39_member_price` WHERE `level_id` = '1' AND `goods_id` = '105' LIMIT 1   [ RunTime:0.000862s ]
INFO: [ app_end ] --START--
INFO: Run Behavior\ShowPageTraceBehavior [ RunTime:0.000962s ]
INFO: [ app_end ] --END-- [ RunTime:0.001026s ]

[ 2017-08-28T10:05:30+08:00 ] 127.0.0.1 /index.php/Home/Member/ajaxChkLogin.html
INFO: [ app_begin ] --START--
INFO: Run Behavior\ReadHtmlCacheBehavior [ RunTime:0.001015s ]
INFO: [ app_begin ] --END-- [ RunTime:0.001489s ]
INFO: [ app_end ] --START--
INFO: Run Behavior\ShowPageTraceBehavior [ RunTime:0.000948s ]
INFO: [ app_end ] --END-- [ RunTime:0.001019s ]

[ 2017-08-28T10:05:30+08:00 ] 127.0.0.1 /index.php/Home/Cart/add.html
ERR: 无法加载控制器:Cart

[ 2017-08-28T10:07:35+08:00 ] 127.0.0.1 /index.php/Home/Index/displayHistory/id/105.html
INFO: [ app_begin ] --START--
INFO: Run Behavior\ReadHtmlCacheBehavior [ RunTime:0.000689s ]
INFO: [ app_begin ] --END-- [ RunTime:0.001050s ]
SQL: DESCRIBE p39_category [ RunTime:0.028084s ]
SQL: SELECT * FROM `p39_category`  [ RunTime:0.000585s ]
SQL: DESCRIBE p39_goods [ RunTime:0.012728s ]
SQL: SELECT `id`,`goods_name`,`sm_logo` FROM `p39_goods` WHERE `id` IN ('105','95') AND `is_on_sale` = '是' ORDER BY FIELD(id,105,95) LIMIT 6   [ RunTime:0.000560s ]
INFO: [ app_end ] --START--
INFO: Run Behavior\ShowPageTraceBehavior [ RunTime:0.000950s ]
INFO: [ app_end ] --END-- [ RunTime:0.001009s ]

[ 2017-08-28T10:07:36+08:00 ] 127.0.0.1 /index.php/Home/Index/ajaxGetMemberPrice/goods_id/105.html
INFO: [ app_begin ] --START--
INFO: Run Behavior\ReadHtmlCacheBehavior [ RunTime:0.000752s ]
INFO: [ app_begin ] --END-- [ RunTime:0.001137s ]
SQL: DESCRIBE p39_category [ RunTime:0.007475s ]
SQL: SELECT * FROM `p39_category`  [ RunTime:0.000362s ]
SQL: DESCRIBE p39_goods [ RunTime:0.007104s ]
SQL: SELECT `promote_price` FROM `p39_goods` WHERE `promote_start_date` <= '2017-08-28 10:07' AND `promote_end_date` >= '2017-08-28 10:07' AND `id` = '105' LIMIT 1   [ RunTime:0.000571s ]
NOTIC: D方法实例化没找到模型类Admin\Model\MemberPriceModel
SQL: DESCRIBE p39_member_price [ RunTime:0.006460s ]
SQL: SELECT `price` FROM `p39_member_price` WHERE `level_id` = '1' AND `goods_id` = '105' LIMIT 1   [ RunTime:0.000425s ]
INFO: [ app_end ] --START--
INFO: Run Behavior\ShowPageTraceBehavior [ RunTime:0.000529s ]
INFO: [ app_end ] --END-- [ RunTime:0.000562s ]

[ 2017-08-28T10:07:36+08:00 ] 127.0.0.1 /index.php/Home/Member/ajaxChkLogin.html
INFO: [ app_begin ] --START--
INFO: Run Behavior\ReadHtmlCacheBehavior [ RunTime:0.000661s ]
INFO: [ app_begin ] --END-- [ RunTime:0.001051s ]
INFO: [ app_end ] --START--
INFO: Run Behavior\ShowPageTraceBehavior [ RunTime:0.000653s ]
INFO: [ app_end ] --END-- [ RunTime:0.000708s ]

[ 2017-08-28T10:07:37+08:00 ] 127.0.0.1 /index.php/Home/Index/goods/id/105.html
NOTIC: D方法实例化没找到模型类Admin\Model\GoodsAttrModel
NOTIC: D方法实例化没找到模型类Admin\Model\GoodsPicModel
NOTIC: D方法实例化没找到模型类Admin\Model\MemberPriceModel

[ 2017-08-28T10:07:38+08:00 ] 127.0.0.1 /index.php/Home/Member/ajaxChkLogin.html
INFO: [ app_begin ] --START--
INFO: Run Behavior\ReadHtmlCacheBehavior [ RunTime:0.000616s ]
INFO: [ app_begin ] --END-- [ RunTime:0.000953s ]
INFO: [ app_end ] --START--
INFO: Run Behavior\ShowPageTraceBehavior [ RunTime:0.000596s ]
INFO: [ app_end ] --END-- [ RunTime:0.000655s ]

[ 2017-08-28T10:07:39+08:00 ] 127.0.0.1 /index.php/Home/Index/displayHistory/id/105.html
INFO: [ app_begin ] --START--
INFO: Run Behavior\ReadHtmlCacheBehavior [ RunTime:0.001090s ]
INFO: [ app_begin ] --END-- [ RunTime:0.001501s ]
SQL: DESCRIBE p39_category [ RunTime:0.008307s ]
SQL: SELECT * FROM `p39_category`  [ RunTime:0.000351s ]
SQL: DESCRIBE p39_goods [ RunTime:0.008201s ]
SQL: SELECT `id`,`goods_name`,`sm_logo` FROM `p39_goods` WHERE `id` IN ('105','95') AND `is_on_sale` = '是' ORDER BY FIELD(id,105,95) LIMIT 6   [ RunTime:0.000367s ]
INFO: [ app_end ] --START--
INFO: Run Behavior\ShowPageTraceBehavior [ RunTime:0.000732s ]
INFO: [ app_end ] --END-- [ RunTime:0.000768s ]

[ 2017-08-28T10:07:40+08:00 ] 127.0.0.1 /index.php/Home/Index/ajaxGetMemberPrice/goods_id/105.html
INFO: [ app_begin ] --START--
INFO: Run Behavior\ReadHtmlCacheBehavior [ RunTime:0.000801s ]
INFO: [ app_begin ] --END-- [ RunTime:0.001189s ]
SQL: DESCRIBE p39_category [ RunTime:0.021445s ]
SQL: SELECT * FROM `p39_category`  [ RunTime:0.000336s ]
SQL: DESCRIBE p39_goods [ RunTime:0.007859s ]
SQL: SELECT `promote_price` FROM `p39_goods` WHERE `promote_start_date` <= '2017-08-28 10:07' AND `promote_end_date` >= '2017-08-28 10:07' AND `id` = '105' LIMIT 1   [ RunTime:0.000278s ]
NOTIC: D方法实例化没找到模型类Admin\Model\MemberPriceModel
SQL: DESCRIBE p39_member_price [ RunTime:0.006892s ]
SQL: SELECT `price` FROM `p39_member_price` WHERE `level_id` = '1' AND `goods_id` = '105' LIMIT 1   [ RunTime:0.000512s ]
INFO: [ app_end ] --START--
INFO: Run Behavior\ShowPageTraceBehavior [ RunTime:0.000732s ]
INFO: [ app_end ] --END-- [ RunTime:0.000785s ]

[ 2017-08-28T13:39:25+08:00 ] 127.0.0.1 /index.php/Home/Cart/add.html
NOTIC: D方法实例化没找到模型类Admin\Model\GoodsNumberModel

[ 2017-08-28T13:39:29+08:00 ] 127.0.0.1 /index.php/Home/Index/displayHistory/id/105.html
INFO: [ app_begin ] --START--
INFO: Run Behavior\ReadHtmlCacheBehavior [ RunTime:0.002157s ]
INFO: [ app_begin ] --END-- [ RunTime:0.002591s ]
SQL: DESCRIBE p39_category [ RunTime:0.006923s ]
SQL: SELECT * FROM `p39_category`  [ RunTime:0.000472s ]
SQL: DESCRIBE p39_goods [ RunTime:0.007008s ]
SQL: SELECT `id`,`goods_name`,`sm_logo` FROM `p39_goods` WHERE `id` IN ('105','95') AND `is_on_sale` = '是' ORDER BY FIELD(id,105,95) LIMIT 6   [ RunTime:0.001214s ]
INFO: [ app_end ] --START--
INFO: Run Behavior\ShowPageTraceBehavior [ RunTime:0.000774s ]
INFO: [ app_end ] --END-- [ RunTime:0.000832s ]

[ 2017-08-28T13:39:30+08:00 ] 127.0.0.1 /index.php/Home/Index/ajaxGetMemberPrice/goods_id/105.html
INFO: [ app_begin ] --START--
INFO: Run Behavior\ReadHtmlCacheBehavior [ RunTime:0.000795s ]
INFO: [ app_begin ] --END-- [ RunTime:0.001203s ]
SQL: DESCRIBE p39_category [ RunTime:0.020417s ]
SQL: SELECT * FROM `p39_category`  [ RunTime:0.001631s ]
SQL: DESCRIBE p39_goods [ RunTime:0.013739s ]
SQL: SELECT `promote_price` FROM `p39_goods` WHERE `promote_start_date` <= '2017-08-28 13:39' AND `promote_end_date` >= '2017-08-28 13:39' AND `id` = '105' LIMIT 1   [ RunTime:0.000459s ]
NOTIC: D方法实例化没找到模型类Admin\Model\MemberPriceModel
SQL: DESCRIBE p39_member_price [ RunTime:0.010602s ]
SQL: SELECT `price` FROM `p39_member_price` WHERE `level_id` = '1' AND `goods_id` = '105' LIMIT 1   [ RunTime:0.001121s ]
INFO: [ app_end ] --START--
INFO: Run Behavior\ShowPageTraceBehavior [ RunTime:0.000897s ]
INFO: [ app_end ] --END-- [ RunTime:0.000952s ]

[ 2017-08-28T13:39:30+08:00 ] 127.0.0.1 /index.php/Home/Member/ajaxChkLogin.html
INFO: [ app_begin ] --START--
INFO: Run Behavior\ReadHtmlCacheBehavior [ RunTime:0.000718s ]
INFO: [ app_begin ] --END-- [ RunTime:0.001102s ]
INFO: [ app_end ] --START--
INFO: Run Behavior\ShowPageTraceBehavior [ RunTime:0.001275s ]
INFO: [ app_end ] --END-- [ RunTime:0.001380s ]

[ 2017-08-28T13:39:58+08:00 ] 127.0.0.1 /index.php/Home/Cart/add.html
NOTIC: D方法实例化没找到模型类Admin\Model\GoodsNumberModel

[ 2017-08-28T13:40:02+08:00 ] 127.0.0.1 /index.php/Home/Index/displayHistory/id/105.html
INFO: [ app_begin ] --START--
INFO: Run Behavior\ReadHtmlCacheBehavior [ RunTime:0.000829s ]
INFO: [ app_begin ] --END-- [ RunTime:0.001399s ]
SQL: DESCRIBE p39_category [ RunTime:0.010623s ]
SQL: SELECT * FROM `p39_category`  [ RunTime:0.000591s ]
SQL: DESCRIBE p39_goods [ RunTime:0.009833s ]
SQL: SELECT `id`,`goods_name`,`sm_logo` FROM `p39_goods` WHERE `id` IN ('105','95') AND `is_on_sale` = '是' ORDER BY FIELD(id,105,95) LIMIT 6   [ RunTime:0.000517s ]
INFO: [ app_end ] --START--
INFO: Run Behavior\ShowPageTraceBehavior [ RunTime:0.000795s ]
INFO: [ app_end ] --END-- [ RunTime:0.000854s ]

[ 2017-08-28T13:40:02+08:00 ] 127.0.0.1 /index.php/Home/Member/ajaxChkLogin.html
INFO: [ app_begin ] --START--
INFO: Run Behavior\ReadHtmlCacheBehavior [ RunTime:0.000669s ]
INFO: [ app_begin ] --END-- [ RunTime:0.001033s ]
INFO: [ app_end ] --START--
INFO: Run Behavior\ShowPageTraceBehavior [ RunTime:0.001082s ]
INFO: [ app_end ] --END-- [ RunTime:0.001183s ]

[ 2017-08-28T13:40:03+08:00 ] 127.0.0.1 /index.php/Home/Index/ajaxGetMemberPrice/goods_id/105.html
INFO: [ app_begin ] --START--
INFO: Run Behavior\ReadHtmlCacheBehavior [ RunTime:0.001225s ]
INFO: [ app_begin ] --END-- [ RunTime:0.001681s ]
SQL: DESCRIBE p39_category [ RunTime:0.009697s ]
SQL: SELECT * FROM `p39_category`  [ RunTime:0.000517s ]
SQL: DESCRIBE p39_goods [ RunTime:0.010391s ]
SQL: SELECT `promote_price` FROM `p39_goods` WHERE `promote_start_date` <= '2017-08-28 13:40' AND `promote_end_date` >= '2017-08-28 13:40' AND `id` = '105' LIMIT 1   [ RunTime:0.000871s ]
NOTIC: D方法实例化没找到模型类Admin\Model\MemberPriceModel
SQL: DESCRIBE p39_member_price [ RunTime:0.009623s ]
SQL: SELECT `price` FROM `p39_member_price` WHERE `level_id` = '1' AND `goods_id` = '105' LIMIT 1   [ RunTime:0.000604s ]
INFO: [ app_end ] --START--
INFO: Run Behavior\ShowPageTraceBehavior [ RunTime:0.000554s ]
INFO: [ app_end ] --END-- [ RunTime:0.000587s ]

[ 2017-08-28T13:40:21+08:00 ] 127.0.0.1 /index.php/Home/Index/goods/id/105.html
NOTIC: D方法实例化没找到模型类Admin\Model\GoodsAttrModel
NOTIC: D方法实例化没找到模型类Admin\Model\GoodsPicModel
NOTIC: D方法实例化没找到模型类Admin\Model\MemberPriceModel

[ 2017-08-28T13:40:22+08:00 ] 127.0.0.1 /index.php/Home/Index/displayHistory/id/105.html
INFO: [ app_begin ] --START--
INFO: Run Behavior\ReadHtmlCacheBehavior [ RunTime:0.002076s ]
INFO: [ app_begin ] --END-- [ RunTime:0.002550s ]
SQL: DESCRIBE p39_category [ RunTime:0.009420s ]
SQL: SELECT * FROM `p39_category`  [ RunTime:0.000436s ]
SQL: DESCRIBE p39_goods [ RunTime:0.008546s ]
SQL: SELECT `id`,`goods_name`,`sm_logo` FROM `p39_goods` WHERE `id` IN ('105','95') AND `is_on_sale` = '是' ORDER BY FIELD(id,105,95) LIMIT 6   [ RunTime:0.000457s ]
INFO: [ app_end ] --START--
INFO: Run Behavior\ShowPageTraceBehavior [ RunTime:0.000741s ]
INFO: [ app_end ] --END-- [ RunTime:0.000790s ]

[ 2017-08-28T13:40:23+08:00 ] 127.0.0.1 /index.php/Home/Index/ajaxGetMemberPrice/goods_id/105.html
INFO: [ app_begin ] --START--
INFO: Run Behavior\ReadHtmlCacheBehavior [ RunTime:0.000810s ]
INFO: [ app_begin ] --END-- [ RunTime:0.001190s ]
SQL: DESCRIBE p39_category [ RunTime:0.014558s ]
SQL: SELECT * FROM `p39_category`  [ RunTime:0.000702s ]
SQL: DESCRIBE p39_goods [ RunTime:0.008215s ]
SQL: SELECT `promote_price` FROM `p39_goods` WHERE `promote_start_date` <= '2017-08-28 13:40' AND `promote_end_date` >= '2017-08-28 13:40' AND `id` = '105' LIMIT 1   [ RunTime:0.000271s ]
NOTIC: D方法实例化没找到模型类Admin\Model\MemberPriceModel
SQL: DESCRIBE p39_member_price [ RunTime:0.007963s ]
SQL: SELECT `price` FROM `p39_member_price` WHERE `level_id` = '1' AND `goods_id` = '105' LIMIT 1   [ RunTime:0.000569s ]
INFO: [ app_end ] --START--
INFO: Run Behavior\ShowPageTraceBehavior [ RunTime:0.000617s ]
INFO: [ app_end ] --END-- [ RunTime:0.000661s ]

[ 2017-08-28T13:40:23+08:00 ] 127.0.0.1 /index.php/Home/Member/ajaxChkLogin.html
INFO: [ app_begin ] --START--
INFO: Run Behavior\ReadHtmlCacheBehavior [ RunTime:0.000853s ]
INFO: [ app_begin ] --END-- [ RunTime:0.001410s ]
INFO: [ app_end ] --START--
INFO: Run Behavior\ShowPageTraceBehavior [ RunTime:0.000927s ]
INFO: [ app_end ] --END-- [ RunTime:0.001024s ]

[ 2017-08-28T13:40:26+08:00 ] 127.0.0.1 /index.php/Home/Cart/add.html
NOTIC: D方法实例化没找到模型类Admin\Model\GoodsNumberModel

[ 2017-08-28T13:40:31+08:00 ] 127.0.0.1 /index.php/Home/Index/displayHistory/id/105.html
INFO: [ app_begin ] --START--
INFO: Run Behavior\ReadHtmlCacheBehavior [ RunTime:0.000681s ]
INFO: [ app_begin ] --END-- [ RunTime:0.001007s ]
SQL: DESCRIBE p39_category [ RunTime:0.007992s ]
SQL: SELECT * FROM `p39_category`  [ RunTime:0.000432s ]
SQL: DESCRIBE p39_goods [ RunTime:0.006590s ]
SQL: SELECT `id`,`goods_name`,`sm_logo` FROM `p39_goods` WHERE `id` IN ('105','95') AND `is_on_sale` = '是' ORDER BY FIELD(id,105,95) LIMIT 6   [ RunTime:0.000352s ]
INFO: [ app_end ] --START--
INFO: Run Behavior\ShowPageTraceBehavior [ RunTime:0.000515s ]
INFO: [ app_end ] --END-- [ RunTime:0.000554s ]

[ 2017-08-28T13:40:32+08:00 ] 127.0.0.1 /index.php/Home/Index/ajaxGetMemberPrice/goods_id/105.html
INFO: [ app_begin ] --START--
INFO: Run Behavior\ReadHtmlCacheBehavior [ RunTime:0.000626s ]
INFO: [ app_begin ] --END-- [ RunTime:0.000970s ]
SQL: DESCRIBE p39_category [ RunTime:0.015343s ]
SQL: SELECT * FROM `p39_category`  [ RunTime:0.000638s ]
SQL: DESCRIBE p39_goods [ RunTime:0.013724s ]
SQL: SELECT `promote_price` FROM `p39_goods` WHERE `promote_start_date` <= '2017-08-28 13:40' AND `promote_end_date` >= '2017-08-28 13:40' AND `id` = '105' LIMIT 1   [ RunTime:0.000527s ]
NOTIC: D方法实例化没找到模型类Admin\Model\MemberPriceModel
SQL: DESCRIBE p39_member_price [ RunTime:0.009561s ]
SQL: SELECT `price` FROM `p39_member_price` WHERE `level_id` = '1' AND `goods_id` = '105' LIMIT 1   [ RunTime:0.000442s ]
INFO: [ app_end ] --START--
INFO: Run Behavior\ShowPageTraceBehavior [ RunTime:0.000549s ]
INFO: [ app_end ] --END-- [ RunTime:0.000581s ]

[ 2017-08-28T13:40:32+08:00 ] 127.0.0.1 /index.php/Home/Member/ajaxChkLogin.html
INFO: [ app_begin ] --START--
INFO: Run Behavior\ReadHtmlCacheBehavior [ RunTime:0.000602s ]
INFO: [ app_begin ] --END-- [ RunTime:0.000911s ]
INFO: [ app_end ] --START--
INFO: Run Behavior\ShowPageTraceBehavior [ RunTime:0.000665s ]
INFO: [ app_end ] --END-- [ RunTime:0.000731s ]

[ 2017-08-28T14:13:56+08:00 ] 127.0.0.1 /index.php/Home/Cart/add.html
NOTIC: D方法实例化没找到模型类Admin\Model\GoodsNumberModel

[ 2017-08-28T14:15:03+08:00 ] 127.0.0.1 /index.php/Home/Member/ajaxChkLogin.html
INFO: [ app_begin ] --START--
INFO: Run Behavior\ReadHtmlCacheBehavior [ RunTime:0.001002s ]
INFO: [ app_begin ] --END-- [ RunTime:0.001581s ]
INFO: [ app_end ] --START--
INFO: Run Behavior\ShowPageTraceBehavior [ RunTime:0.000616s ]
INFO: [ app_end ] --END-- [ RunTime:0.000685s ]

[ 2017-08-28T14:15:08+08:00 ] 127.0.0.1 /index.php/Home/Member/ajaxChkLogin.html
INFO: [ app_begin ] --START--
INFO: Run Behavior\ReadHtmlCacheBehavior [ RunTime:0.001278s ]
INFO: [ app_begin ] --END-- [ RunTime:0.001896s ]
INFO: [ app_end ] --START--
INFO: Run Behavior\ShowPageTraceBehavior [ RunTime:0.000743s ]
INFO: [ app_end ] --END-- [ RunTime:0.000819s ]

[ 2017-08-28T14:15:11+08:00 ] 127.0.0.1 /index.php/Home/Index/goods/id/105.html
NOTIC: D方法实例化没找到模型类Admin\Model\GoodsAttrModel
NOTIC: D方法实例化没找到模型类Admin\Model\GoodsPicModel
NOTIC: D方法实例化没找到模型类Admin\Model\MemberPriceModel

[ 2017-08-28T14:15:12+08:00 ] 127.0.0.1 /index.php/Home/Index/displayHistory/id/105.html
INFO: [ app_begin ] --START--
INFO: Run Behavior\ReadHtmlCacheBehavior [ RunTime:0.000977s ]
INFO: [ app_begin ] --END-- [ RunTime:0.001422s ]
SQL: DESCRIBE p39_category [ RunTime:0.007325s ]
SQL: SELECT * FROM `p39_category`  [ RunTime:0.000445s ]
SQL: DESCRIBE p39_goods [ RunTime:0.007794s ]
SQL: SELECT `id`,`goods_name`,`sm_logo` FROM `p39_goods` WHERE `id` IN ('105','95') AND `is_on_sale` = '是' ORDER BY FIELD(id,105,95) LIMIT 6   [ RunTime:0.000607s ]
INFO: [ app_end ] --START--
INFO: Run Behavior\ShowPageTraceBehavior [ RunTime:0.001030s ]
INFO: [ app_end ] --END-- [ RunTime:0.001109s ]

[ 2017-08-28T14:15:13+08:00 ] 127.0.0.1 /index.php/Home/Index/ajaxGetMemberPrice/goods_id/105.html
INFO: [ app_begin ] --START--
INFO: Run Behavior\ReadHtmlCacheBehavior [ RunTime:0.001367s ]
INFO: [ app_begin ] --END-- [ RunTime:0.001851s ]
SQL: DESCRIBE p39_category [ RunTime:0.008488s ]
SQL: SELECT * FROM `p39_category`  [ RunTime:0.000358s ]
SQL: DESCRIBE p39_goods [ RunTime:0.007206s ]
SQL: SELECT `promote_price` FROM `p39_goods` WHERE `promote_start_date` <= '2017-08-28 14:15' AND `promote_end_date` >= '2017-08-28 14:15' AND `id` = '105' LIMIT 1   [ RunTime:0.000298s ]
SQL: SELECT `shop_price` FROM `p39_goods` WHERE `id` = 105 LIMIT 1   [ RunTime:0.000219s ]
INFO: [ app_end ] --START--
INFO: Run Behavior\ShowPageTraceBehavior [ RunTime:0.000613s ]
INFO: [ app_end ] --END-- [ RunTime:0.000646s ]

[ 2017-08-28T14:15:13+08:00 ] 127.0.0.1 /index.php/Home/Member/ajaxChkLogin.html
INFO: [ app_begin ] --START--
INFO: Run Behavior\ReadHtmlCacheBehavior [ RunTime:0.000890s ]
INFO: [ app_begin ] --END-- [ RunTime:0.001908s ]
INFO: [ app_end ] --START--
INFO: Run Behavior\ShowPageTraceBehavior [ RunTime:0.001123s ]
INFO: [ app_end ] --END-- [ RunTime:0.001178s ]

[ 2017-08-28T14:15:18+08:00 ] 127.0.0.1 /index.php/Home/Cart/add.html
NOTIC: D方法实例化没找到模型类Admin\Model\GoodsNumberModel

[ 2017-08-28T14:18:36+08:00 ] 127.0.0.1 /index.php/Home/Index/goods/id/106.html
NOTIC: D方法实例化没找到模型类Admin\Model\GoodsAttrModel
NOTIC: D方法实例化没找到模型类Admin\Model\GoodsPicModel
NOTIC: D方法实例化没找到模型类Admin\Model\MemberPriceModel

[ 2017-08-28T14:18:38+08:00 ] 127.0.0.1 /index.php/Home/Index/displayHistory/id/106.html
INFO: [ app_begin ] --START--
INFO: Run Behavior\ReadHtmlCacheBehavior [ RunTime:0.000999s ]
INFO: [ app_begin ] --END-- [ RunTime:0.001421s ]
SQL: DESCRIBE p39_category [ RunTime:0.009634s ]
SQL: SELECT * FROM `p39_category`  [ RunTime:0.000440s ]
SQL: DESCRIBE p39_goods [ RunTime:0.006847s ]
SQL: SELECT `id`,`goods_name`,`sm_logo` FROM `p39_goods` WHERE `id` IN ('106','105','95') AND `is_on_sale` = '是' ORDER BY FIELD(id,106,105,95) LIMIT 6   [ RunTime:0.000330s ]
INFO: [ app_end ] --START--
INFO: Run Behavior\ShowPageTraceBehavior [ RunTime:0.000694s ]
INFO: [ app_end ] --END-- [ RunTime:0.000747s ]

[ 2017-08-28T14:18:38+08:00 ] 127.0.0.1 /index.php/Home/Member/ajaxChkLogin.html
INFO: [ app_begin ] --START--
INFO: Run Behavior\ReadHtmlCacheBehavior [ RunTime:0.000885s ]
INFO: [ app_begin ] --END-- [ RunTime:0.001338s ]
INFO: [ app_end ] --START--
INFO: Run Behavior\ShowPageTraceBehavior [ RunTime:0.001068s ]
INFO: [ app_end ] --END-- [ RunTime:0.001135s ]

[ 2017-08-28T14:18:39+08:00 ] 127.0.0.1 /index.php/Home/Index/ajaxGetMemberPrice/goods_id/106.html
INFO: [ app_begin ] --START--
INFO: Run Behavior\ReadHtmlCacheBehavior [ RunTime:0.001007s ]
INFO: [ app_begin ] --END-- [ RunTime:0.002672s ]
SQL: DESCRIBE p39_category [ RunTime:0.013328s ]
SQL: SELECT * FROM `p39_category`  [ RunTime:0.000684s ]
SQL: DESCRIBE p39_goods [ RunTime:0.012750s ]
SQL: SELECT `promote_price` FROM `p39_goods` WHERE `promote_start_date` <= '2017-08-28 14:18' AND `promote_end_date` >= '2017-08-28 14:18' AND `id` = '106' LIMIT 1   [ RunTime:0.000471s ]
SQL: SELECT `shop_price` FROM `p39_goods` WHERE `id` = 106 LIMIT 1   [ RunTime:0.000405s ]
INFO: [ app_end ] --START--
INFO: Run Behavior\ShowPageTraceBehavior [ RunTime:0.001173s ]
INFO: [ app_end ] --END-- [ RunTime:0.001244s ]

[ 2017-08-28T14:19:07+08:00 ] 127.0.0.1 /index.php/Home/Index/goods/id/105.html
NOTIC: D方法实例化没找到模型类Admin\Model\GoodsAttrModel
NOTIC: D方法实例化没找到模型类Admin\Model\GoodsPicModel
NOTIC: D方法实例化没找到模型类Admin\Model\MemberPriceModel

[ 2017-08-28T14:19:08+08:00 ] 127.0.0.1 /index.php/Home/Index/displayHistory/id/105.html
INFO: [ app_begin ] --START--
INFO: Run Behavior\ReadHtmlCacheBehavior [ RunTime:0.000643s ]
INFO: [ app_begin ] --END-- [ RunTime:0.001040s ]
SQL: DESCRIBE p39_category [ RunTime:0.008688s ]
SQL: SELECT * FROM `p39_category`  [ RunTime:0.000354s ]
SQL: DESCRIBE p39_goods [ RunTime:0.007411s ]
SQL: SELECT `id`,`goods_name`,`sm_logo` FROM `p39_goods` WHERE `id` IN ('105','106','95') AND `is_on_sale` = '是' ORDER BY FIELD(id,105,106,95) LIMIT 6   [ RunTime:0.000438s ]
INFO: [ app_end ] --START--
INFO: Run Behavior\ShowPageTraceBehavior [ RunTime:0.001418s ]
INFO: [ app_end ] --END-- [ RunTime:0.001483s ]

[ 2017-08-28T14:19:09+08:00 ] 127.0.0.1 /index.php/Home/Index/ajaxGetMemberPrice/goods_id/105.html
INFO: [ app_begin ] --START--
INFO: Run Behavior\ReadHtmlCacheBehavior [ RunTime:0.000743s ]
INFO: [ app_begin ] --END-- [ RunTime:0.001223s ]
SQL: DESCRIBE p39_category [ RunTime:0.007526s ]
SQL: SELECT * FROM `p39_category`  [ RunTime:0.000484s ]
SQL: DESCRIBE p39_goods [ RunTime:0.009621s ]
SQL: SELECT `promote_price` FROM `p39_goods` WHERE `promote_start_date` <= '2017-08-28 14:19' AND `promote_end_date` >= '2017-08-28 14:19' AND `id` = '105' LIMIT 1   [ RunTime:0.000472s ]
SQL: SELECT `shop_price` FROM `p39_goods` WHERE `id` = 105 LIMIT 1   [ RunTime:0.000297s ]
INFO: [ app_end ] --START--
INFO: Run Behavior\ShowPageTraceBehavior [ RunTime:0.000661s ]
INFO: [ app_end ] --END-- [ RunTime:0.000703s ]

[ 2017-08-28T14:19:09+08:00 ] 127.0.0.1 /index.php/Home/Member/ajaxChkLogin.html
INFO: [ app_begin ] --START--
INFO: Run Behavior\ReadHtmlCacheBehavior [ RunTime:0.000875s ]
INFO: [ app_begin ] --END-- [ RunTime:0.001349s ]
INFO: [ app_end ] --START--
INFO: Run Behavior\ShowPageTraceBehavior [ RunTime:0.000977s ]
INFO: [ app_end ] --END-- [ RunTime:0.001061s ]

[ 2017-08-28T14:19:23+08:00 ] 127.0.0.1 /index.php/Home/Cart/add.html
NOTIC: D方法实例化没找到模型类Admin\Model\GoodsNumberModel

[ 2017-08-28T14:19:45+08:00 ] 127.0.0.1 /index.php/Home/Member/ajaxChkLogin.html
INFO: [ app_begin ] --START--
INFO: Run Behavior\ReadHtmlCacheBehavior [ RunTime:0.000830s ]
INFO: [ app_begin ] --END-- [ RunTime:0.001268s ]
INFO: [ app_end ] --START--
INFO: Run Behavior\ShowPageTraceBehavior [ RunTime:0.000768s ]
INFO: [ app_end ] --END-- [ RunTime:0.000852s ]

[ 2017-08-28T14:20:00+08:00 ] 127.0.0.1 /index.php/Home/Member/ajaxChkLogin.html
INFO: [ app_begin ] --START--
INFO: Run Behavior\ReadHtmlCacheBehavior [ RunTime:0.000871s ]
INFO: [ app_begin ] --END-- [ RunTime:0.001444s ]
INFO: [ app_end ] --START--
INFO: Run Behavior\ShowPageTraceBehavior [ RunTime:0.000736s ]
INFO: [ app_end ] --END-- [ RunTime:0.000823s ]

[ 2017-08-28T14:20:04+08:00 ] 127.0.0.1 /index.php/Home/Index/goods/id/105.html
NOTIC: D方法实例化没找到模型类Admin\Model\GoodsAttrModel
NOTIC: D方法实例化没找到模型类Admin\Model\GoodsPicModel
NOTIC: D方法实例化没找到模型类Admin\Model\MemberPriceModel

[ 2017-08-28T14:20:05+08:00 ] 127.0.0.1 /index.php/Home/Index/ajaxGetMemberPrice/goods_id/105.html
INFO: [ app_begin ] --START--
INFO: Run Behavior\ReadHtmlCacheBehavior [ RunTime:0.000735s ]
INFO: [ app_begin ] --END-- [ RunTime:0.001104s ]
SQL: DESCRIBE p39_category [ RunTime:0.015427s ]
SQL: SELECT * FROM `p39_category`  [ RunTime:0.000513s ]
SQL: DESCRIBE p39_goods [ RunTime:0.011020s ]
SQL: SELECT `promote_price` FROM `p39_goods` WHERE `promote_start_date` <= '2017-08-28 14:20' AND `promote_end_date` >= '2017-08-28 14:20' AND `id` = '105' LIMIT 1   [ RunTime:0.000453s ]
NOTIC: D方法实例化没找到模型类Admin\Model\MemberPriceModel
SQL: DESCRIBE p39_member_price [ RunTime:0.016961s ]
SQL: SELECT `price` FROM `p39_member_price` WHERE `level_id` = '1' AND `goods_id` = '105' LIMIT 1   [ RunTime:0.000778s ]
INFO: [ app_end ] --START--
INFO: Run Behavior\ShowPageTraceBehavior [ RunTime:0.000803s ]
INFO: [ app_end ] --END-- [ RunTime:0.000855s ]

[ 2017-08-28T14:20:06+08:00 ] 127.0.0.1 /index.php/Home/Index/displayHistory/id/105.html
INFO: [ app_begin ] --START--
INFO: Run Behavior\ReadHtmlCacheBehavior [ RunTime:0.000842s ]
INFO: [ app_begin ] --END-- [ RunTime:0.001255s ]
SQL: DESCRIBE p39_category [ RunTime:0.007758s ]
SQL: SELECT * FROM `p39_category`  [ RunTime:0.000380s ]
SQL: DESCRIBE p39_goods [ RunTime:0.006350s ]
SQL: SELECT `id`,`goods_name`,`sm_logo` FROM `p39_goods` WHERE `id` IN ('105','106','95') AND `is_on_sale` = '是' ORDER BY FIELD(id,105,106,95) LIMIT 6   [ RunTime:0.000406s ]
INFO: [ app_end ] --START--
INFO: Run Behavior\ShowPageTraceBehavior [ RunTime:0.000788s ]
INFO: [ app_end ] --END-- [ RunTime:0.000843s ]

[ 2017-08-28T14:20:06+08:00 ] 127.0.0.1 /index.php/Home/Member/ajaxChkLogin.html
INFO: [ app_begin ] --START--
INFO: Run Behavior\ReadHtmlCacheBehavior [ RunTime:0.000753s ]
INFO: [ app_begin ] --END-- [ RunTime:0.001090s ]
INFO: [ app_end ] --START--
INFO: Run Behavior\ShowPageTraceBehavior [ RunTime:0.000772s ]
INFO: [ app_end ] --END-- [ RunTime:0.000849s ]

[ 2017-08-28T14:20:09+08:00 ] 127.0.0.1 /index.php/Home/Cart/add.html
NOTIC: D方法实例化没找到模型类Admin\Model\GoodsNumberModel

[ 2017-08-28T14:23:22+08:00 ] 127.0.0.1 /index.php/Home/Index/goods/id/105.html
NOTIC: D方法实例化没找到模型类Admin\Model\GoodsAttrModel
NOTIC: D方法实例化没找到模型类Admin\Model\GoodsPicModel
NOTIC: D方法实例化没找到模型类Admin\Model\MemberPriceModel

[ 2017-08-28T14:23:24+08:00 ] 127.0.0.1 /index.php/Home/Index/displayHistory/id/105.html
INFO: [ app_begin ] --START--
INFO: Run Behavior\ReadHtmlCacheBehavior [ RunTime:0.000927s ]
INFO: [ app_begin ] --END-- [ RunTime:0.001333s ]
SQL: DESCRIBE p39_category [ RunTime:0.025802s ]
SQL: SELECT * FROM `p39_category`  [ RunTime:0.000616s ]
SQL: DESCRIBE p39_goods [ RunTime:0.010420s ]
SQL: SELECT `id`,`goods_name`,`sm_logo` FROM `p39_goods` WHERE `id` IN ('105','106','95') AND `is_on_sale` = '是' ORDER BY FIELD(id,105,106,95) LIMIT 6   [ RunTime:0.001606s ]
INFO: [ app_end ] --START--
INFO: Run Behavior\ShowPageTraceBehavior [ RunTime:0.001109s ]
INFO: [ app_end ] --END-- [ RunTime:0.001185s ]

[ 2017-08-28T14:23:25+08:00 ] 127.0.0.1 /index.php/Home/Index/ajaxGetMemberPrice/goods_id/105.html
INFO: [ app_begin ] --START--
INFO: Run Behavior\ReadHtmlCacheBehavior [ RunTime:0.001253s ]
INFO: [ app_begin ] --END-- [ RunTime:0.001770s ]
SQL: DESCRIBE p39_category [ RunTime:0.021285s ]
SQL: SELECT * FROM `p39_category`  [ RunTime:0.001217s ]
SQL: DESCRIBE p39_goods [ RunTime:0.011962s ]
SQL: SELECT `promote_price` FROM `p39_goods` WHERE `promote_start_date` <= '2017-08-28 14:23' AND `promote_end_date` >= '2017-08-28 14:23' AND `id` = '105' LIMIT 1   [ RunTime:0.000404s ]
NOTIC: D方法实例化没找到模型类Admin\Model\MemberPriceModel
SQL: DESCRIBE p39_member_price [ RunTime:0.008493s ]
SQL: SELECT `price` FROM `p39_member_price` WHERE `level_id` = '1' AND `goods_id` = '105' LIMIT 1   [ RunTime:0.000632s ]
INFO: [ app_end ] --START--
INFO: Run Behavior\ShowPageTraceBehavior [ RunTime:0.000802s ]
INFO: [ app_end ] --END-- [ RunTime:0.000863s ]

[ 2017-08-28T14:23:25+08:00 ] 127.0.0.1 /index.php/Home/Member/ajaxChkLogin.html
INFO: [ app_begin ] --START--
INFO: Run Behavior\ReadHtmlCacheBehavior [ RunTime:0.000768s ]
INFO: [ app_begin ] --END-- [ RunTime:0.001211s ]
INFO: [ app_end ] --START--
INFO: Run Behavior\ShowPageTraceBehavior [ RunTime:0.000898s ]
INFO: [ app_end ] --END-- [ RunTime:0.000978s ]

[ 2017-08-28T14:23:28+08:00 ] 127.0.0.1 /index.php/Home/Cart/add.html
NOTIC: D方法实例化没找到模型类Admin\Model\GoodsNumberModel

[ 2017-08-28T14:25:28+08:00 ] 127.0.0.1 /index.php/Home/Index/displayHistory/id/105.html
INFO: [ app_begin ] --START--
INFO: Run Behavior\ReadHtmlCacheBehavior [ RunTime:0.000803s ]
INFO: [ app_begin ] --END-- [ RunTime:0.001212s ]
SQL: DESCRIBE p39_category [ RunTime:0.006367s ]
SQL: SELECT * FROM `p39_category`  [ RunTime:0.000319s ]
SQL: DESCRIBE p39_goods [ RunTime:0.006699s ]
SQL: SELECT `id`,`goods_name`,`sm_logo` FROM `p39_goods` WHERE `id` IN ('105','106','95') AND `is_on_sale` = '是' ORDER BY FIELD(id,105,106,95) LIMIT 6   [ RunTime:0.000375s ]
INFO: [ app_end ] --START--
INFO: Run Behavior\ShowPageTraceBehavior [ RunTime:0.000718s ]
INFO: [ app_end ] --END-- [ RunTime:0.000758s ]

[ 2017-08-28T14:25:29+08:00 ] 127.0.0.1 /index.php/Home/Index/ajaxGetMemberPrice/goods_id/105.html
INFO: [ app_begin ] --START--
INFO: Run Behavior\ReadHtmlCacheBehavior [ RunTime:0.000886s ]
INFO: [ app_begin ] --END-- [ RunTime:0.001288s ]
SQL: DESCRIBE p39_category [ RunTime:0.009282s ]
SQL: SELECT * FROM `p39_category`  [ RunTime:0.000423s ]
SQL: DESCRIBE p39_goods [ RunTime:0.006917s ]
SQL: SELECT `promote_price` FROM `p39_goods` WHERE `promote_start_date` <= '2017-08-28 14:25' AND `promote_end_date` >= '2017-08-28 14:25' AND `id` = '105' LIMIT 1   [ RunTime:0.000546s ]
NOTIC: D方法实例化没找到模型类Admin\Model\MemberPriceModel
SQL: DESCRIBE p39_member_price [ RunTime:0.007089s ]
SQL: SELECT `price` FROM `p39_member_price` WHERE `level_id` = '1' AND `goods_id` = '105' LIMIT 1   [ RunTime:0.000704s ]
INFO: [ app_end ] --START--
INFO: Run Behavior\ShowPageTraceBehavior [ RunTime:0.000832s ]
INFO: [ app_end ] --END-- [ RunTime:0.000886s ]

[ 2017-08-28T14:25:29+08:00 ] 127.0.0.1 /index.php/Home/Member/ajaxChkLogin.html
INFO: [ app_begin ] --START--
INFO: Run Behavior\ReadHtmlCacheBehavior [ RunTime:0.001154s ]
INFO: [ app_begin ] --END-- [ RunTime:0.001648s ]
INFO: [ app_end ] --START--
INFO: Run Behavior\ShowPageTraceBehavior [ RunTime:0.001033s ]
INFO: [ app_end ] --END-- [ RunTime:0.001105s ]

[ 2017-08-28T14:25:32+08:00 ] 127.0.0.1 /index.php/Home/Cart/add.html
NOTIC: D方法实例化没找到模型类Admin\Model\GoodsNumberModel

[ 2017-08-28T14:51:21+08:00 ] 127.0.0.1 /index.php/Home/Member/ajaxChkLogin.html
INFO: [ app_begin ] --START--
INFO: Run Behavior\ReadHtmlCacheBehavior [ RunTime:0.000878s ]
INFO: [ app_begin ] --END-- [ RunTime:0.001491s ]
INFO: [ app_end ] --START--
INFO: Run Behavior\ShowPageTraceBehavior [ RunTime:0.000754s ]
INFO: [ app_end ] --END-- [ RunTime:0.001068s ]

[ 2017-08-28T14:51:25+08:00 ] 127.0.0.1 /index.php/Home/Member/ajaxChkLogin.html
INFO: [ app_begin ] --START--
INFO: Run Behavior\ReadHtmlCacheBehavior [ RunTime:0.000741s ]
INFO: [ app_begin ] --END-- [ RunTime:0.001246s ]
INFO: [ app_end ] --START--
INFO: Run Behavior\ShowPageTraceBehavior [ RunTime:0.000714s ]
INFO: [ app_end ] --END-- [ RunTime:0.000773s ]

[ 2017-08-28T14:51:32+08:00 ] 127.0.0.1 /index.php/Home/Index/goods/id/105.html
NOTIC: D方法实例化没找到模型类Admin\Model\GoodsAttrModel
NOTIC: D方法实例化没找到模型类Admin\Model\GoodsPicModel
NOTIC: D方法实例化没找到模型类Admin\Model\MemberPriceModel

[ 2017-08-28T14:51:33+08:00 ] 127.0.0.1 /index.php/Home/Index/displayHistory/id/105.html
INFO: [ app_begin ] --START--
INFO: Run Behavior\ReadHtmlCacheBehavior [ RunTime:0.000753s ]
INFO: [ app_begin ] --END-- [ RunTime:0.001101s ]
SQL: DESCRIBE p39_category [ RunTime:0.007745s ]
SQL: SELECT * FROM `p39_category`  [ RunTime:0.000666s ]
SQL: DESCRIBE p39_goods [ RunTime:0.008381s ]
SQL: SELECT `id`,`goods_name`,`sm_logo` FROM `p39_goods` WHERE `id` IN ('105','106','95') AND `is_on_sale` = '是' ORDER BY FIELD(id,105,106,95) LIMIT 6   [ RunTime:0.002506s ]
INFO: [ app_end ] --START--
INFO: Run Behavior\ShowPageTraceBehavior [ RunTime:0.003442s ]
INFO: [ app_end ] --END-- [ RunTime:0.003808s ]

[ 2017-08-28T14:51:34+08:00 ] 127.0.0.1 /index.php/Home/Index/ajaxGetMemberPrice/goods_id/105.html
INFO: [ app_begin ] --START--
INFO: Run Behavior\ReadHtmlCacheBehavior [ RunTime:0.000814s ]
INFO: [ app_begin ] --END-- [ RunTime:0.001161s ]
SQL: DESCRIBE p39_category [ RunTime:0.006305s ]
SQL: SELECT * FROM `p39_category`  [ RunTime:0.000345s ]
SQL: DESCRIBE p39_goods [ RunTime:0.007086s ]
SQL: SELECT `promote_price` FROM `p39_goods` WHERE `promote_start_date` <= '2017-08-28 14:51' AND `promote_end_date` >= '2017-08-28 14:51' AND `id` = '105' LIMIT 1   [ RunTime:0.000334s ]
SQL: SELECT `shop_price` FROM `p39_goods` WHERE `id` = 105 LIMIT 1   [ RunTime:0.000231s ]
INFO: [ app_end ] --START--
INFO: Run Behavior\ShowPageTraceBehavior [ RunTime:0.000583s ]
INFO: [ app_end ] --END-- [ RunTime:0.000615s ]

[ 2017-08-28T14:51:34+08:00 ] 127.0.0.1 /index.php/Home/Member/ajaxChkLogin.html
INFO: [ app_begin ] --START--
INFO: Run Behavior\ReadHtmlCacheBehavior [ RunTime:0.000821s ]
INFO: [ app_begin ] --END-- [ RunTime:0.001284s ]
INFO: [ app_end ] --START--
INFO: Run Behavior\ShowPageTraceBehavior [ RunTime:0.000972s ]
INFO: [ app_end ] --END-- [ RunTime:0.001040s ]

[ 2017-08-28T14:51:36+08:00 ] 127.0.0.1 /index.php/Home/Cart/add.html
NOTIC: D方法实例化没找到模型类Admin\Model\GoodsNumberModel

[ 2017-08-28T14:51:44+08:00 ] 127.0.0.1 /index.php/Home/Member/ajaxChkLogin.html
INFO: [ app_begin ] --START--
INFO: Run Behavior\ReadHtmlCacheBehavior [ RunTime:0.000905s ]
INFO: [ app_begin ] --END-- [ RunTime:0.001438s ]
INFO: [ app_end ] --START--
INFO: Run Behavior\ShowPageTraceBehavior [ RunTime:0.000709s ]
INFO: [ app_end ] --END-- [ RunTime:0.000826s ]

[ 2017-08-28T14:51:53+08:00 ] 127.0.0.1 /index.php/Home/Member/ajaxChkLogin.html
INFO: [ app_begin ] --START--
INFO: Run Behavior\ReadHtmlCacheBehavior [ RunTime:0.000844s ]
INFO: [ app_begin ] --END-- [ RunTime:0.001346s ]
INFO: [ app_end ] --START--
INFO: Run Behavior\ShowPageTraceBehavior [ RunTime:0.000731s ]
INFO: [ app_end ] --END-- [ RunTime:0.000813s ]

